[2022-05-26 09:49:38,068] {scheduler_job.py:181} INFO - Started process (PID=319) to work on /home/airflow/.local/lib/python3.6/site-packages/airflow/example_dags/example_bash_operator.py
[2022-05-26 09:49:38,072] {scheduler_job.py:632} INFO - Processing file /home/airflow/.local/lib/python3.6/site-packages/airflow/example_dags/example_bash_operator.py for tasks to queue
[2022-05-26 09:49:38,078] {logging_mixin.py:104} INFO - [2022-05-26 09:49:38,078] {dagbag.py:496} INFO - Filling up the DagBag from /home/airflow/.local/lib/python3.6/site-packages/airflow/example_dags/example_bash_operator.py
[2022-05-26 09:49:38,121] {scheduler_job.py:642} INFO - DAG(s) dict_keys(['example_bash_operator']) retrieved from /home/airflow/.local/lib/python3.6/site-packages/airflow/example_dags/example_bash_operator.py
[2022-05-26 09:49:44,162] {logging_mixin.py:104} INFO - [2022-05-26 09:49:44,162] {opentelemetry_tracing.py:29} INFO - This service is instrumented using OpenTelemetry. OpenTelemetry could not be imported; please add opentelemetry-api and opentelemetry-instrumentation packages in order to get BigQuery Tracing data.
[2022-05-26 09:49:45,701] {logging_mixin.py:104} INFO - [2022-05-26 09:49:45,680] {dag.py:1833} INFO - Sync 1 DAGs
[2022-05-26 09:49:45,921] {logging_mixin.py:104} INFO - [2022-05-26 09:49:45,909] {dag.py:1852} INFO - Creating ORM DAG for example_bash_operator
[2022-05-26 09:49:45,963] {logging_mixin.py:104} INFO - [2022-05-26 09:49:45,952] {dag.py:2306} INFO - Setting next_dagrun for example_bash_operator to 2022-05-24 00:00:00+00:00
[2022-05-26 09:49:46,004] {scheduler_job.py:189} INFO - Processing /home/airflow/.local/lib/python3.6/site-packages/airflow/example_dags/example_bash_operator.py took 7.943 seconds
[2022-05-26 09:51:45,751] {scheduler_job.py:181} INFO - Started process (PID=466) to work on /home/airflow/.local/lib/python3.6/site-packages/airflow/example_dags/example_bash_operator.py
[2022-05-26 09:51:45,767] {scheduler_job.py:632} INFO - Processing file /home/airflow/.local/lib/python3.6/site-packages/airflow/example_dags/example_bash_operator.py for tasks to queue
[2022-05-26 09:51:45,783] {logging_mixin.py:104} INFO - [2022-05-26 09:51:45,783] {dagbag.py:496} INFO - Filling up the DagBag from /home/airflow/.local/lib/python3.6/site-packages/airflow/example_dags/example_bash_operator.py
[2022-05-26 09:51:46,053] {scheduler_job.py:642} INFO - DAG(s) dict_keys(['example_bash_operator']) retrieved from /home/airflow/.local/lib/python3.6/site-packages/airflow/example_dags/example_bash_operator.py
[2022-05-26 09:51:46,251] {logging_mixin.py:104} INFO - [2022-05-26 09:51:46,251] {dag.py:1833} INFO - Sync 1 DAGs
[2022-05-26 09:51:46,334] {logging_mixin.py:104} INFO - [2022-05-26 09:51:46,334] {dag.py:2306} INFO - Setting next_dagrun for example_bash_operator to 2022-05-24 00:00:00+00:00
[2022-05-26 09:51:46,374] {scheduler_job.py:189} INFO - Processing /home/airflow/.local/lib/python3.6/site-packages/airflow/example_dags/example_bash_operator.py took 0.643 seconds
[2022-05-26 09:52:17,113] {scheduler_job.py:181} INFO - Started process (PID=518) to work on /home/airflow/.local/lib/python3.6/site-packages/airflow/example_dags/example_bash_operator.py
[2022-05-26 09:52:17,120] {scheduler_job.py:632} INFO - Processing file /home/airflow/.local/lib/python3.6/site-packages/airflow/example_dags/example_bash_operator.py for tasks to queue
[2022-05-26 09:52:17,125] {logging_mixin.py:104} INFO - [2022-05-26 09:52:17,125] {dagbag.py:496} INFO - Filling up the DagBag from /home/airflow/.local/lib/python3.6/site-packages/airflow/example_dags/example_bash_operator.py
[2022-05-26 09:52:17,206] {scheduler_job.py:642} INFO - DAG(s) dict_keys(['example_bash_operator']) retrieved from /home/airflow/.local/lib/python3.6/site-packages/airflow/example_dags/example_bash_operator.py
[2022-05-26 09:52:17,319] {logging_mixin.py:104} INFO - [2022-05-26 09:52:17,319] {dag.py:1833} INFO - Sync 1 DAGs
[2022-05-26 09:52:17,381] {logging_mixin.py:104} INFO - [2022-05-26 09:52:17,376] {dag.py:2306} INFO - Setting next_dagrun for example_bash_operator to 2022-05-24 00:00:00+00:00
[2022-05-26 09:52:17,434] {scheduler_job.py:189} INFO - Processing /home/airflow/.local/lib/python3.6/site-packages/airflow/example_dags/example_bash_operator.py took 0.338 seconds
[2022-05-26 09:52:48,267] {scheduler_job.py:181} INFO - Started process (PID=574) to work on /home/airflow/.local/lib/python3.6/site-packages/airflow/example_dags/example_bash_operator.py
[2022-05-26 09:52:48,283] {scheduler_job.py:632} INFO - Processing file /home/airflow/.local/lib/python3.6/site-packages/airflow/example_dags/example_bash_operator.py for tasks to queue
[2022-05-26 09:52:48,287] {logging_mixin.py:104} INFO - [2022-05-26 09:52:48,287] {dagbag.py:496} INFO - Filling up the DagBag from /home/airflow/.local/lib/python3.6/site-packages/airflow/example_dags/example_bash_operator.py
[2022-05-26 09:52:48,382] {scheduler_job.py:642} INFO - DAG(s) dict_keys(['example_bash_operator']) retrieved from /home/airflow/.local/lib/python3.6/site-packages/airflow/example_dags/example_bash_operator.py
[2022-05-26 09:52:48,498] {logging_mixin.py:104} INFO - [2022-05-26 09:52:48,497] {dag.py:1833} INFO - Sync 1 DAGs
[2022-05-26 09:52:48,596] {logging_mixin.py:104} INFO - [2022-05-26 09:52:48,596] {dag.py:2306} INFO - Setting next_dagrun for example_bash_operator to 2022-05-24 00:00:00+00:00
[2022-05-26 09:52:48,658] {scheduler_job.py:189} INFO - Processing /home/airflow/.local/lib/python3.6/site-packages/airflow/example_dags/example_bash_operator.py took 0.414 seconds
[2022-05-26 09:53:19,017] {scheduler_job.py:181} INFO - Started process (PID=619) to work on /home/airflow/.local/lib/python3.6/site-packages/airflow/example_dags/example_bash_operator.py
[2022-05-26 09:53:19,023] {scheduler_job.py:632} INFO - Processing file /home/airflow/.local/lib/python3.6/site-packages/airflow/example_dags/example_bash_operator.py for tasks to queue
[2022-05-26 09:53:19,035] {logging_mixin.py:104} INFO - [2022-05-26 09:53:19,034] {dagbag.py:496} INFO - Filling up the DagBag from /home/airflow/.local/lib/python3.6/site-packages/airflow/example_dags/example_bash_operator.py
[2022-05-26 09:53:19,081] {scheduler_job.py:642} INFO - DAG(s) dict_keys(['example_bash_operator']) retrieved from /home/airflow/.local/lib/python3.6/site-packages/airflow/example_dags/example_bash_operator.py
[2022-05-26 09:53:19,135] {logging_mixin.py:104} INFO - [2022-05-26 09:53:19,134] {dag.py:1833} INFO - Sync 1 DAGs
[2022-05-26 09:53:19,194] {logging_mixin.py:104} INFO - [2022-05-26 09:53:19,194] {dag.py:2306} INFO - Setting next_dagrun for example_bash_operator to 2022-05-24 00:00:00+00:00
[2022-05-26 09:53:19,258] {scheduler_job.py:189} INFO - Processing /home/airflow/.local/lib/python3.6/site-packages/airflow/example_dags/example_bash_operator.py took 0.250 seconds
[2022-05-26 09:53:49,608] {scheduler_job.py:181} INFO - Started process (PID=674) to work on /home/airflow/.local/lib/python3.6/site-packages/airflow/example_dags/example_bash_operator.py
[2022-05-26 09:53:49,640] {scheduler_job.py:632} INFO - Processing file /home/airflow/.local/lib/python3.6/site-packages/airflow/example_dags/example_bash_operator.py for tasks to queue
[2022-05-26 09:53:49,643] {logging_mixin.py:104} INFO - [2022-05-26 09:53:49,643] {dagbag.py:496} INFO - Filling up the DagBag from /home/airflow/.local/lib/python3.6/site-packages/airflow/example_dags/example_bash_operator.py
[2022-05-26 09:53:49,713] {scheduler_job.py:642} INFO - DAG(s) dict_keys(['example_bash_operator']) retrieved from /home/airflow/.local/lib/python3.6/site-packages/airflow/example_dags/example_bash_operator.py
[2022-05-26 09:53:49,814] {logging_mixin.py:104} INFO - [2022-05-26 09:53:49,814] {dag.py:1833} INFO - Sync 1 DAGs
[2022-05-26 09:53:49,856] {logging_mixin.py:104} INFO - [2022-05-26 09:53:49,855] {dag.py:2306} INFO - Setting next_dagrun for example_bash_operator to 2022-05-24 00:00:00+00:00
[2022-05-26 09:53:49,884] {scheduler_job.py:189} INFO - Processing /home/airflow/.local/lib/python3.6/site-packages/airflow/example_dags/example_bash_operator.py took 0.327 seconds
[2022-05-26 09:54:20,596] {scheduler_job.py:181} INFO - Started process (PID=730) to work on /home/airflow/.local/lib/python3.6/site-packages/airflow/example_dags/example_bash_operator.py
[2022-05-26 09:54:20,668] {scheduler_job.py:632} INFO - Processing file /home/airflow/.local/lib/python3.6/site-packages/airflow/example_dags/example_bash_operator.py for tasks to queue
[2022-05-26 09:54:20,671] {logging_mixin.py:104} INFO - [2022-05-26 09:54:20,671] {dagbag.py:496} INFO - Filling up the DagBag from /home/airflow/.local/lib/python3.6/site-packages/airflow/example_dags/example_bash_operator.py
[2022-05-26 09:54:20,917] {scheduler_job.py:642} INFO - DAG(s) dict_keys(['example_bash_operator']) retrieved from /home/airflow/.local/lib/python3.6/site-packages/airflow/example_dags/example_bash_operator.py
[2022-05-26 09:54:21,185] {logging_mixin.py:104} INFO - [2022-05-26 09:54:21,184] {dag.py:1833} INFO - Sync 1 DAGs
[2022-05-26 09:54:21,386] {logging_mixin.py:104} INFO - [2022-05-26 09:54:21,386] {dag.py:2306} INFO - Setting next_dagrun for example_bash_operator to 2022-05-24 00:00:00+00:00
[2022-05-26 09:54:21,481] {scheduler_job.py:189} INFO - Processing /home/airflow/.local/lib/python3.6/site-packages/airflow/example_dags/example_bash_operator.py took 0.972 seconds
[2022-05-26 09:55:00,468] {scheduler_job.py:181} INFO - Started process (PID=781) to work on /home/airflow/.local/lib/python3.6/site-packages/airflow/example_dags/example_bash_operator.py
[2022-05-26 09:55:00,481] {scheduler_job.py:632} INFO - Processing file /home/airflow/.local/lib/python3.6/site-packages/airflow/example_dags/example_bash_operator.py for tasks to queue
[2022-05-26 09:55:00,495] {logging_mixin.py:104} INFO - [2022-05-26 09:55:00,495] {dagbag.py:496} INFO - Filling up the DagBag from /home/airflow/.local/lib/python3.6/site-packages/airflow/example_dags/example_bash_operator.py
[2022-05-26 09:55:00,597] {scheduler_job.py:642} INFO - DAG(s) dict_keys(['example_bash_operator']) retrieved from /home/airflow/.local/lib/python3.6/site-packages/airflow/example_dags/example_bash_operator.py
[2022-05-26 09:55:00,723] {logging_mixin.py:104} INFO - [2022-05-26 09:55:00,722] {dag.py:1833} INFO - Sync 1 DAGs
[2022-05-26 09:55:00,779] {logging_mixin.py:104} INFO - [2022-05-26 09:55:00,773] {dag.py:2306} INFO - Setting next_dagrun for example_bash_operator to 2022-05-24 00:00:00+00:00
[2022-05-26 09:55:00,829] {scheduler_job.py:189} INFO - Processing /home/airflow/.local/lib/python3.6/site-packages/airflow/example_dags/example_bash_operator.py took 0.390 seconds
[2022-05-26 09:55:33,412] {scheduler_job.py:181} INFO - Started process (PID=838) to work on /home/airflow/.local/lib/python3.6/site-packages/airflow/example_dags/example_bash_operator.py
[2022-05-26 09:55:33,419] {scheduler_job.py:632} INFO - Processing file /home/airflow/.local/lib/python3.6/site-packages/airflow/example_dags/example_bash_operator.py for tasks to queue
[2022-05-26 09:55:33,425] {logging_mixin.py:104} INFO - [2022-05-26 09:55:33,425] {dagbag.py:496} INFO - Filling up the DagBag from /home/airflow/.local/lib/python3.6/site-packages/airflow/example_dags/example_bash_operator.py
[2022-05-26 09:55:33,509] {scheduler_job.py:642} INFO - DAG(s) dict_keys(['example_bash_operator']) retrieved from /home/airflow/.local/lib/python3.6/site-packages/airflow/example_dags/example_bash_operator.py
[2022-05-26 09:55:33,611] {logging_mixin.py:104} INFO - [2022-05-26 09:55:33,610] {dag.py:1833} INFO - Sync 1 DAGs
[2022-05-26 09:55:33,673] {logging_mixin.py:104} INFO - [2022-05-26 09:55:33,673] {dag.py:2306} INFO - Setting next_dagrun for example_bash_operator to 2022-05-24 00:00:00+00:00
[2022-05-26 09:55:33,743] {scheduler_job.py:189} INFO - Processing /home/airflow/.local/lib/python3.6/site-packages/airflow/example_dags/example_bash_operator.py took 0.336 seconds
[2022-05-26 09:56:59,964] {scheduler_job.py:181} INFO - Started process (PID=917) to work on /home/airflow/.local/lib/python3.6/site-packages/airflow/example_dags/example_bash_operator.py
[2022-05-26 09:56:59,982] {scheduler_job.py:632} INFO - Processing file /home/airflow/.local/lib/python3.6/site-packages/airflow/example_dags/example_bash_operator.py for tasks to queue
[2022-05-26 09:57:00,000] {logging_mixin.py:104} INFO - [2022-05-26 09:56:59,999] {dagbag.py:496} INFO - Filling up the DagBag from /home/airflow/.local/lib/python3.6/site-packages/airflow/example_dags/example_bash_operator.py
[2022-05-26 09:57:00,882] {scheduler_job.py:642} INFO - DAG(s) dict_keys(['example_bash_operator']) retrieved from /home/airflow/.local/lib/python3.6/site-packages/airflow/example_dags/example_bash_operator.py
[2022-05-26 09:57:01,196] {logging_mixin.py:104} INFO - [2022-05-26 09:57:01,196] {dag.py:1833} INFO - Sync 1 DAGs
[2022-05-26 09:57:01,473] {logging_mixin.py:104} INFO - [2022-05-26 09:57:01,473] {dag.py:2306} INFO - Setting next_dagrun for example_bash_operator to 2022-05-24 00:00:00+00:00
[2022-05-26 09:57:01,788] {scheduler_job.py:189} INFO - Processing /home/airflow/.local/lib/python3.6/site-packages/airflow/example_dags/example_bash_operator.py took 1.886 seconds
[2022-05-26 09:58:14,747] {scheduler_job.py:181} INFO - Started process (PID=990) to work on /home/airflow/.local/lib/python3.6/site-packages/airflow/example_dags/example_bash_operator.py
[2022-05-26 09:58:14,780] {scheduler_job.py:632} INFO - Processing file /home/airflow/.local/lib/python3.6/site-packages/airflow/example_dags/example_bash_operator.py for tasks to queue
[2022-05-26 09:58:14,804] {logging_mixin.py:104} INFO - [2022-05-26 09:58:14,803] {dagbag.py:496} INFO - Filling up the DagBag from /home/airflow/.local/lib/python3.6/site-packages/airflow/example_dags/example_bash_operator.py
[2022-05-26 09:58:15,265] {scheduler_job.py:642} INFO - DAG(s) dict_keys(['example_bash_operator']) retrieved from /home/airflow/.local/lib/python3.6/site-packages/airflow/example_dags/example_bash_operator.py
[2022-05-26 09:58:15,843] {logging_mixin.py:104} INFO - [2022-05-26 09:58:15,843] {dag.py:1833} INFO - Sync 1 DAGs
[2022-05-26 09:58:16,729] {logging_mixin.py:104} INFO - [2022-05-26 09:58:16,729] {dag.py:2306} INFO - Setting next_dagrun for example_bash_operator to 2022-05-24 00:00:00+00:00
[2022-05-26 09:58:17,024] {scheduler_job.py:189} INFO - Processing /home/airflow/.local/lib/python3.6/site-packages/airflow/example_dags/example_bash_operator.py took 2.442 seconds
[2022-05-26 09:59:18,699] {scheduler_job.py:181} INFO - Started process (PID=1059) to work on /home/airflow/.local/lib/python3.6/site-packages/airflow/example_dags/example_bash_operator.py
[2022-05-26 09:59:18,723] {scheduler_job.py:632} INFO - Processing file /home/airflow/.local/lib/python3.6/site-packages/airflow/example_dags/example_bash_operator.py for tasks to queue
[2022-05-26 09:59:18,733] {logging_mixin.py:104} INFO - [2022-05-26 09:59:18,732] {dagbag.py:496} INFO - Filling up the DagBag from /home/airflow/.local/lib/python3.6/site-packages/airflow/example_dags/example_bash_operator.py
[2022-05-26 09:59:19,093] {scheduler_job.py:642} INFO - DAG(s) dict_keys(['example_bash_operator']) retrieved from /home/airflow/.local/lib/python3.6/site-packages/airflow/example_dags/example_bash_operator.py
[2022-05-26 09:59:19,451] {logging_mixin.py:104} INFO - [2022-05-26 09:59:19,451] {dag.py:1833} INFO - Sync 1 DAGs
[2022-05-26 09:59:19,583] {logging_mixin.py:104} INFO - [2022-05-26 09:59:19,583] {dag.py:2306} INFO - Setting next_dagrun for example_bash_operator to 2022-05-24 00:00:00+00:00
[2022-05-26 09:59:19,695] {scheduler_job.py:189} INFO - Processing /home/airflow/.local/lib/python3.6/site-packages/airflow/example_dags/example_bash_operator.py took 1.013 seconds
[2022-05-26 10:01:02,039] {scheduler_job.py:181} INFO - Started process (PID=1130) to work on /home/airflow/.local/lib/python3.6/site-packages/airflow/example_dags/example_bash_operator.py
[2022-05-26 10:01:02,060] {scheduler_job.py:632} INFO - Processing file /home/airflow/.local/lib/python3.6/site-packages/airflow/example_dags/example_bash_operator.py for tasks to queue
[2022-05-26 10:01:02,076] {logging_mixin.py:104} INFO - [2022-05-26 10:01:02,074] {dagbag.py:496} INFO - Filling up the DagBag from /home/airflow/.local/lib/python3.6/site-packages/airflow/example_dags/example_bash_operator.py
[2022-05-26 10:01:03,866] {scheduler_job.py:642} INFO - DAG(s) dict_keys(['example_bash_operator']) retrieved from /home/airflow/.local/lib/python3.6/site-packages/airflow/example_dags/example_bash_operator.py
[2022-05-26 10:01:08,768] {logging_mixin.py:104} INFO - [2022-05-26 10:01:08,734] {dag.py:1833} INFO - Sync 1 DAGs
[2022-05-26 10:01:18,228] {logging_mixin.py:104} INFO - [2022-05-26 10:01:18,227] {dag.py:2306} INFO - Setting next_dagrun for example_bash_operator to 2022-05-24 00:00:00+00:00
[2022-05-26 10:01:19,230] {scheduler_job.py:189} INFO - Processing /home/airflow/.local/lib/python3.6/site-packages/airflow/example_dags/example_bash_operator.py took 17.261 seconds
[2022-05-26 10:03:46,273] {scheduler_job.py:181} INFO - Started process (PID=1248) to work on /home/airflow/.local/lib/python3.6/site-packages/airflow/example_dags/example_bash_operator.py
[2022-05-26 10:03:46,355] {scheduler_job.py:632} INFO - Processing file /home/airflow/.local/lib/python3.6/site-packages/airflow/example_dags/example_bash_operator.py for tasks to queue
[2022-05-26 10:03:46,373] {logging_mixin.py:104} INFO - [2022-05-26 10:03:46,372] {dagbag.py:496} INFO - Filling up the DagBag from /home/airflow/.local/lib/python3.6/site-packages/airflow/example_dags/example_bash_operator.py
[2022-05-26 10:03:46,898] {scheduler_job.py:642} INFO - DAG(s) dict_keys(['example_bash_operator']) retrieved from /home/airflow/.local/lib/python3.6/site-packages/airflow/example_dags/example_bash_operator.py
[2022-05-26 10:03:47,424] {logging_mixin.py:104} INFO - [2022-05-26 10:03:47,424] {dag.py:1833} INFO - Sync 1 DAGs
[2022-05-26 10:03:48,296] {logging_mixin.py:104} INFO - [2022-05-26 10:03:48,295] {dag.py:2306} INFO - Setting next_dagrun for example_bash_operator to 2022-05-24 00:00:00+00:00
[2022-05-26 10:03:48,564] {scheduler_job.py:189} INFO - Processing /home/airflow/.local/lib/python3.6/site-packages/airflow/example_dags/example_bash_operator.py took 2.370 seconds
[2022-05-26 10:05:14,514] {scheduler_job.py:181} INFO - Started process (PID=1332) to work on /home/airflow/.local/lib/python3.6/site-packages/airflow/example_dags/example_bash_operator.py
[2022-05-26 10:05:14,556] {scheduler_job.py:632} INFO - Processing file /home/airflow/.local/lib/python3.6/site-packages/airflow/example_dags/example_bash_operator.py for tasks to queue
[2022-05-26 10:05:14,564] {logging_mixin.py:104} INFO - [2022-05-26 10:05:14,563] {dagbag.py:496} INFO - Filling up the DagBag from /home/airflow/.local/lib/python3.6/site-packages/airflow/example_dags/example_bash_operator.py
[2022-05-26 10:05:15,008] {scheduler_job.py:642} INFO - DAG(s) dict_keys(['example_bash_operator']) retrieved from /home/airflow/.local/lib/python3.6/site-packages/airflow/example_dags/example_bash_operator.py
[2022-05-26 10:05:15,760] {logging_mixin.py:104} INFO - [2022-05-26 10:05:15,760] {dag.py:1833} INFO - Sync 1 DAGs
[2022-05-26 10:05:16,211] {logging_mixin.py:104} INFO - [2022-05-26 10:05:16,211] {dag.py:2306} INFO - Setting next_dagrun for example_bash_operator to 2022-05-24 00:00:00+00:00
[2022-05-26 10:05:16,428] {scheduler_job.py:189} INFO - Processing /home/airflow/.local/lib/python3.6/site-packages/airflow/example_dags/example_bash_operator.py took 2.072 seconds
[2022-05-26 10:13:59,790] {scheduler_job.py:181} INFO - Started process (PID=173) to work on /home/airflow/.local/lib/python3.6/site-packages/airflow/example_dags/example_bash_operator.py
[2022-05-26 10:13:59,846] {scheduler_job.py:632} INFO - Processing file /home/airflow/.local/lib/python3.6/site-packages/airflow/example_dags/example_bash_operator.py for tasks to queue
[2022-05-26 10:13:59,868] {logging_mixin.py:104} INFO - [2022-05-26 10:13:59,868] {dagbag.py:496} INFO - Filling up the DagBag from /home/airflow/.local/lib/python3.6/site-packages/airflow/example_dags/example_bash_operator.py
[2022-05-26 10:14:00,558] {scheduler_job.py:642} INFO - DAG(s) dict_keys(['example_bash_operator']) retrieved from /home/airflow/.local/lib/python3.6/site-packages/airflow/example_dags/example_bash_operator.py
[2022-05-26 10:14:01,763] {logging_mixin.py:104} INFO - [2022-05-26 10:14:01,361] {dag.py:1833} INFO - Sync 1 DAGs
[2022-05-26 10:14:01,994] {logging_mixin.py:104} INFO - [2022-05-26 10:14:01,993] {dag.py:2306} INFO - Setting next_dagrun for example_bash_operator to 2022-05-24 00:00:00+00:00
[2022-05-26 10:14:02,246] {scheduler_job.py:189} INFO - Processing /home/airflow/.local/lib/python3.6/site-packages/airflow/example_dags/example_bash_operator.py took 2.533 seconds
[2022-05-26 10:14:37,269] {scheduler_job.py:181} INFO - Started process (PID=212) to work on /home/airflow/.local/lib/python3.6/site-packages/airflow/example_dags/example_bash_operator.py
[2022-05-26 10:14:37,316] {scheduler_job.py:632} INFO - Processing file /home/airflow/.local/lib/python3.6/site-packages/airflow/example_dags/example_bash_operator.py for tasks to queue
[2022-05-26 10:14:37,320] {logging_mixin.py:104} INFO - [2022-05-26 10:14:37,320] {dagbag.py:496} INFO - Filling up the DagBag from /home/airflow/.local/lib/python3.6/site-packages/airflow/example_dags/example_bash_operator.py
[2022-05-26 10:14:40,420] {scheduler_job.py:642} INFO - DAG(s) dict_keys(['example_bash_operator']) retrieved from /home/airflow/.local/lib/python3.6/site-packages/airflow/example_dags/example_bash_operator.py
[2022-05-26 10:14:41,817] {logging_mixin.py:104} INFO - [2022-05-26 10:14:41,816] {dag.py:1833} INFO - Sync 1 DAGs
[2022-05-26 10:14:42,402] {logging_mixin.py:104} INFO - [2022-05-26 10:14:42,401] {dag.py:2306} INFO - Setting next_dagrun for example_bash_operator to 2022-05-24 00:00:00+00:00
[2022-05-26 10:14:42,662] {scheduler_job.py:189} INFO - Processing /home/airflow/.local/lib/python3.6/site-packages/airflow/example_dags/example_bash_operator.py took 5.588 seconds
