[2022-05-26 09:49:29,545] {scheduler_job.py:181} INFO - Started process (PID=312) to work on /home/airflow/.local/lib/python3.6/site-packages/airflow/example_dags/example_latest_only_with_trigger.py
[2022-05-26 09:49:29,560] {scheduler_job.py:632} INFO - Processing file /home/airflow/.local/lib/python3.6/site-packages/airflow/example_dags/example_latest_only_with_trigger.py for tasks to queue
[2022-05-26 09:49:29,574] {logging_mixin.py:104} INFO - [2022-05-26 09:49:29,574] {dagbag.py:496} INFO - Filling up the DagBag from /home/airflow/.local/lib/python3.6/site-packages/airflow/example_dags/example_latest_only_with_trigger.py
[2022-05-26 09:49:29,687] {scheduler_job.py:642} INFO - DAG(s) dict_keys(['latest_only_with_trigger']) retrieved from /home/airflow/.local/lib/python3.6/site-packages/airflow/example_dags/example_latest_only_with_trigger.py
[2022-05-26 09:49:37,159] {logging_mixin.py:104} INFO - [2022-05-26 09:49:37,159] {opentelemetry_tracing.py:29} INFO - This service is instrumented using OpenTelemetry. OpenTelemetry could not be imported; please add opentelemetry-api and opentelemetry-instrumentation packages in order to get BigQuery Tracing data.
[2022-05-26 09:49:37,815] {logging_mixin.py:104} INFO - [2022-05-26 09:49:37,813] {dag.py:1833} INFO - Sync 1 DAGs
[2022-05-26 09:49:37,853] {logging_mixin.py:104} INFO - [2022-05-26 09:49:37,850] {dag.py:1852} INFO - Creating ORM DAG for latest_only_with_trigger
[2022-05-26 09:49:37,886] {logging_mixin.py:104} INFO - [2022-05-26 09:49:37,885] {dag.py:2306} INFO - Setting next_dagrun for latest_only_with_trigger to 2022-05-24 00:00:00+00:00
[2022-05-26 09:49:37,937] {scheduler_job.py:189} INFO - Processing /home/airflow/.local/lib/python3.6/site-packages/airflow/example_dags/example_latest_only_with_trigger.py took 8.447 seconds
[2022-05-26 09:51:45,286] {scheduler_job.py:181} INFO - Started process (PID=462) to work on /home/airflow/.local/lib/python3.6/site-packages/airflow/example_dags/example_latest_only_with_trigger.py
[2022-05-26 09:51:45,303] {scheduler_job.py:632} INFO - Processing file /home/airflow/.local/lib/python3.6/site-packages/airflow/example_dags/example_latest_only_with_trigger.py for tasks to queue
[2022-05-26 09:51:45,308] {logging_mixin.py:104} INFO - [2022-05-26 09:51:45,308] {dagbag.py:496} INFO - Filling up the DagBag from /home/airflow/.local/lib/python3.6/site-packages/airflow/example_dags/example_latest_only_with_trigger.py
[2022-05-26 09:51:45,340] {scheduler_job.py:642} INFO - DAG(s) dict_keys(['latest_only_with_trigger']) retrieved from /home/airflow/.local/lib/python3.6/site-packages/airflow/example_dags/example_latest_only_with_trigger.py
[2022-05-26 09:51:45,443] {logging_mixin.py:104} INFO - [2022-05-26 09:51:45,442] {dag.py:1833} INFO - Sync 1 DAGs
[2022-05-26 09:51:45,532] {logging_mixin.py:104} INFO - [2022-05-26 09:51:45,531] {dag.py:2306} INFO - Setting next_dagrun for latest_only_with_trigger to 2022-05-24 00:00:00+00:00
[2022-05-26 09:51:45,604] {scheduler_job.py:189} INFO - Processing /home/airflow/.local/lib/python3.6/site-packages/airflow/example_dags/example_latest_only_with_trigger.py took 0.324 seconds
[2022-05-26 09:52:16,265] {scheduler_job.py:181} INFO - Started process (PID=509) to work on /home/airflow/.local/lib/python3.6/site-packages/airflow/example_dags/example_latest_only_with_trigger.py
[2022-05-26 09:52:16,277] {scheduler_job.py:632} INFO - Processing file /home/airflow/.local/lib/python3.6/site-packages/airflow/example_dags/example_latest_only_with_trigger.py for tasks to queue
[2022-05-26 09:52:16,283] {logging_mixin.py:104} INFO - [2022-05-26 09:52:16,281] {dagbag.py:496} INFO - Filling up the DagBag from /home/airflow/.local/lib/python3.6/site-packages/airflow/example_dags/example_latest_only_with_trigger.py
[2022-05-26 09:52:16,305] {scheduler_job.py:642} INFO - DAG(s) dict_keys(['latest_only_with_trigger']) retrieved from /home/airflow/.local/lib/python3.6/site-packages/airflow/example_dags/example_latest_only_with_trigger.py
[2022-05-26 09:52:16,378] {logging_mixin.py:104} INFO - [2022-05-26 09:52:16,378] {dag.py:1833} INFO - Sync 1 DAGs
[2022-05-26 09:52:16,416] {logging_mixin.py:104} INFO - [2022-05-26 09:52:16,415] {dag.py:2306} INFO - Setting next_dagrun for latest_only_with_trigger to 2022-05-24 00:00:00+00:00
[2022-05-26 09:52:16,442] {scheduler_job.py:189} INFO - Processing /home/airflow/.local/lib/python3.6/site-packages/airflow/example_dags/example_latest_only_with_trigger.py took 0.184 seconds
[2022-05-26 09:52:46,861] {scheduler_job.py:181} INFO - Started process (PID=562) to work on /home/airflow/.local/lib/python3.6/site-packages/airflow/example_dags/example_latest_only_with_trigger.py
[2022-05-26 09:52:46,866] {scheduler_job.py:632} INFO - Processing file /home/airflow/.local/lib/python3.6/site-packages/airflow/example_dags/example_latest_only_with_trigger.py for tasks to queue
[2022-05-26 09:52:46,874] {logging_mixin.py:104} INFO - [2022-05-26 09:52:46,873] {dagbag.py:496} INFO - Filling up the DagBag from /home/airflow/.local/lib/python3.6/site-packages/airflow/example_dags/example_latest_only_with_trigger.py
[2022-05-26 09:52:46,918] {scheduler_job.py:642} INFO - DAG(s) dict_keys(['latest_only_with_trigger']) retrieved from /home/airflow/.local/lib/python3.6/site-packages/airflow/example_dags/example_latest_only_with_trigger.py
[2022-05-26 09:52:47,026] {logging_mixin.py:104} INFO - [2022-05-26 09:52:47,025] {dag.py:1833} INFO - Sync 1 DAGs
[2022-05-26 09:52:47,069] {logging_mixin.py:104} INFO - [2022-05-26 09:52:47,069] {dag.py:2306} INFO - Setting next_dagrun for latest_only_with_trigger to 2022-05-24 00:00:00+00:00
[2022-05-26 09:52:47,104] {scheduler_job.py:189} INFO - Processing /home/airflow/.local/lib/python3.6/site-packages/airflow/example_dags/example_latest_only_with_trigger.py took 0.257 seconds
[2022-05-26 09:53:17,474] {scheduler_job.py:181} INFO - Started process (PID=617) to work on /home/airflow/.local/lib/python3.6/site-packages/airflow/example_dags/example_latest_only_with_trigger.py
[2022-05-26 09:53:17,479] {scheduler_job.py:632} INFO - Processing file /home/airflow/.local/lib/python3.6/site-packages/airflow/example_dags/example_latest_only_with_trigger.py for tasks to queue
[2022-05-26 09:53:17,486] {logging_mixin.py:104} INFO - [2022-05-26 09:53:17,485] {dagbag.py:496} INFO - Filling up the DagBag from /home/airflow/.local/lib/python3.6/site-packages/airflow/example_dags/example_latest_only_with_trigger.py
[2022-05-26 09:53:17,537] {scheduler_job.py:642} INFO - DAG(s) dict_keys(['latest_only_with_trigger']) retrieved from /home/airflow/.local/lib/python3.6/site-packages/airflow/example_dags/example_latest_only_with_trigger.py
[2022-05-26 09:53:17,683] {logging_mixin.py:104} INFO - [2022-05-26 09:53:17,683] {dag.py:1833} INFO - Sync 1 DAGs
[2022-05-26 09:53:17,814] {logging_mixin.py:104} INFO - [2022-05-26 09:53:17,814] {dag.py:2306} INFO - Setting next_dagrun for latest_only_with_trigger to 2022-05-24 00:00:00+00:00
[2022-05-26 09:53:17,887] {scheduler_job.py:189} INFO - Processing /home/airflow/.local/lib/python3.6/site-packages/airflow/example_dags/example_latest_only_with_trigger.py took 0.430 seconds
[2022-05-26 09:53:48,042] {scheduler_job.py:181} INFO - Started process (PID=672) to work on /home/airflow/.local/lib/python3.6/site-packages/airflow/example_dags/example_latest_only_with_trigger.py
[2022-05-26 09:53:48,056] {scheduler_job.py:632} INFO - Processing file /home/airflow/.local/lib/python3.6/site-packages/airflow/example_dags/example_latest_only_with_trigger.py for tasks to queue
[2022-05-26 09:53:48,059] {logging_mixin.py:104} INFO - [2022-05-26 09:53:48,059] {dagbag.py:496} INFO - Filling up the DagBag from /home/airflow/.local/lib/python3.6/site-packages/airflow/example_dags/example_latest_only_with_trigger.py
[2022-05-26 09:53:48,150] {scheduler_job.py:642} INFO - DAG(s) dict_keys(['latest_only_with_trigger']) retrieved from /home/airflow/.local/lib/python3.6/site-packages/airflow/example_dags/example_latest_only_with_trigger.py
[2022-05-26 09:53:48,267] {logging_mixin.py:104} INFO - [2022-05-26 09:53:48,267] {dag.py:1833} INFO - Sync 1 DAGs
[2022-05-26 09:53:48,336] {logging_mixin.py:104} INFO - [2022-05-26 09:53:48,335] {dag.py:2306} INFO - Setting next_dagrun for latest_only_with_trigger to 2022-05-24 00:00:00+00:00
[2022-05-26 09:53:48,384] {scheduler_job.py:189} INFO - Processing /home/airflow/.local/lib/python3.6/site-packages/airflow/example_dags/example_latest_only_with_trigger.py took 0.359 seconds
[2022-05-26 09:54:18,566] {scheduler_job.py:181} INFO - Started process (PID=728) to work on /home/airflow/.local/lib/python3.6/site-packages/airflow/example_dags/example_latest_only_with_trigger.py
[2022-05-26 09:54:18,576] {scheduler_job.py:632} INFO - Processing file /home/airflow/.local/lib/python3.6/site-packages/airflow/example_dags/example_latest_only_with_trigger.py for tasks to queue
[2022-05-26 09:54:18,583] {logging_mixin.py:104} INFO - [2022-05-26 09:54:18,581] {dagbag.py:496} INFO - Filling up the DagBag from /home/airflow/.local/lib/python3.6/site-packages/airflow/example_dags/example_latest_only_with_trigger.py
[2022-05-26 09:54:18,614] {scheduler_job.py:642} INFO - DAG(s) dict_keys(['latest_only_with_trigger']) retrieved from /home/airflow/.local/lib/python3.6/site-packages/airflow/example_dags/example_latest_only_with_trigger.py
[2022-05-26 09:54:18,675] {logging_mixin.py:104} INFO - [2022-05-26 09:54:18,674] {dag.py:1833} INFO - Sync 1 DAGs
[2022-05-26 09:54:18,709] {logging_mixin.py:104} INFO - [2022-05-26 09:54:18,709] {dag.py:2306} INFO - Setting next_dagrun for latest_only_with_trigger to 2022-05-24 00:00:00+00:00
[2022-05-26 09:54:18,732] {scheduler_job.py:189} INFO - Processing /home/airflow/.local/lib/python3.6/site-packages/airflow/example_dags/example_latest_only_with_trigger.py took 0.179 seconds
[2022-05-26 09:54:59,952] {scheduler_job.py:181} INFO - Started process (PID=779) to work on /home/airflow/.local/lib/python3.6/site-packages/airflow/example_dags/example_latest_only_with_trigger.py
[2022-05-26 09:54:59,974] {scheduler_job.py:632} INFO - Processing file /home/airflow/.local/lib/python3.6/site-packages/airflow/example_dags/example_latest_only_with_trigger.py for tasks to queue
[2022-05-26 09:54:59,981] {logging_mixin.py:104} INFO - [2022-05-26 09:54:59,980] {dagbag.py:496} INFO - Filling up the DagBag from /home/airflow/.local/lib/python3.6/site-packages/airflow/example_dags/example_latest_only_with_trigger.py
[2022-05-26 09:55:00,073] {scheduler_job.py:642} INFO - DAG(s) dict_keys(['latest_only_with_trigger']) retrieved from /home/airflow/.local/lib/python3.6/site-packages/airflow/example_dags/example_latest_only_with_trigger.py
[2022-05-26 09:55:00,233] {logging_mixin.py:104} INFO - [2022-05-26 09:55:00,233] {dag.py:1833} INFO - Sync 1 DAGs
[2022-05-26 09:55:00,295] {logging_mixin.py:104} INFO - [2022-05-26 09:55:00,295] {dag.py:2306} INFO - Setting next_dagrun for latest_only_with_trigger to 2022-05-24 00:00:00+00:00
[2022-05-26 09:55:00,360] {scheduler_job.py:189} INFO - Processing /home/airflow/.local/lib/python3.6/site-packages/airflow/example_dags/example_latest_only_with_trigger.py took 0.429 seconds
[2022-05-26 09:55:33,125] {scheduler_job.py:181} INFO - Started process (PID=836) to work on /home/airflow/.local/lib/python3.6/site-packages/airflow/example_dags/example_latest_only_with_trigger.py
[2022-05-26 09:55:33,131] {scheduler_job.py:632} INFO - Processing file /home/airflow/.local/lib/python3.6/site-packages/airflow/example_dags/example_latest_only_with_trigger.py for tasks to queue
[2022-05-26 09:55:33,135] {logging_mixin.py:104} INFO - [2022-05-26 09:55:33,135] {dagbag.py:496} INFO - Filling up the DagBag from /home/airflow/.local/lib/python3.6/site-packages/airflow/example_dags/example_latest_only_with_trigger.py
[2022-05-26 09:55:33,175] {scheduler_job.py:642} INFO - DAG(s) dict_keys(['latest_only_with_trigger']) retrieved from /home/airflow/.local/lib/python3.6/site-packages/airflow/example_dags/example_latest_only_with_trigger.py
[2022-05-26 09:55:33,256] {logging_mixin.py:104} INFO - [2022-05-26 09:55:33,255] {dag.py:1833} INFO - Sync 1 DAGs
[2022-05-26 09:55:33,305] {logging_mixin.py:104} INFO - [2022-05-26 09:55:33,305] {dag.py:2306} INFO - Setting next_dagrun for latest_only_with_trigger to 2022-05-24 00:00:00+00:00
[2022-05-26 09:55:33,342] {scheduler_job.py:189} INFO - Processing /home/airflow/.local/lib/python3.6/site-packages/airflow/example_dags/example_latest_only_with_trigger.py took 0.232 seconds
[2022-05-26 09:56:56,436] {scheduler_job.py:181} INFO - Started process (PID=915) to work on /home/airflow/.local/lib/python3.6/site-packages/airflow/example_dags/example_latest_only_with_trigger.py
[2022-05-26 09:56:57,050] {scheduler_job.py:632} INFO - Processing file /home/airflow/.local/lib/python3.6/site-packages/airflow/example_dags/example_latest_only_with_trigger.py for tasks to queue
[2022-05-26 09:56:57,082] {logging_mixin.py:104} INFO - [2022-05-26 09:56:57,070] {dagbag.py:496} INFO - Filling up the DagBag from /home/airflow/.local/lib/python3.6/site-packages/airflow/example_dags/example_latest_only_with_trigger.py
[2022-05-26 09:56:58,209] {scheduler_job.py:642} INFO - DAG(s) dict_keys(['latest_only_with_trigger']) retrieved from /home/airflow/.local/lib/python3.6/site-packages/airflow/example_dags/example_latest_only_with_trigger.py
[2022-05-26 09:56:58,774] {logging_mixin.py:104} INFO - [2022-05-26 09:56:58,773] {dag.py:1833} INFO - Sync 1 DAGs
[2022-05-26 09:56:59,149] {logging_mixin.py:104} INFO - [2022-05-26 09:56:59,149] {dag.py:2306} INFO - Setting next_dagrun for latest_only_with_trigger to 2022-05-24 00:00:00+00:00
[2022-05-26 09:56:59,465] {scheduler_job.py:189} INFO - Processing /home/airflow/.local/lib/python3.6/site-packages/airflow/example_dags/example_latest_only_with_trigger.py took 3.103 seconds
[2022-05-26 09:58:10,467] {scheduler_job.py:181} INFO - Started process (PID=987) to work on /home/airflow/.local/lib/python3.6/site-packages/airflow/example_dags/example_latest_only_with_trigger.py
[2022-05-26 09:58:10,485] {scheduler_job.py:632} INFO - Processing file /home/airflow/.local/lib/python3.6/site-packages/airflow/example_dags/example_latest_only_with_trigger.py for tasks to queue
[2022-05-26 09:58:10,533] {logging_mixin.py:104} INFO - [2022-05-26 09:58:10,533] {dagbag.py:496} INFO - Filling up the DagBag from /home/airflow/.local/lib/python3.6/site-packages/airflow/example_dags/example_latest_only_with_trigger.py
[2022-05-26 09:58:10,840] {scheduler_job.py:642} INFO - DAG(s) dict_keys(['latest_only_with_trigger']) retrieved from /home/airflow/.local/lib/python3.6/site-packages/airflow/example_dags/example_latest_only_with_trigger.py
[2022-05-26 09:58:11,241] {logging_mixin.py:104} INFO - [2022-05-26 09:58:11,241] {dag.py:1833} INFO - Sync 1 DAGs
[2022-05-26 09:58:11,482] {logging_mixin.py:104} INFO - [2022-05-26 09:58:11,482] {dag.py:2306} INFO - Setting next_dagrun for latest_only_with_trigger to 2022-05-24 00:00:00+00:00
[2022-05-26 09:58:11,670] {scheduler_job.py:189} INFO - Processing /home/airflow/.local/lib/python3.6/site-packages/airflow/example_dags/example_latest_only_with_trigger.py took 1.282 seconds
[2022-05-26 09:59:17,612] {scheduler_job.py:181} INFO - Started process (PID=1056) to work on /home/airflow/.local/lib/python3.6/site-packages/airflow/example_dags/example_latest_only_with_trigger.py
[2022-05-26 09:59:17,635] {scheduler_job.py:632} INFO - Processing file /home/airflow/.local/lib/python3.6/site-packages/airflow/example_dags/example_latest_only_with_trigger.py for tasks to queue
[2022-05-26 09:59:17,653] {logging_mixin.py:104} INFO - [2022-05-26 09:59:17,647] {dagbag.py:496} INFO - Filling up the DagBag from /home/airflow/.local/lib/python3.6/site-packages/airflow/example_dags/example_latest_only_with_trigger.py
[2022-05-26 09:59:17,766] {scheduler_job.py:642} INFO - DAG(s) dict_keys(['latest_only_with_trigger']) retrieved from /home/airflow/.local/lib/python3.6/site-packages/airflow/example_dags/example_latest_only_with_trigger.py
[2022-05-26 09:59:17,959] {logging_mixin.py:104} INFO - [2022-05-26 09:59:17,945] {dag.py:1833} INFO - Sync 1 DAGs
[2022-05-26 09:59:18,197] {logging_mixin.py:104} INFO - [2022-05-26 09:59:18,197] {dag.py:2306} INFO - Setting next_dagrun for latest_only_with_trigger to 2022-05-24 00:00:00+00:00
[2022-05-26 09:59:18,395] {scheduler_job.py:189} INFO - Processing /home/airflow/.local/lib/python3.6/site-packages/airflow/example_dags/example_latest_only_with_trigger.py took 0.820 seconds
[2022-05-26 10:00:36,018] {scheduler_job.py:181} INFO - Started process (PID=1121) to work on /home/airflow/.local/lib/python3.6/site-packages/airflow/example_dags/example_latest_only_with_trigger.py
[2022-05-26 10:00:36,434] {scheduler_job.py:632} INFO - Processing file /home/airflow/.local/lib/python3.6/site-packages/airflow/example_dags/example_latest_only_with_trigger.py for tasks to queue
[2022-05-26 10:00:36,509] {logging_mixin.py:104} INFO - [2022-05-26 10:00:36,508] {dagbag.py:496} INFO - Filling up the DagBag from /home/airflow/.local/lib/python3.6/site-packages/airflow/example_dags/example_latest_only_with_trigger.py
[2022-05-26 10:00:36,980] {scheduler_job.py:642} INFO - DAG(s) dict_keys(['latest_only_with_trigger']) retrieved from /home/airflow/.local/lib/python3.6/site-packages/airflow/example_dags/example_latest_only_with_trigger.py
[2022-05-26 10:00:39,515] {logging_mixin.py:104} INFO - [2022-05-26 10:00:39,514] {dag.py:1833} INFO - Sync 1 DAGs
[2022-05-26 10:00:45,263] {logging_mixin.py:104} INFO - [2022-05-26 10:00:45,251] {dag.py:2306} INFO - Setting next_dagrun for latest_only_with_trigger to 2022-05-24 00:00:00+00:00
[2022-05-26 10:00:47,450] {scheduler_job.py:189} INFO - Processing /home/airflow/.local/lib/python3.6/site-packages/airflow/example_dags/example_latest_only_with_trigger.py took 11.553 seconds
[2022-05-26 10:02:41,618] {scheduler_job.py:181} INFO - Started process (PID=1191) to work on /home/airflow/.local/lib/python3.6/site-packages/airflow/example_dags/example_latest_only_with_trigger.py
[2022-05-26 10:02:42,118] {scheduler_job.py:632} INFO - Processing file /home/airflow/.local/lib/python3.6/site-packages/airflow/example_dags/example_latest_only_with_trigger.py for tasks to queue
[2022-05-26 10:02:42,682] {logging_mixin.py:104} INFO - [2022-05-26 10:02:42,608] {dagbag.py:496} INFO - Filling up the DagBag from /home/airflow/.local/lib/python3.6/site-packages/airflow/example_dags/example_latest_only_with_trigger.py
[2022-05-26 10:02:46,664] {scheduler_job.py:642} INFO - DAG(s) dict_keys(['latest_only_with_trigger']) retrieved from /home/airflow/.local/lib/python3.6/site-packages/airflow/example_dags/example_latest_only_with_trigger.py
[2022-05-26 10:02:48,249] {logging_mixin.py:104} INFO - [2022-05-26 10:02:48,248] {dag.py:1833} INFO - Sync 1 DAGs
[2022-05-26 10:02:49,226] {logging_mixin.py:104} INFO - [2022-05-26 10:02:49,225] {dag.py:2306} INFO - Setting next_dagrun for latest_only_with_trigger to 2022-05-24 00:00:00+00:00
[2022-05-26 10:02:58,377] {scheduler_job.py:189} INFO - Processing /home/airflow/.local/lib/python3.6/site-packages/airflow/example_dags/example_latest_only_with_trigger.py took 24.568 seconds
[2022-05-26 10:03:43,273] {scheduler_job.py:181} INFO - Started process (PID=1245) to work on /home/airflow/.local/lib/python3.6/site-packages/airflow/example_dags/example_latest_only_with_trigger.py
[2022-05-26 10:03:43,302] {scheduler_job.py:632} INFO - Processing file /home/airflow/.local/lib/python3.6/site-packages/airflow/example_dags/example_latest_only_with_trigger.py for tasks to queue
[2022-05-26 10:03:43,345] {logging_mixin.py:104} INFO - [2022-05-26 10:03:43,344] {dagbag.py:496} INFO - Filling up the DagBag from /home/airflow/.local/lib/python3.6/site-packages/airflow/example_dags/example_latest_only_with_trigger.py
[2022-05-26 10:03:43,877] {scheduler_job.py:642} INFO - DAG(s) dict_keys(['latest_only_with_trigger']) retrieved from /home/airflow/.local/lib/python3.6/site-packages/airflow/example_dags/example_latest_only_with_trigger.py
[2022-05-26 10:03:44,572] {logging_mixin.py:104} INFO - [2022-05-26 10:03:44,572] {dag.py:1833} INFO - Sync 1 DAGs
[2022-05-26 10:03:45,395] {logging_mixin.py:104} INFO - [2022-05-26 10:03:45,394] {dag.py:2306} INFO - Setting next_dagrun for latest_only_with_trigger to 2022-05-24 00:00:00+00:00
[2022-05-26 10:03:45,640] {scheduler_job.py:189} INFO - Processing /home/airflow/.local/lib/python3.6/site-packages/airflow/example_dags/example_latest_only_with_trigger.py took 2.480 seconds
[2022-05-26 10:05:11,475] {scheduler_job.py:181} INFO - Started process (PID=1323) to work on /home/airflow/.local/lib/python3.6/site-packages/airflow/example_dags/example_latest_only_with_trigger.py
[2022-05-26 10:05:11,494] {scheduler_job.py:632} INFO - Processing file /home/airflow/.local/lib/python3.6/site-packages/airflow/example_dags/example_latest_only_with_trigger.py for tasks to queue
[2022-05-26 10:05:11,508] {logging_mixin.py:104} INFO - [2022-05-26 10:05:11,507] {dagbag.py:496} INFO - Filling up the DagBag from /home/airflow/.local/lib/python3.6/site-packages/airflow/example_dags/example_latest_only_with_trigger.py
[2022-05-26 10:05:12,026] {scheduler_job.py:642} INFO - DAG(s) dict_keys(['latest_only_with_trigger']) retrieved from /home/airflow/.local/lib/python3.6/site-packages/airflow/example_dags/example_latest_only_with_trigger.py
[2022-05-26 10:05:12,981] {logging_mixin.py:104} INFO - [2022-05-26 10:05:12,980] {dag.py:1833} INFO - Sync 1 DAGs
[2022-05-26 10:05:13,249] {logging_mixin.py:104} INFO - [2022-05-26 10:05:13,249] {dag.py:2306} INFO - Setting next_dagrun for latest_only_with_trigger to 2022-05-24 00:00:00+00:00
[2022-05-26 10:05:13,441] {scheduler_job.py:189} INFO - Processing /home/airflow/.local/lib/python3.6/site-packages/airflow/example_dags/example_latest_only_with_trigger.py took 1.987 seconds
[2022-05-26 10:13:55,064] {scheduler_job.py:181} INFO - Started process (PID=171) to work on /home/airflow/.local/lib/python3.6/site-packages/airflow/example_dags/example_latest_only_with_trigger.py
[2022-05-26 10:13:55,115] {scheduler_job.py:632} INFO - Processing file /home/airflow/.local/lib/python3.6/site-packages/airflow/example_dags/example_latest_only_with_trigger.py for tasks to queue
[2022-05-26 10:13:55,119] {logging_mixin.py:104} INFO - [2022-05-26 10:13:55,119] {dagbag.py:496} INFO - Filling up the DagBag from /home/airflow/.local/lib/python3.6/site-packages/airflow/example_dags/example_latest_only_with_trigger.py
[2022-05-26 10:13:56,115] {scheduler_job.py:642} INFO - DAG(s) dict_keys(['latest_only_with_trigger']) retrieved from /home/airflow/.local/lib/python3.6/site-packages/airflow/example_dags/example_latest_only_with_trigger.py
[2022-05-26 10:13:56,612] {logging_mixin.py:104} INFO - [2022-05-26 10:13:56,612] {dag.py:1833} INFO - Sync 1 DAGs
[2022-05-26 10:13:57,227] {logging_mixin.py:104} INFO - [2022-05-26 10:13:57,217] {dag.py:2306} INFO - Setting next_dagrun for latest_only_with_trigger to 2022-05-24 00:00:00+00:00
[2022-05-26 10:13:57,416] {scheduler_job.py:189} INFO - Processing /home/airflow/.local/lib/python3.6/site-packages/airflow/example_dags/example_latest_only_with_trigger.py took 2.453 seconds
[2022-05-26 10:14:31,063] {scheduler_job.py:181} INFO - Started process (PID=210) to work on /home/airflow/.local/lib/python3.6/site-packages/airflow/example_dags/example_latest_only_with_trigger.py
[2022-05-26 10:14:31,238] {scheduler_job.py:632} INFO - Processing file /home/airflow/.local/lib/python3.6/site-packages/airflow/example_dags/example_latest_only_with_trigger.py for tasks to queue
[2022-05-26 10:14:31,314] {logging_mixin.py:104} INFO - [2022-05-26 10:14:31,294] {dagbag.py:496} INFO - Filling up the DagBag from /home/airflow/.local/lib/python3.6/site-packages/airflow/example_dags/example_latest_only_with_trigger.py
[2022-05-26 10:14:31,769] {scheduler_job.py:642} INFO - DAG(s) dict_keys(['latest_only_with_trigger']) retrieved from /home/airflow/.local/lib/python3.6/site-packages/airflow/example_dags/example_latest_only_with_trigger.py
[2022-05-26 10:14:32,225] {logging_mixin.py:104} INFO - [2022-05-26 10:14:32,225] {dag.py:1833} INFO - Sync 1 DAGs
[2022-05-26 10:14:32,492] {logging_mixin.py:104} INFO - [2022-05-26 10:14:32,492] {dag.py:2306} INFO - Setting next_dagrun for latest_only_with_trigger to 2022-05-24 00:00:00+00:00
[2022-05-26 10:14:32,725] {scheduler_job.py:189} INFO - Processing /home/airflow/.local/lib/python3.6/site-packages/airflow/example_dags/example_latest_only_with_trigger.py took 1.732 seconds
