[2022-05-26 09:49:46,151] {scheduler_job.py:181} INFO - Started process (PID=330) to work on /home/airflow/.local/lib/python3.6/site-packages/airflow/example_dags/example_task_group_decorator.py
[2022-05-26 09:49:46,157] {scheduler_job.py:632} INFO - Processing file /home/airflow/.local/lib/python3.6/site-packages/airflow/example_dags/example_task_group_decorator.py for tasks to queue
[2022-05-26 09:49:46,163] {logging_mixin.py:104} INFO - [2022-05-26 09:49:46,161] {dagbag.py:496} INFO - Filling up the DagBag from /home/airflow/.local/lib/python3.6/site-packages/airflow/example_dags/example_task_group_decorator.py
[2022-05-26 09:49:46,414] {scheduler_job.py:642} INFO - DAG(s) dict_keys(['example_task_group_decorator']) retrieved from /home/airflow/.local/lib/python3.6/site-packages/airflow/example_dags/example_task_group_decorator.py
[2022-05-26 09:49:54,728] {logging_mixin.py:104} INFO - [2022-05-26 09:49:54,728] {opentelemetry_tracing.py:29} INFO - This service is instrumented using OpenTelemetry. OpenTelemetry could not be imported; please add opentelemetry-api and opentelemetry-instrumentation packages in order to get BigQuery Tracing data.
[2022-05-26 09:49:55,477] {logging_mixin.py:104} INFO - [2022-05-26 09:49:55,474] {dag.py:1833} INFO - Sync 1 DAGs
[2022-05-26 09:49:55,496] {logging_mixin.py:104} INFO - [2022-05-26 09:49:55,494] {dag.py:1852} INFO - Creating ORM DAG for example_task_group_decorator
[2022-05-26 09:49:55,507] {logging_mixin.py:104} INFO - [2022-05-26 09:49:55,507] {dag.py:2306} INFO - Setting next_dagrun for example_task_group_decorator to 2022-05-24 00:00:00+00:00
[2022-05-26 09:49:55,534] {scheduler_job.py:189} INFO - Processing /home/airflow/.local/lib/python3.6/site-packages/airflow/example_dags/example_task_group_decorator.py took 9.408 seconds
[2022-05-26 09:51:45,898] {scheduler_job.py:181} INFO - Started process (PID=467) to work on /home/airflow/.local/lib/python3.6/site-packages/airflow/example_dags/example_task_group_decorator.py
[2022-05-26 09:51:45,917] {scheduler_job.py:632} INFO - Processing file /home/airflow/.local/lib/python3.6/site-packages/airflow/example_dags/example_task_group_decorator.py for tasks to queue
[2022-05-26 09:51:45,921] {logging_mixin.py:104} INFO - [2022-05-26 09:51:45,921] {dagbag.py:496} INFO - Filling up the DagBag from /home/airflow/.local/lib/python3.6/site-packages/airflow/example_dags/example_task_group_decorator.py
[2022-05-26 09:51:46,293] {scheduler_job.py:642} INFO - DAG(s) dict_keys(['example_task_group_decorator']) retrieved from /home/airflow/.local/lib/python3.6/site-packages/airflow/example_dags/example_task_group_decorator.py
[2022-05-26 09:51:48,074] {logging_mixin.py:104} INFO - [2022-05-26 09:51:48,074] {dag.py:1833} INFO - Sync 1 DAGs
[2022-05-26 09:51:48,120] {logging_mixin.py:104} INFO - [2022-05-26 09:51:48,119] {dag.py:2306} INFO - Setting next_dagrun for example_task_group_decorator to 2022-05-24 00:00:00+00:00
[2022-05-26 09:51:48,167] {scheduler_job.py:189} INFO - Processing /home/airflow/.local/lib/python3.6/site-packages/airflow/example_dags/example_task_group_decorator.py took 2.302 seconds
[2022-05-26 09:52:18,402] {scheduler_job.py:181} INFO - Started process (PID=523) to work on /home/airflow/.local/lib/python3.6/site-packages/airflow/example_dags/example_task_group_decorator.py
[2022-05-26 09:52:18,416] {scheduler_job.py:632} INFO - Processing file /home/airflow/.local/lib/python3.6/site-packages/airflow/example_dags/example_task_group_decorator.py for tasks to queue
[2022-05-26 09:52:18,420] {logging_mixin.py:104} INFO - [2022-05-26 09:52:18,419] {dagbag.py:496} INFO - Filling up the DagBag from /home/airflow/.local/lib/python3.6/site-packages/airflow/example_dags/example_task_group_decorator.py
[2022-05-26 09:52:18,500] {scheduler_job.py:642} INFO - DAG(s) dict_keys(['example_task_group_decorator']) retrieved from /home/airflow/.local/lib/python3.6/site-packages/airflow/example_dags/example_task_group_decorator.py
[2022-05-26 09:52:19,700] {logging_mixin.py:104} INFO - [2022-05-26 09:52:19,700] {dag.py:1833} INFO - Sync 1 DAGs
[2022-05-26 09:52:19,747] {logging_mixin.py:104} INFO - [2022-05-26 09:52:19,747] {dag.py:2306} INFO - Setting next_dagrun for example_task_group_decorator to 2022-05-24 00:00:00+00:00
[2022-05-26 09:52:19,802] {scheduler_job.py:189} INFO - Processing /home/airflow/.local/lib/python3.6/site-packages/airflow/example_dags/example_task_group_decorator.py took 1.414 seconds
[2022-05-26 09:52:49,935] {scheduler_job.py:181} INFO - Started process (PID=580) to work on /home/airflow/.local/lib/python3.6/site-packages/airflow/example_dags/example_task_group_decorator.py
[2022-05-26 09:52:49,939] {scheduler_job.py:632} INFO - Processing file /home/airflow/.local/lib/python3.6/site-packages/airflow/example_dags/example_task_group_decorator.py for tasks to queue
[2022-05-26 09:52:49,949] {logging_mixin.py:104} INFO - [2022-05-26 09:52:49,949] {dagbag.py:496} INFO - Filling up the DagBag from /home/airflow/.local/lib/python3.6/site-packages/airflow/example_dags/example_task_group_decorator.py
[2022-05-26 09:52:50,075] {scheduler_job.py:642} INFO - DAG(s) dict_keys(['example_task_group_decorator']) retrieved from /home/airflow/.local/lib/python3.6/site-packages/airflow/example_dags/example_task_group_decorator.py
[2022-05-26 09:52:51,373] {logging_mixin.py:104} INFO - [2022-05-26 09:52:51,373] {dag.py:1833} INFO - Sync 1 DAGs
[2022-05-26 09:52:51,418] {logging_mixin.py:104} INFO - [2022-05-26 09:52:51,417] {dag.py:2306} INFO - Setting next_dagrun for example_task_group_decorator to 2022-05-24 00:00:00+00:00
[2022-05-26 09:52:51,470] {scheduler_job.py:189} INFO - Processing /home/airflow/.local/lib/python3.6/site-packages/airflow/example_dags/example_task_group_decorator.py took 1.548 seconds
[2022-05-26 09:53:21,690] {scheduler_job.py:181} INFO - Started process (PID=634) to work on /home/airflow/.local/lib/python3.6/site-packages/airflow/example_dags/example_task_group_decorator.py
[2022-05-26 09:53:21,700] {scheduler_job.py:632} INFO - Processing file /home/airflow/.local/lib/python3.6/site-packages/airflow/example_dags/example_task_group_decorator.py for tasks to queue
[2022-05-26 09:53:21,710] {logging_mixin.py:104} INFO - [2022-05-26 09:53:21,710] {dagbag.py:496} INFO - Filling up the DagBag from /home/airflow/.local/lib/python3.6/site-packages/airflow/example_dags/example_task_group_decorator.py
[2022-05-26 09:53:21,808] {scheduler_job.py:642} INFO - DAG(s) dict_keys(['example_task_group_decorator']) retrieved from /home/airflow/.local/lib/python3.6/site-packages/airflow/example_dags/example_task_group_decorator.py
[2022-05-26 09:53:23,181] {logging_mixin.py:104} INFO - [2022-05-26 09:53:23,181] {dag.py:1833} INFO - Sync 1 DAGs
[2022-05-26 09:53:23,277] {logging_mixin.py:104} INFO - [2022-05-26 09:53:23,277] {dag.py:2306} INFO - Setting next_dagrun for example_task_group_decorator to 2022-05-24 00:00:00+00:00
[2022-05-26 09:53:23,345] {scheduler_job.py:189} INFO - Processing /home/airflow/.local/lib/python3.6/site-packages/airflow/example_dags/example_task_group_decorator.py took 1.663 seconds
[2022-05-26 09:53:53,493] {scheduler_job.py:181} INFO - Started process (PID=690) to work on /home/airflow/.local/lib/python3.6/site-packages/airflow/example_dags/example_task_group_decorator.py
[2022-05-26 09:53:53,521] {scheduler_job.py:632} INFO - Processing file /home/airflow/.local/lib/python3.6/site-packages/airflow/example_dags/example_task_group_decorator.py for tasks to queue
[2022-05-26 09:53:53,542] {logging_mixin.py:104} INFO - [2022-05-26 09:53:53,542] {dagbag.py:496} INFO - Filling up the DagBag from /home/airflow/.local/lib/python3.6/site-packages/airflow/example_dags/example_task_group_decorator.py
[2022-05-26 09:53:53,696] {scheduler_job.py:642} INFO - DAG(s) dict_keys(['example_task_group_decorator']) retrieved from /home/airflow/.local/lib/python3.6/site-packages/airflow/example_dags/example_task_group_decorator.py
[2022-05-26 09:53:55,428] {logging_mixin.py:104} INFO - [2022-05-26 09:53:55,427] {dag.py:1833} INFO - Sync 1 DAGs
[2022-05-26 09:53:55,472] {logging_mixin.py:104} INFO - [2022-05-26 09:53:55,471] {dag.py:2306} INFO - Setting next_dagrun for example_task_group_decorator to 2022-05-24 00:00:00+00:00
[2022-05-26 09:53:55,539] {scheduler_job.py:189} INFO - Processing /home/airflow/.local/lib/python3.6/site-packages/airflow/example_dags/example_task_group_decorator.py took 2.059 seconds
[2022-05-26 09:54:44,303] {scheduler_job.py:181} INFO - Started process (PID=746) to work on /home/airflow/.local/lib/python3.6/site-packages/airflow/example_dags/example_task_group_decorator.py
[2022-05-26 09:54:44,315] {scheduler_job.py:632} INFO - Processing file /home/airflow/.local/lib/python3.6/site-packages/airflow/example_dags/example_task_group_decorator.py for tasks to queue
[2022-05-26 09:54:44,331] {logging_mixin.py:104} INFO - [2022-05-26 09:54:44,330] {dagbag.py:496} INFO - Filling up the DagBag from /home/airflow/.local/lib/python3.6/site-packages/airflow/example_dags/example_task_group_decorator.py
[2022-05-26 09:54:44,810] {scheduler_job.py:642} INFO - DAG(s) dict_keys(['example_task_group_decorator']) retrieved from /home/airflow/.local/lib/python3.6/site-packages/airflow/example_dags/example_task_group_decorator.py
[2022-05-26 09:54:48,689] {logging_mixin.py:104} INFO - [2022-05-26 09:54:48,689] {dag.py:1833} INFO - Sync 1 DAGs
[2022-05-26 09:54:48,822] {logging_mixin.py:104} INFO - [2022-05-26 09:54:48,822] {dag.py:2306} INFO - Setting next_dagrun for example_task_group_decorator to 2022-05-24 00:00:00+00:00
[2022-05-26 09:54:49,010] {scheduler_job.py:189} INFO - Processing /home/airflow/.local/lib/python3.6/site-packages/airflow/example_dags/example_task_group_decorator.py took 4.731 seconds
[2022-05-26 09:55:20,032] {scheduler_job.py:181} INFO - Started process (PID=805) to work on /home/airflow/.local/lib/python3.6/site-packages/airflow/example_dags/example_task_group_decorator.py
[2022-05-26 09:55:20,046] {scheduler_job.py:632} INFO - Processing file /home/airflow/.local/lib/python3.6/site-packages/airflow/example_dags/example_task_group_decorator.py for tasks to queue
[2022-05-26 09:55:20,058] {logging_mixin.py:104} INFO - [2022-05-26 09:55:20,058] {dagbag.py:496} INFO - Filling up the DagBag from /home/airflow/.local/lib/python3.6/site-packages/airflow/example_dags/example_task_group_decorator.py
[2022-05-26 09:55:20,327] {scheduler_job.py:642} INFO - DAG(s) dict_keys(['example_task_group_decorator']) retrieved from /home/airflow/.local/lib/python3.6/site-packages/airflow/example_dags/example_task_group_decorator.py
[2022-05-26 09:55:21,612] {logging_mixin.py:104} INFO - [2022-05-26 09:55:21,612] {dag.py:1833} INFO - Sync 1 DAGs
[2022-05-26 09:55:21,669] {logging_mixin.py:104} INFO - [2022-05-26 09:55:21,669] {dag.py:2306} INFO - Setting next_dagrun for example_task_group_decorator to 2022-05-24 00:00:00+00:00
[2022-05-26 09:55:21,720] {scheduler_job.py:189} INFO - Processing /home/airflow/.local/lib/python3.6/site-packages/airflow/example_dags/example_task_group_decorator.py took 1.698 seconds
[2022-05-26 09:56:00,347] {scheduler_job.py:181} INFO - Started process (PID=860) to work on /home/airflow/.local/lib/python3.6/site-packages/airflow/example_dags/example_task_group_decorator.py
[2022-05-26 09:56:00,384] {scheduler_job.py:632} INFO - Processing file /home/airflow/.local/lib/python3.6/site-packages/airflow/example_dags/example_task_group_decorator.py for tasks to queue
[2022-05-26 09:56:00,396] {logging_mixin.py:104} INFO - [2022-05-26 09:56:00,395] {dagbag.py:496} INFO - Filling up the DagBag from /home/airflow/.local/lib/python3.6/site-packages/airflow/example_dags/example_task_group_decorator.py
[2022-05-26 09:56:00,786] {scheduler_job.py:642} INFO - DAG(s) dict_keys(['example_task_group_decorator']) retrieved from /home/airflow/.local/lib/python3.6/site-packages/airflow/example_dags/example_task_group_decorator.py
[2022-05-26 09:56:04,340] {logging_mixin.py:104} INFO - [2022-05-26 09:56:04,340] {dag.py:1833} INFO - Sync 1 DAGs
[2022-05-26 09:56:04,461] {logging_mixin.py:104} INFO - [2022-05-26 09:56:04,454] {dag.py:2306} INFO - Setting next_dagrun for example_task_group_decorator to 2022-05-24 00:00:00+00:00
[2022-05-26 09:56:04,519] {scheduler_job.py:189} INFO - Processing /home/airflow/.local/lib/python3.6/site-packages/airflow/example_dags/example_task_group_decorator.py took 4.228 seconds
[2022-05-26 09:57:09,255] {scheduler_job.py:181} INFO - Started process (PID=934) to work on /home/airflow/.local/lib/python3.6/site-packages/airflow/example_dags/example_task_group_decorator.py
[2022-05-26 09:57:09,306] {scheduler_job.py:632} INFO - Processing file /home/airflow/.local/lib/python3.6/site-packages/airflow/example_dags/example_task_group_decorator.py for tasks to queue
[2022-05-26 09:57:09,315] {logging_mixin.py:104} INFO - [2022-05-26 09:57:09,315] {dagbag.py:496} INFO - Filling up the DagBag from /home/airflow/.local/lib/python3.6/site-packages/airflow/example_dags/example_task_group_decorator.py
[2022-05-26 09:57:09,948] {scheduler_job.py:642} INFO - DAG(s) dict_keys(['example_task_group_decorator']) retrieved from /home/airflow/.local/lib/python3.6/site-packages/airflow/example_dags/example_task_group_decorator.py
[2022-05-26 09:57:10,317] {logging_mixin.py:104} INFO - [2022-05-26 09:57:10,317] {dag.py:1833} INFO - Sync 1 DAGs
[2022-05-26 09:57:10,522] {logging_mixin.py:104} INFO - [2022-05-26 09:57:10,522] {dag.py:2306} INFO - Setting next_dagrun for example_task_group_decorator to 2022-05-24 00:00:00+00:00
[2022-05-26 09:57:10,705] {scheduler_job.py:189} INFO - Processing /home/airflow/.local/lib/python3.6/site-packages/airflow/example_dags/example_task_group_decorator.py took 1.531 seconds
[2022-05-26 09:58:25,159] {scheduler_job.py:181} INFO - Started process (PID=1003) to work on /home/airflow/.local/lib/python3.6/site-packages/airflow/example_dags/example_task_group_decorator.py
[2022-05-26 09:58:25,172] {scheduler_job.py:632} INFO - Processing file /home/airflow/.local/lib/python3.6/site-packages/airflow/example_dags/example_task_group_decorator.py for tasks to queue
[2022-05-26 09:58:25,192] {logging_mixin.py:104} INFO - [2022-05-26 09:58:25,192] {dagbag.py:496} INFO - Filling up the DagBag from /home/airflow/.local/lib/python3.6/site-packages/airflow/example_dags/example_task_group_decorator.py
[2022-05-26 09:58:25,995] {scheduler_job.py:642} INFO - DAG(s) dict_keys(['example_task_group_decorator']) retrieved from /home/airflow/.local/lib/python3.6/site-packages/airflow/example_dags/example_task_group_decorator.py
[2022-05-26 09:58:32,945] {logging_mixin.py:104} INFO - [2022-05-26 09:58:32,945] {dag.py:1833} INFO - Sync 1 DAGs
[2022-05-26 09:58:33,102] {logging_mixin.py:104} INFO - [2022-05-26 09:58:33,102] {dag.py:2306} INFO - Setting next_dagrun for example_task_group_decorator to 2022-05-24 00:00:00+00:00
[2022-05-26 09:58:33,307] {scheduler_job.py:189} INFO - Processing /home/airflow/.local/lib/python3.6/site-packages/airflow/example_dags/example_task_group_decorator.py took 8.204 seconds
[2022-05-26 09:59:52,279] {scheduler_job.py:181} INFO - Started process (PID=1082) to work on /home/airflow/.local/lib/python3.6/site-packages/airflow/example_dags/example_task_group_decorator.py
[2022-05-26 09:59:52,303] {scheduler_job.py:632} INFO - Processing file /home/airflow/.local/lib/python3.6/site-packages/airflow/example_dags/example_task_group_decorator.py for tasks to queue
[2022-05-26 09:59:52,307] {logging_mixin.py:104} INFO - [2022-05-26 09:59:52,306] {dagbag.py:496} INFO - Filling up the DagBag from /home/airflow/.local/lib/python3.6/site-packages/airflow/example_dags/example_task_group_decorator.py
[2022-05-26 09:59:52,944] {scheduler_job.py:642} INFO - DAG(s) dict_keys(['example_task_group_decorator']) retrieved from /home/airflow/.local/lib/python3.6/site-packages/airflow/example_dags/example_task_group_decorator.py
[2022-05-26 10:00:02,148] {logging_mixin.py:104} INFO - [2022-05-26 10:00:02,147] {dag.py:1833} INFO - Sync 1 DAGs
[2022-05-26 10:00:02,305] {logging_mixin.py:104} INFO - [2022-05-26 10:00:02,305] {dag.py:2306} INFO - Setting next_dagrun for example_task_group_decorator to 2022-05-24 00:00:00+00:00
[2022-05-26 10:00:02,426] {scheduler_job.py:189} INFO - Processing /home/airflow/.local/lib/python3.6/site-packages/airflow/example_dags/example_task_group_decorator.py took 10.167 seconds
[2022-05-26 10:03:47,336] {scheduler_job.py:181} INFO - Started process (PID=1249) to work on /home/airflow/.local/lib/python3.6/site-packages/airflow/example_dags/example_task_group_decorator.py
[2022-05-26 10:03:47,367] {scheduler_job.py:632} INFO - Processing file /home/airflow/.local/lib/python3.6/site-packages/airflow/example_dags/example_task_group_decorator.py for tasks to queue
[2022-05-26 10:03:47,378] {logging_mixin.py:104} INFO - [2022-05-26 10:03:47,378] {dagbag.py:496} INFO - Filling up the DagBag from /home/airflow/.local/lib/python3.6/site-packages/airflow/example_dags/example_task_group_decorator.py
[2022-05-26 10:03:48,785] {scheduler_job.py:642} INFO - DAG(s) dict_keys(['example_task_group_decorator']) retrieved from /home/airflow/.local/lib/python3.6/site-packages/airflow/example_dags/example_task_group_decorator.py
[2022-05-26 10:04:09,579] {logging_mixin.py:104} INFO - [2022-05-26 10:04:09,578] {dag.py:1833} INFO - Sync 1 DAGs
[2022-05-26 10:04:09,883] {logging_mixin.py:104} INFO - [2022-05-26 10:04:09,883] {dag.py:2306} INFO - Setting next_dagrun for example_task_group_decorator to 2022-05-24 00:00:00+00:00
[2022-05-26 10:04:10,266] {scheduler_job.py:189} INFO - Processing /home/airflow/.local/lib/python3.6/site-packages/airflow/example_dags/example_task_group_decorator.py took 23.103 seconds
[2022-05-26 10:05:16,466] {scheduler_job.py:181} INFO - Started process (PID=1334) to work on /home/airflow/.local/lib/python3.6/site-packages/airflow/example_dags/example_task_group_decorator.py
[2022-05-26 10:05:16,492] {scheduler_job.py:632} INFO - Processing file /home/airflow/.local/lib/python3.6/site-packages/airflow/example_dags/example_task_group_decorator.py for tasks to queue
[2022-05-26 10:05:16,516] {logging_mixin.py:104} INFO - [2022-05-26 10:05:16,509] {dagbag.py:496} INFO - Filling up the DagBag from /home/airflow/.local/lib/python3.6/site-packages/airflow/example_dags/example_task_group_decorator.py
[2022-05-26 10:05:17,647] {scheduler_job.py:642} INFO - DAG(s) dict_keys(['example_task_group_decorator']) retrieved from /home/airflow/.local/lib/python3.6/site-packages/airflow/example_dags/example_task_group_decorator.py
[2022-05-26 10:05:29,925] {logging_mixin.py:104} INFO - [2022-05-26 10:05:29,925] {dag.py:1833} INFO - Sync 1 DAGs
[2022-05-26 10:05:30,575] {logging_mixin.py:104} INFO - [2022-05-26 10:05:30,575] {dag.py:2306} INFO - Setting next_dagrun for example_task_group_decorator to 2022-05-24 00:00:00+00:00
[2022-05-26 10:05:30,717] {scheduler_job.py:189} INFO - Processing /home/airflow/.local/lib/python3.6/site-packages/airflow/example_dags/example_task_group_decorator.py took 14.308 seconds
[2022-05-26 10:14:43,103] {scheduler_job.py:181} INFO - Started process (PID=213) to work on /home/airflow/.local/lib/python3.6/site-packages/airflow/example_dags/example_task_group_decorator.py
[2022-05-26 10:14:43,142] {scheduler_job.py:632} INFO - Processing file /home/airflow/.local/lib/python3.6/site-packages/airflow/example_dags/example_task_group_decorator.py for tasks to queue
[2022-05-26 10:14:43,168] {logging_mixin.py:104} INFO - [2022-05-26 10:14:43,167] {dagbag.py:496} INFO - Filling up the DagBag from /home/airflow/.local/lib/python3.6/site-packages/airflow/example_dags/example_task_group_decorator.py
[2022-05-26 10:14:43,970] {scheduler_job.py:642} INFO - DAG(s) dict_keys(['example_task_group_decorator']) retrieved from /home/airflow/.local/lib/python3.6/site-packages/airflow/example_dags/example_task_group_decorator.py
[2022-05-26 10:14:51,661] {logging_mixin.py:104} INFO - [2022-05-26 10:14:51,661] {dag.py:1833} INFO - Sync 1 DAGs
[2022-05-26 10:14:52,023] {logging_mixin.py:104} INFO - [2022-05-26 10:14:52,023] {dag.py:2306} INFO - Setting next_dagrun for example_task_group_decorator to 2022-05-24 00:00:00+00:00
[2022-05-26 10:14:52,302] {scheduler_job.py:189} INFO - Processing /home/airflow/.local/lib/python3.6/site-packages/airflow/example_dags/example_task_group_decorator.py took 9.284 seconds
