[2022-05-26 09:50:25,527] {scheduler_job.py:181} INFO - Started process (PID=378) to work on /home/airflow/.local/lib/python3.6/site-packages/airflow/example_dags/example_branch_python_dop_operator_3.py
[2022-05-26 09:50:25,549] {scheduler_job.py:632} INFO - Processing file /home/airflow/.local/lib/python3.6/site-packages/airflow/example_dags/example_branch_python_dop_operator_3.py for tasks to queue
[2022-05-26 09:50:25,563] {logging_mixin.py:104} INFO - [2022-05-26 09:50:25,562] {dagbag.py:496} INFO - Filling up the DagBag from /home/airflow/.local/lib/python3.6/site-packages/airflow/example_dags/example_branch_python_dop_operator_3.py
[2022-05-26 09:50:25,673] {scheduler_job.py:642} INFO - DAG(s) dict_keys(['example_branch_dop_operator_v3']) retrieved from /home/airflow/.local/lib/python3.6/site-packages/airflow/example_dags/example_branch_python_dop_operator_3.py
[2022-05-26 09:50:32,923] {logging_mixin.py:104} INFO - [2022-05-26 09:50:32,923] {opentelemetry_tracing.py:29} INFO - This service is instrumented using OpenTelemetry. OpenTelemetry could not be imported; please add opentelemetry-api and opentelemetry-instrumentation packages in order to get BigQuery Tracing data.
[2022-05-26 09:50:33,794] {logging_mixin.py:104} INFO - [2022-05-26 09:50:33,791] {dag.py:1833} INFO - Sync 1 DAGs
[2022-05-26 09:50:33,826] {logging_mixin.py:104} INFO - [2022-05-26 09:50:33,825] {dag.py:1852} INFO - Creating ORM DAG for example_branch_dop_operator_v3
[2022-05-26 09:50:33,868] {logging_mixin.py:104} INFO - [2022-05-26 09:50:33,867] {dag.py:2306} INFO - Setting next_dagrun for example_branch_dop_operator_v3 to 2022-05-24 00:00:00+00:00
[2022-05-26 09:50:33,899] {scheduler_job.py:189} INFO - Processing /home/airflow/.local/lib/python3.6/site-packages/airflow/example_dags/example_branch_python_dop_operator_3.py took 8.390 seconds
[2022-05-26 09:51:49,601] {scheduler_job.py:181} INFO - Started process (PID=477) to work on /home/airflow/.local/lib/python3.6/site-packages/airflow/example_dags/example_branch_python_dop_operator_3.py
[2022-05-26 09:51:49,632] {scheduler_job.py:632} INFO - Processing file /home/airflow/.local/lib/python3.6/site-packages/airflow/example_dags/example_branch_python_dop_operator_3.py for tasks to queue
[2022-05-26 09:51:49,642] {logging_mixin.py:104} INFO - [2022-05-26 09:51:49,639] {dagbag.py:496} INFO - Filling up the DagBag from /home/airflow/.local/lib/python3.6/site-packages/airflow/example_dags/example_branch_python_dop_operator_3.py
[2022-05-26 09:51:49,700] {scheduler_job.py:642} INFO - DAG(s) dict_keys(['example_branch_dop_operator_v3']) retrieved from /home/airflow/.local/lib/python3.6/site-packages/airflow/example_dags/example_branch_python_dop_operator_3.py
[2022-05-26 09:51:49,794] {logging_mixin.py:104} INFO - [2022-05-26 09:51:49,794] {dag.py:1833} INFO - Sync 1 DAGs
[2022-05-26 09:51:49,906] {logging_mixin.py:104} INFO - [2022-05-26 09:51:49,906] {dag.py:2306} INFO - Setting next_dagrun for example_branch_dop_operator_v3 to 2022-05-24 00:00:00+00:00
[2022-05-26 09:51:49,951] {scheduler_job.py:189} INFO - Processing /home/airflow/.local/lib/python3.6/site-packages/airflow/example_dags/example_branch_python_dop_operator_3.py took 0.371 seconds
[2022-05-26 09:52:20,086] {scheduler_job.py:181} INFO - Started process (PID=530) to work on /home/airflow/.local/lib/python3.6/site-packages/airflow/example_dags/example_branch_python_dop_operator_3.py
[2022-05-26 09:52:20,096] {scheduler_job.py:632} INFO - Processing file /home/airflow/.local/lib/python3.6/site-packages/airflow/example_dags/example_branch_python_dop_operator_3.py for tasks to queue
[2022-05-26 09:52:20,100] {logging_mixin.py:104} INFO - [2022-05-26 09:52:20,099] {dagbag.py:496} INFO - Filling up the DagBag from /home/airflow/.local/lib/python3.6/site-packages/airflow/example_dags/example_branch_python_dop_operator_3.py
[2022-05-26 09:52:20,189] {scheduler_job.py:642} INFO - DAG(s) dict_keys(['example_branch_dop_operator_v3']) retrieved from /home/airflow/.local/lib/python3.6/site-packages/airflow/example_dags/example_branch_python_dop_operator_3.py
[2022-05-26 09:52:20,263] {logging_mixin.py:104} INFO - [2022-05-26 09:52:20,263] {dag.py:1833} INFO - Sync 1 DAGs
[2022-05-26 09:52:20,312] {logging_mixin.py:104} INFO - [2022-05-26 09:52:20,312] {dag.py:2306} INFO - Setting next_dagrun for example_branch_dop_operator_v3 to 2022-05-24 00:00:00+00:00
[2022-05-26 09:52:20,335] {scheduler_job.py:189} INFO - Processing /home/airflow/.local/lib/python3.6/site-packages/airflow/example_dags/example_branch_python_dop_operator_3.py took 0.263 seconds
[2022-05-26 09:52:51,834] {scheduler_job.py:181} INFO - Started process (PID=586) to work on /home/airflow/.local/lib/python3.6/site-packages/airflow/example_dags/example_branch_python_dop_operator_3.py
[2022-05-26 09:52:51,837] {scheduler_job.py:632} INFO - Processing file /home/airflow/.local/lib/python3.6/site-packages/airflow/example_dags/example_branch_python_dop_operator_3.py for tasks to queue
[2022-05-26 09:52:51,841] {logging_mixin.py:104} INFO - [2022-05-26 09:52:51,840] {dagbag.py:496} INFO - Filling up the DagBag from /home/airflow/.local/lib/python3.6/site-packages/airflow/example_dags/example_branch_python_dop_operator_3.py
[2022-05-26 09:52:51,917] {scheduler_job.py:642} INFO - DAG(s) dict_keys(['example_branch_dop_operator_v3']) retrieved from /home/airflow/.local/lib/python3.6/site-packages/airflow/example_dags/example_branch_python_dop_operator_3.py
[2022-05-26 09:52:52,022] {logging_mixin.py:104} INFO - [2022-05-26 09:52:52,022] {dag.py:1833} INFO - Sync 1 DAGs
[2022-05-26 09:52:52,133] {logging_mixin.py:104} INFO - [2022-05-26 09:52:52,133] {dag.py:2306} INFO - Setting next_dagrun for example_branch_dop_operator_v3 to 2022-05-24 00:00:00+00:00
[2022-05-26 09:52:52,181] {scheduler_job.py:189} INFO - Processing /home/airflow/.local/lib/python3.6/site-packages/airflow/example_dags/example_branch_python_dop_operator_3.py took 0.353 seconds
[2022-05-26 09:53:23,784] {scheduler_job.py:181} INFO - Started process (PID=639) to work on /home/airflow/.local/lib/python3.6/site-packages/airflow/example_dags/example_branch_python_dop_operator_3.py
[2022-05-26 09:53:23,796] {scheduler_job.py:632} INFO - Processing file /home/airflow/.local/lib/python3.6/site-packages/airflow/example_dags/example_branch_python_dop_operator_3.py for tasks to queue
[2022-05-26 09:53:23,800] {logging_mixin.py:104} INFO - [2022-05-26 09:53:23,800] {dagbag.py:496} INFO - Filling up the DagBag from /home/airflow/.local/lib/python3.6/site-packages/airflow/example_dags/example_branch_python_dop_operator_3.py
[2022-05-26 09:53:23,840] {scheduler_job.py:642} INFO - DAG(s) dict_keys(['example_branch_dop_operator_v3']) retrieved from /home/airflow/.local/lib/python3.6/site-packages/airflow/example_dags/example_branch_python_dop_operator_3.py
[2022-05-26 09:53:23,939] {logging_mixin.py:104} INFO - [2022-05-26 09:53:23,938] {dag.py:1833} INFO - Sync 1 DAGs
[2022-05-26 09:53:24,045] {logging_mixin.py:104} INFO - [2022-05-26 09:53:24,044] {dag.py:2306} INFO - Setting next_dagrun for example_branch_dop_operator_v3 to 2022-05-24 00:00:00+00:00
[2022-05-26 09:53:24,064] {scheduler_job.py:189} INFO - Processing /home/airflow/.local/lib/python3.6/site-packages/airflow/example_dags/example_branch_python_dop_operator_3.py took 0.296 seconds
[2022-05-26 09:53:55,651] {scheduler_job.py:181} INFO - Started process (PID=696) to work on /home/airflow/.local/lib/python3.6/site-packages/airflow/example_dags/example_branch_python_dop_operator_3.py
[2022-05-26 09:53:55,670] {scheduler_job.py:632} INFO - Processing file /home/airflow/.local/lib/python3.6/site-packages/airflow/example_dags/example_branch_python_dop_operator_3.py for tasks to queue
[2022-05-26 09:53:55,677] {logging_mixin.py:104} INFO - [2022-05-26 09:53:55,676] {dagbag.py:496} INFO - Filling up the DagBag from /home/airflow/.local/lib/python3.6/site-packages/airflow/example_dags/example_branch_python_dop_operator_3.py
[2022-05-26 09:53:55,997] {scheduler_job.py:642} INFO - DAG(s) dict_keys(['example_branch_dop_operator_v3']) retrieved from /home/airflow/.local/lib/python3.6/site-packages/airflow/example_dags/example_branch_python_dop_operator_3.py
[2022-05-26 09:53:56,356] {logging_mixin.py:104} INFO - [2022-05-26 09:53:56,354] {dag.py:1833} INFO - Sync 1 DAGs
[2022-05-26 09:53:56,473] {logging_mixin.py:104} INFO - [2022-05-26 09:53:56,472] {dag.py:2306} INFO - Setting next_dagrun for example_branch_dop_operator_v3 to 2022-05-24 00:00:00+00:00
[2022-05-26 09:53:56,521] {scheduler_job.py:189} INFO - Processing /home/airflow/.local/lib/python3.6/site-packages/airflow/example_dags/example_branch_python_dop_operator_3.py took 0.880 seconds
[2022-05-26 09:54:49,722] {scheduler_job.py:181} INFO - Started process (PID=752) to work on /home/airflow/.local/lib/python3.6/site-packages/airflow/example_dags/example_branch_python_dop_operator_3.py
[2022-05-26 09:54:49,737] {scheduler_job.py:632} INFO - Processing file /home/airflow/.local/lib/python3.6/site-packages/airflow/example_dags/example_branch_python_dop_operator_3.py for tasks to queue
[2022-05-26 09:54:49,747] {logging_mixin.py:104} INFO - [2022-05-26 09:54:49,744] {dagbag.py:496} INFO - Filling up the DagBag from /home/airflow/.local/lib/python3.6/site-packages/airflow/example_dags/example_branch_python_dop_operator_3.py
[2022-05-26 09:54:49,832] {scheduler_job.py:642} INFO - DAG(s) dict_keys(['example_branch_dop_operator_v3']) retrieved from /home/airflow/.local/lib/python3.6/site-packages/airflow/example_dags/example_branch_python_dop_operator_3.py
[2022-05-26 09:54:49,941] {logging_mixin.py:104} INFO - [2022-05-26 09:54:49,940] {dag.py:1833} INFO - Sync 1 DAGs
[2022-05-26 09:54:50,048] {logging_mixin.py:104} INFO - [2022-05-26 09:54:50,048] {dag.py:2306} INFO - Setting next_dagrun for example_branch_dop_operator_v3 to 2022-05-24 00:00:00+00:00
[2022-05-26 09:54:50,142] {scheduler_job.py:189} INFO - Processing /home/airflow/.local/lib/python3.6/site-packages/airflow/example_dags/example_branch_python_dop_operator_3.py took 0.450 seconds
[2022-05-26 09:55:20,760] {scheduler_job.py:181} INFO - Started process (PID=807) to work on /home/airflow/.local/lib/python3.6/site-packages/airflow/example_dags/example_branch_python_dop_operator_3.py
[2022-05-26 09:55:20,770] {scheduler_job.py:632} INFO - Processing file /home/airflow/.local/lib/python3.6/site-packages/airflow/example_dags/example_branch_python_dop_operator_3.py for tasks to queue
[2022-05-26 09:55:20,774] {logging_mixin.py:104} INFO - [2022-05-26 09:55:20,774] {dagbag.py:496} INFO - Filling up the DagBag from /home/airflow/.local/lib/python3.6/site-packages/airflow/example_dags/example_branch_python_dop_operator_3.py
[2022-05-26 09:55:20,843] {scheduler_job.py:642} INFO - DAG(s) dict_keys(['example_branch_dop_operator_v3']) retrieved from /home/airflow/.local/lib/python3.6/site-packages/airflow/example_dags/example_branch_python_dop_operator_3.py
[2022-05-26 09:55:20,942] {logging_mixin.py:104} INFO - [2022-05-26 09:55:20,941] {dag.py:1833} INFO - Sync 1 DAGs
[2022-05-26 09:55:21,040] {logging_mixin.py:104} INFO - [2022-05-26 09:55:21,040] {dag.py:2306} INFO - Setting next_dagrun for example_branch_dop_operator_v3 to 2022-05-24 00:00:00+00:00
[2022-05-26 09:55:21,083] {scheduler_job.py:189} INFO - Processing /home/airflow/.local/lib/python3.6/site-packages/airflow/example_dags/example_branch_python_dop_operator_3.py took 0.336 seconds
[2022-05-26 09:56:06,236] {scheduler_job.py:181} INFO - Started process (PID=866) to work on /home/airflow/.local/lib/python3.6/site-packages/airflow/example_dags/example_branch_python_dop_operator_3.py
[2022-05-26 09:56:06,244] {scheduler_job.py:632} INFO - Processing file /home/airflow/.local/lib/python3.6/site-packages/airflow/example_dags/example_branch_python_dop_operator_3.py for tasks to queue
[2022-05-26 09:56:06,305] {logging_mixin.py:104} INFO - [2022-05-26 09:56:06,300] {dagbag.py:496} INFO - Filling up the DagBag from /home/airflow/.local/lib/python3.6/site-packages/airflow/example_dags/example_branch_python_dop_operator_3.py
[2022-05-26 09:56:06,519] {scheduler_job.py:642} INFO - DAG(s) dict_keys(['example_branch_dop_operator_v3']) retrieved from /home/airflow/.local/lib/python3.6/site-packages/airflow/example_dags/example_branch_python_dop_operator_3.py
[2022-05-26 09:56:06,936] {logging_mixin.py:104} INFO - [2022-05-26 09:56:06,936] {dag.py:1833} INFO - Sync 1 DAGs
[2022-05-26 09:56:07,448] {logging_mixin.py:104} INFO - [2022-05-26 09:56:07,448] {dag.py:2306} INFO - Setting next_dagrun for example_branch_dop_operator_v3 to 2022-05-24 00:00:00+00:00
[2022-05-26 09:56:08,426] {scheduler_job.py:189} INFO - Processing /home/airflow/.local/lib/python3.6/site-packages/airflow/example_dags/example_branch_python_dop_operator_3.py took 2.222 seconds
[2022-05-26 09:57:17,047] {scheduler_job.py:181} INFO - Started process (PID=939) to work on /home/airflow/.local/lib/python3.6/site-packages/airflow/example_dags/example_branch_python_dop_operator_3.py
[2022-05-26 09:57:17,105] {scheduler_job.py:632} INFO - Processing file /home/airflow/.local/lib/python3.6/site-packages/airflow/example_dags/example_branch_python_dop_operator_3.py for tasks to queue
[2022-05-26 09:57:17,128] {logging_mixin.py:104} INFO - [2022-05-26 09:57:17,128] {dagbag.py:496} INFO - Filling up the DagBag from /home/airflow/.local/lib/python3.6/site-packages/airflow/example_dags/example_branch_python_dop_operator_3.py
[2022-05-26 09:57:17,903] {scheduler_job.py:642} INFO - DAG(s) dict_keys(['example_branch_dop_operator_v3']) retrieved from /home/airflow/.local/lib/python3.6/site-packages/airflow/example_dags/example_branch_python_dop_operator_3.py
[2022-05-26 09:57:18,314] {logging_mixin.py:104} INFO - [2022-05-26 09:57:18,314] {dag.py:1833} INFO - Sync 1 DAGs
[2022-05-26 09:57:18,586] {logging_mixin.py:104} INFO - [2022-05-26 09:57:18,586] {dag.py:2306} INFO - Setting next_dagrun for example_branch_dop_operator_v3 to 2022-05-24 00:00:00+00:00
[2022-05-26 09:57:18,701] {scheduler_job.py:189} INFO - Processing /home/airflow/.local/lib/python3.6/site-packages/airflow/example_dags/example_branch_python_dop_operator_3.py took 1.784 seconds
[2022-05-26 09:58:34,270] {scheduler_job.py:181} INFO - Started process (PID=1019) to work on /home/airflow/.local/lib/python3.6/site-packages/airflow/example_dags/example_branch_python_dop_operator_3.py
[2022-05-26 09:58:34,320] {scheduler_job.py:632} INFO - Processing file /home/airflow/.local/lib/python3.6/site-packages/airflow/example_dags/example_branch_python_dop_operator_3.py for tasks to queue
[2022-05-26 09:58:34,339] {logging_mixin.py:104} INFO - [2022-05-26 09:58:34,339] {dagbag.py:496} INFO - Filling up the DagBag from /home/airflow/.local/lib/python3.6/site-packages/airflow/example_dags/example_branch_python_dop_operator_3.py
[2022-05-26 09:58:34,445] {scheduler_job.py:642} INFO - DAG(s) dict_keys(['example_branch_dop_operator_v3']) retrieved from /home/airflow/.local/lib/python3.6/site-packages/airflow/example_dags/example_branch_python_dop_operator_3.py
[2022-05-26 09:58:34,663] {logging_mixin.py:104} INFO - [2022-05-26 09:58:34,663] {dag.py:1833} INFO - Sync 1 DAGs
[2022-05-26 09:58:34,820] {logging_mixin.py:104} INFO - [2022-05-26 09:58:34,820] {dag.py:2306} INFO - Setting next_dagrun for example_branch_dop_operator_v3 to 2022-05-24 00:00:00+00:00
[2022-05-26 09:58:34,875] {scheduler_job.py:189} INFO - Processing /home/airflow/.local/lib/python3.6/site-packages/airflow/example_dags/example_branch_python_dop_operator_3.py took 0.669 seconds
[2022-05-26 10:00:04,440] {scheduler_job.py:181} INFO - Started process (PID=1091) to work on /home/airflow/.local/lib/python3.6/site-packages/airflow/example_dags/example_branch_python_dop_operator_3.py
[2022-05-26 10:00:04,455] {scheduler_job.py:632} INFO - Processing file /home/airflow/.local/lib/python3.6/site-packages/airflow/example_dags/example_branch_python_dop_operator_3.py for tasks to queue
[2022-05-26 10:00:04,459] {logging_mixin.py:104} INFO - [2022-05-26 10:00:04,458] {dagbag.py:496} INFO - Filling up the DagBag from /home/airflow/.local/lib/python3.6/site-packages/airflow/example_dags/example_branch_python_dop_operator_3.py
[2022-05-26 10:00:04,661] {scheduler_job.py:642} INFO - DAG(s) dict_keys(['example_branch_dop_operator_v3']) retrieved from /home/airflow/.local/lib/python3.6/site-packages/airflow/example_dags/example_branch_python_dop_operator_3.py
[2022-05-26 10:00:05,050] {logging_mixin.py:104} INFO - [2022-05-26 10:00:05,049] {dag.py:1833} INFO - Sync 1 DAGs
[2022-05-26 10:00:05,727] {logging_mixin.py:104} INFO - [2022-05-26 10:00:05,727] {dag.py:2306} INFO - Setting next_dagrun for example_branch_dop_operator_v3 to 2022-05-24 00:00:00+00:00
[2022-05-26 10:00:05,822] {scheduler_job.py:189} INFO - Processing /home/airflow/.local/lib/python3.6/site-packages/airflow/example_dags/example_branch_python_dop_operator_3.py took 1.391 seconds
[2022-05-26 10:04:23,235] {scheduler_job.py:181} INFO - Started process (PID=1280) to work on /home/airflow/.local/lib/python3.6/site-packages/airflow/example_dags/example_branch_python_dop_operator_3.py
[2022-05-26 10:04:23,312] {scheduler_job.py:632} INFO - Processing file /home/airflow/.local/lib/python3.6/site-packages/airflow/example_dags/example_branch_python_dop_operator_3.py for tasks to queue
[2022-05-26 10:04:23,329] {logging_mixin.py:104} INFO - [2022-05-26 10:04:23,329] {dagbag.py:496} INFO - Filling up the DagBag from /home/airflow/.local/lib/python3.6/site-packages/airflow/example_dags/example_branch_python_dop_operator_3.py
[2022-05-26 10:04:23,710] {scheduler_job.py:642} INFO - DAG(s) dict_keys(['example_branch_dop_operator_v3']) retrieved from /home/airflow/.local/lib/python3.6/site-packages/airflow/example_dags/example_branch_python_dop_operator_3.py
[2022-05-26 10:04:24,241] {logging_mixin.py:104} INFO - [2022-05-26 10:04:24,220] {dag.py:1833} INFO - Sync 1 DAGs
[2022-05-26 10:04:24,912] {logging_mixin.py:104} INFO - [2022-05-26 10:04:24,912] {dag.py:2306} INFO - Setting next_dagrun for example_branch_dop_operator_v3 to 2022-05-24 00:00:00+00:00
[2022-05-26 10:04:25,251] {scheduler_job.py:189} INFO - Processing /home/airflow/.local/lib/python3.6/site-packages/airflow/example_dags/example_branch_python_dop_operator_3.py took 2.121 seconds
