[2022-05-26 09:50:14,801] {scheduler_job.py:181} INFO - Started process (PID=362) to work on /home/airflow/.local/lib/python3.6/site-packages/airflow/example_dags/example_short_circuit_operator.py
[2022-05-26 09:50:14,807] {scheduler_job.py:632} INFO - Processing file /home/airflow/.local/lib/python3.6/site-packages/airflow/example_dags/example_short_circuit_operator.py for tasks to queue
[2022-05-26 09:50:14,811] {logging_mixin.py:104} INFO - [2022-05-26 09:50:14,811] {dagbag.py:496} INFO - Filling up the DagBag from /home/airflow/.local/lib/python3.6/site-packages/airflow/example_dags/example_short_circuit_operator.py
[2022-05-26 09:50:14,862] {scheduler_job.py:642} INFO - DAG(s) dict_keys(['example_short_circuit_operator']) retrieved from /home/airflow/.local/lib/python3.6/site-packages/airflow/example_dags/example_short_circuit_operator.py
[2022-05-26 09:50:22,005] {logging_mixin.py:104} INFO - [2022-05-26 09:50:22,005] {opentelemetry_tracing.py:29} INFO - This service is instrumented using OpenTelemetry. OpenTelemetry could not be imported; please add opentelemetry-api and opentelemetry-instrumentation packages in order to get BigQuery Tracing data.
[2022-05-26 09:50:23,313] {logging_mixin.py:104} INFO - [2022-05-26 09:50:23,310] {dag.py:1833} INFO - Sync 1 DAGs
[2022-05-26 09:50:23,356] {logging_mixin.py:104} INFO - [2022-05-26 09:50:23,351] {dag.py:1852} INFO - Creating ORM DAG for example_short_circuit_operator
[2022-05-26 09:50:23,391] {logging_mixin.py:104} INFO - [2022-05-26 09:50:23,391] {dag.py:2306} INFO - Setting next_dagrun for example_short_circuit_operator to 2022-05-24 00:00:00+00:00
[2022-05-26 09:50:23,455] {scheduler_job.py:189} INFO - Processing /home/airflow/.local/lib/python3.6/site-packages/airflow/example_dags/example_short_circuit_operator.py took 8.663 seconds
[2022-05-26 09:51:48,336] {scheduler_job.py:181} INFO - Started process (PID=473) to work on /home/airflow/.local/lib/python3.6/site-packages/airflow/example_dags/example_short_circuit_operator.py
[2022-05-26 09:51:48,354] {scheduler_job.py:632} INFO - Processing file /home/airflow/.local/lib/python3.6/site-packages/airflow/example_dags/example_short_circuit_operator.py for tasks to queue
[2022-05-26 09:51:48,359] {logging_mixin.py:104} INFO - [2022-05-26 09:51:48,358] {dagbag.py:496} INFO - Filling up the DagBag from /home/airflow/.local/lib/python3.6/site-packages/airflow/example_dags/example_short_circuit_operator.py
[2022-05-26 09:51:48,460] {scheduler_job.py:642} INFO - DAG(s) dict_keys(['example_short_circuit_operator']) retrieved from /home/airflow/.local/lib/python3.6/site-packages/airflow/example_dags/example_short_circuit_operator.py
[2022-05-26 09:51:48,548] {logging_mixin.py:104} INFO - [2022-05-26 09:51:48,548] {dag.py:1833} INFO - Sync 1 DAGs
[2022-05-26 09:51:48,593] {logging_mixin.py:104} INFO - [2022-05-26 09:51:48,593] {dag.py:2306} INFO - Setting next_dagrun for example_short_circuit_operator to 2022-05-24 00:00:00+00:00
[2022-05-26 09:51:48,652] {scheduler_job.py:189} INFO - Processing /home/airflow/.local/lib/python3.6/site-packages/airflow/example_dags/example_short_circuit_operator.py took 0.322 seconds
[2022-05-26 09:52:19,763] {scheduler_job.py:181} INFO - Started process (PID=528) to work on /home/airflow/.local/lib/python3.6/site-packages/airflow/example_dags/example_short_circuit_operator.py
[2022-05-26 09:52:19,767] {scheduler_job.py:632} INFO - Processing file /home/airflow/.local/lib/python3.6/site-packages/airflow/example_dags/example_short_circuit_operator.py for tasks to queue
[2022-05-26 09:52:19,777] {logging_mixin.py:104} INFO - [2022-05-26 09:52:19,776] {dagbag.py:496} INFO - Filling up the DagBag from /home/airflow/.local/lib/python3.6/site-packages/airflow/example_dags/example_short_circuit_operator.py
[2022-05-26 09:52:19,824] {scheduler_job.py:642} INFO - DAG(s) dict_keys(['example_short_circuit_operator']) retrieved from /home/airflow/.local/lib/python3.6/site-packages/airflow/example_dags/example_short_circuit_operator.py
[2022-05-26 09:52:19,917] {logging_mixin.py:104} INFO - [2022-05-26 09:52:19,917] {dag.py:1833} INFO - Sync 1 DAGs
[2022-05-26 09:52:19,965] {logging_mixin.py:104} INFO - [2022-05-26 09:52:19,965] {dag.py:2306} INFO - Setting next_dagrun for example_short_circuit_operator to 2022-05-24 00:00:00+00:00
[2022-05-26 09:52:20,013] {scheduler_job.py:189} INFO - Processing /home/airflow/.local/lib/python3.6/site-packages/airflow/example_dags/example_short_circuit_operator.py took 0.254 seconds
[2022-05-26 09:52:51,459] {scheduler_job.py:181} INFO - Started process (PID=583) to work on /home/airflow/.local/lib/python3.6/site-packages/airflow/example_dags/example_short_circuit_operator.py
[2022-05-26 09:52:51,465] {scheduler_job.py:632} INFO - Processing file /home/airflow/.local/lib/python3.6/site-packages/airflow/example_dags/example_short_circuit_operator.py for tasks to queue
[2022-05-26 09:52:51,484] {logging_mixin.py:104} INFO - [2022-05-26 09:52:51,473] {dagbag.py:496} INFO - Filling up the DagBag from /home/airflow/.local/lib/python3.6/site-packages/airflow/example_dags/example_short_circuit_operator.py
[2022-05-26 09:52:51,562] {scheduler_job.py:642} INFO - DAG(s) dict_keys(['example_short_circuit_operator']) retrieved from /home/airflow/.local/lib/python3.6/site-packages/airflow/example_dags/example_short_circuit_operator.py
[2022-05-26 09:52:51,610] {logging_mixin.py:104} INFO - [2022-05-26 09:52:51,609] {dag.py:1833} INFO - Sync 1 DAGs
[2022-05-26 09:52:51,657] {logging_mixin.py:104} INFO - [2022-05-26 09:52:51,656] {dag.py:2306} INFO - Setting next_dagrun for example_short_circuit_operator to 2022-05-24 00:00:00+00:00
[2022-05-26 09:52:51,737] {scheduler_job.py:189} INFO - Processing /home/airflow/.local/lib/python3.6/site-packages/airflow/example_dags/example_short_circuit_operator.py took 0.287 seconds
[2022-05-26 09:53:23,003] {scheduler_job.py:181} INFO - Started process (PID=637) to work on /home/airflow/.local/lib/python3.6/site-packages/airflow/example_dags/example_short_circuit_operator.py
[2022-05-26 09:53:23,040] {scheduler_job.py:632} INFO - Processing file /home/airflow/.local/lib/python3.6/site-packages/airflow/example_dags/example_short_circuit_operator.py for tasks to queue
[2022-05-26 09:53:23,056] {logging_mixin.py:104} INFO - [2022-05-26 09:53:23,054] {dagbag.py:496} INFO - Filling up the DagBag from /home/airflow/.local/lib/python3.6/site-packages/airflow/example_dags/example_short_circuit_operator.py
[2022-05-26 09:53:23,178] {scheduler_job.py:642} INFO - DAG(s) dict_keys(['example_short_circuit_operator']) retrieved from /home/airflow/.local/lib/python3.6/site-packages/airflow/example_dags/example_short_circuit_operator.py
[2022-05-26 09:53:23,344] {logging_mixin.py:104} INFO - [2022-05-26 09:53:23,344] {dag.py:1833} INFO - Sync 1 DAGs
[2022-05-26 09:53:23,380] {logging_mixin.py:104} INFO - [2022-05-26 09:53:23,380] {dag.py:2306} INFO - Setting next_dagrun for example_short_circuit_operator to 2022-05-24 00:00:00+00:00
[2022-05-26 09:53:23,410] {scheduler_job.py:189} INFO - Processing /home/airflow/.local/lib/python3.6/site-packages/airflow/example_dags/example_short_circuit_operator.py took 0.426 seconds
[2022-05-26 09:53:54,477] {scheduler_job.py:181} INFO - Started process (PID=694) to work on /home/airflow/.local/lib/python3.6/site-packages/airflow/example_dags/example_short_circuit_operator.py
[2022-05-26 09:53:54,493] {scheduler_job.py:632} INFO - Processing file /home/airflow/.local/lib/python3.6/site-packages/airflow/example_dags/example_short_circuit_operator.py for tasks to queue
[2022-05-26 09:53:54,519] {logging_mixin.py:104} INFO - [2022-05-26 09:53:54,519] {dagbag.py:496} INFO - Filling up the DagBag from /home/airflow/.local/lib/python3.6/site-packages/airflow/example_dags/example_short_circuit_operator.py
[2022-05-26 09:53:54,884] {scheduler_job.py:642} INFO - DAG(s) dict_keys(['example_short_circuit_operator']) retrieved from /home/airflow/.local/lib/python3.6/site-packages/airflow/example_dags/example_short_circuit_operator.py
[2022-05-26 09:53:55,179] {logging_mixin.py:104} INFO - [2022-05-26 09:53:55,179] {dag.py:1833} INFO - Sync 1 DAGs
[2022-05-26 09:53:55,212] {logging_mixin.py:104} INFO - [2022-05-26 09:53:55,211] {dag.py:2306} INFO - Setting next_dagrun for example_short_circuit_operator to 2022-05-24 00:00:00+00:00
[2022-05-26 09:53:55,258] {scheduler_job.py:189} INFO - Processing /home/airflow/.local/lib/python3.6/site-packages/airflow/example_dags/example_short_circuit_operator.py took 0.820 seconds
[2022-05-26 09:54:48,030] {scheduler_job.py:181} INFO - Started process (PID=749) to work on /home/airflow/.local/lib/python3.6/site-packages/airflow/example_dags/example_short_circuit_operator.py
[2022-05-26 09:54:48,039] {scheduler_job.py:632} INFO - Processing file /home/airflow/.local/lib/python3.6/site-packages/airflow/example_dags/example_short_circuit_operator.py for tasks to queue
[2022-05-26 09:54:48,045] {logging_mixin.py:104} INFO - [2022-05-26 09:54:48,044] {dagbag.py:496} INFO - Filling up the DagBag from /home/airflow/.local/lib/python3.6/site-packages/airflow/example_dags/example_short_circuit_operator.py
[2022-05-26 09:54:48,128] {scheduler_job.py:642} INFO - DAG(s) dict_keys(['example_short_circuit_operator']) retrieved from /home/airflow/.local/lib/python3.6/site-packages/airflow/example_dags/example_short_circuit_operator.py
[2022-05-26 09:54:48,267] {logging_mixin.py:104} INFO - [2022-05-26 09:54:48,267] {dag.py:1833} INFO - Sync 1 DAGs
[2022-05-26 09:54:48,350] {logging_mixin.py:104} INFO - [2022-05-26 09:54:48,350] {dag.py:2306} INFO - Setting next_dagrun for example_short_circuit_operator to 2022-05-24 00:00:00+00:00
[2022-05-26 09:54:48,426] {scheduler_job.py:189} INFO - Processing /home/airflow/.local/lib/python3.6/site-packages/airflow/example_dags/example_short_circuit_operator.py took 0.415 seconds
[2022-05-26 09:55:18,663] {scheduler_job.py:181} INFO - Started process (PID=804) to work on /home/airflow/.local/lib/python3.6/site-packages/airflow/example_dags/example_short_circuit_operator.py
[2022-05-26 09:55:18,669] {scheduler_job.py:632} INFO - Processing file /home/airflow/.local/lib/python3.6/site-packages/airflow/example_dags/example_short_circuit_operator.py for tasks to queue
[2022-05-26 09:55:18,672] {logging_mixin.py:104} INFO - [2022-05-26 09:55:18,672] {dagbag.py:496} INFO - Filling up the DagBag from /home/airflow/.local/lib/python3.6/site-packages/airflow/example_dags/example_short_circuit_operator.py
[2022-05-26 09:55:18,738] {scheduler_job.py:642} INFO - DAG(s) dict_keys(['example_short_circuit_operator']) retrieved from /home/airflow/.local/lib/python3.6/site-packages/airflow/example_dags/example_short_circuit_operator.py
[2022-05-26 09:55:18,818] {logging_mixin.py:104} INFO - [2022-05-26 09:55:18,818] {dag.py:1833} INFO - Sync 1 DAGs
[2022-05-26 09:55:18,871] {logging_mixin.py:104} INFO - [2022-05-26 09:55:18,870] {dag.py:2306} INFO - Setting next_dagrun for example_short_circuit_operator to 2022-05-24 00:00:00+00:00
[2022-05-26 09:55:18,921] {scheduler_job.py:189} INFO - Processing /home/airflow/.local/lib/python3.6/site-packages/airflow/example_dags/example_short_circuit_operator.py took 0.289 seconds
[2022-05-26 09:56:04,698] {scheduler_job.py:181} INFO - Started process (PID=863) to work on /home/airflow/.local/lib/python3.6/site-packages/airflow/example_dags/example_short_circuit_operator.py
[2022-05-26 09:56:04,716] {scheduler_job.py:632} INFO - Processing file /home/airflow/.local/lib/python3.6/site-packages/airflow/example_dags/example_short_circuit_operator.py for tasks to queue
[2022-05-26 09:56:04,730] {logging_mixin.py:104} INFO - [2022-05-26 09:56:04,729] {dagbag.py:496} INFO - Filling up the DagBag from /home/airflow/.local/lib/python3.6/site-packages/airflow/example_dags/example_short_circuit_operator.py
[2022-05-26 09:56:04,896] {scheduler_job.py:642} INFO - DAG(s) dict_keys(['example_short_circuit_operator']) retrieved from /home/airflow/.local/lib/python3.6/site-packages/airflow/example_dags/example_short_circuit_operator.py
[2022-05-26 09:56:05,016] {logging_mixin.py:104} INFO - [2022-05-26 09:56:05,016] {dag.py:1833} INFO - Sync 1 DAGs
[2022-05-26 09:56:05,112] {logging_mixin.py:104} INFO - [2022-05-26 09:56:05,110] {dag.py:2306} INFO - Setting next_dagrun for example_short_circuit_operator to 2022-05-24 00:00:00+00:00
[2022-05-26 09:56:05,372] {scheduler_job.py:189} INFO - Processing /home/airflow/.local/lib/python3.6/site-packages/airflow/example_dags/example_short_circuit_operator.py took 0.718 seconds
[2022-05-26 09:57:10,974] {scheduler_job.py:181} INFO - Started process (PID=936) to work on /home/airflow/.local/lib/python3.6/site-packages/airflow/example_dags/example_short_circuit_operator.py
[2022-05-26 09:57:11,014] {scheduler_job.py:632} INFO - Processing file /home/airflow/.local/lib/python3.6/site-packages/airflow/example_dags/example_short_circuit_operator.py for tasks to queue
[2022-05-26 09:57:11,024] {logging_mixin.py:104} INFO - [2022-05-26 09:57:11,023] {dagbag.py:496} INFO - Filling up the DagBag from /home/airflow/.local/lib/python3.6/site-packages/airflow/example_dags/example_short_circuit_operator.py
[2022-05-26 09:57:11,247] {scheduler_job.py:642} INFO - DAG(s) dict_keys(['example_short_circuit_operator']) retrieved from /home/airflow/.local/lib/python3.6/site-packages/airflow/example_dags/example_short_circuit_operator.py
[2022-05-26 09:57:11,678] {logging_mixin.py:104} INFO - [2022-05-26 09:57:11,678] {dag.py:1833} INFO - Sync 1 DAGs
[2022-05-26 09:57:12,292] {logging_mixin.py:104} INFO - [2022-05-26 09:57:12,291] {dag.py:2306} INFO - Setting next_dagrun for example_short_circuit_operator to 2022-05-24 00:00:00+00:00
[2022-05-26 09:57:14,263] {scheduler_job.py:189} INFO - Processing /home/airflow/.local/lib/python3.6/site-packages/airflow/example_dags/example_short_circuit_operator.py took 3.322 seconds
[2022-05-26 09:58:28,142] {scheduler_job.py:181} INFO - Started process (PID=1006) to work on /home/airflow/.local/lib/python3.6/site-packages/airflow/example_dags/example_short_circuit_operator.py
[2022-05-26 09:58:28,170] {scheduler_job.py:632} INFO - Processing file /home/airflow/.local/lib/python3.6/site-packages/airflow/example_dags/example_short_circuit_operator.py for tasks to queue
[2022-05-26 09:58:28,192] {logging_mixin.py:104} INFO - [2022-05-26 09:58:28,192] {dagbag.py:496} INFO - Filling up the DagBag from /home/airflow/.local/lib/python3.6/site-packages/airflow/example_dags/example_short_circuit_operator.py
[2022-05-26 09:58:28,509] {scheduler_job.py:642} INFO - DAG(s) dict_keys(['example_short_circuit_operator']) retrieved from /home/airflow/.local/lib/python3.6/site-packages/airflow/example_dags/example_short_circuit_operator.py
[2022-05-26 09:58:29,062] {logging_mixin.py:104} INFO - [2022-05-26 09:58:29,062] {dag.py:1833} INFO - Sync 1 DAGs
[2022-05-26 09:58:29,188] {logging_mixin.py:104} INFO - [2022-05-26 09:58:29,188] {dag.py:2306} INFO - Setting next_dagrun for example_short_circuit_operator to 2022-05-24 00:00:00+00:00
[2022-05-26 09:58:29,342] {scheduler_job.py:189} INFO - Processing /home/airflow/.local/lib/python3.6/site-packages/airflow/example_dags/example_short_circuit_operator.py took 1.268 seconds
[2022-05-26 09:59:56,643] {scheduler_job.py:181} INFO - Started process (PID=1086) to work on /home/airflow/.local/lib/python3.6/site-packages/airflow/example_dags/example_short_circuit_operator.py
[2022-05-26 09:59:56,697] {scheduler_job.py:632} INFO - Processing file /home/airflow/.local/lib/python3.6/site-packages/airflow/example_dags/example_short_circuit_operator.py for tasks to queue
[2022-05-26 09:59:56,716] {logging_mixin.py:104} INFO - [2022-05-26 09:59:56,709] {dagbag.py:496} INFO - Filling up the DagBag from /home/airflow/.local/lib/python3.6/site-packages/airflow/example_dags/example_short_circuit_operator.py
[2022-05-26 09:59:57,145] {scheduler_job.py:642} INFO - DAG(s) dict_keys(['example_short_circuit_operator']) retrieved from /home/airflow/.local/lib/python3.6/site-packages/airflow/example_dags/example_short_circuit_operator.py
[2022-05-26 09:59:58,000] {logging_mixin.py:104} INFO - [2022-05-26 09:59:57,999] {dag.py:1833} INFO - Sync 1 DAGs
[2022-05-26 09:59:58,319] {logging_mixin.py:104} INFO - [2022-05-26 09:59:58,319] {dag.py:2306} INFO - Setting next_dagrun for example_short_circuit_operator to 2022-05-24 00:00:00+00:00
[2022-05-26 09:59:58,492] {scheduler_job.py:189} INFO - Processing /home/airflow/.local/lib/python3.6/site-packages/airflow/example_dags/example_short_circuit_operator.py took 2.045 seconds
[2022-05-26 10:04:17,089] {scheduler_job.py:181} INFO - Started process (PID=1276) to work on /home/airflow/.local/lib/python3.6/site-packages/airflow/example_dags/example_short_circuit_operator.py
[2022-05-26 10:04:17,188] {scheduler_job.py:632} INFO - Processing file /home/airflow/.local/lib/python3.6/site-packages/airflow/example_dags/example_short_circuit_operator.py for tasks to queue
[2022-05-26 10:04:17,232] {logging_mixin.py:104} INFO - [2022-05-26 10:04:17,231] {dagbag.py:496} INFO - Filling up the DagBag from /home/airflow/.local/lib/python3.6/site-packages/airflow/example_dags/example_short_circuit_operator.py
[2022-05-26 10:04:18,075] {scheduler_job.py:642} INFO - DAG(s) dict_keys(['example_short_circuit_operator']) retrieved from /home/airflow/.local/lib/python3.6/site-packages/airflow/example_dags/example_short_circuit_operator.py
[2022-05-26 10:04:18,975] {logging_mixin.py:104} INFO - [2022-05-26 10:04:18,880] {dag.py:1833} INFO - Sync 1 DAGs
[2022-05-26 10:04:19,184] {logging_mixin.py:104} INFO - [2022-05-26 10:04:19,183] {dag.py:2306} INFO - Setting next_dagrun for example_short_circuit_operator to 2022-05-24 00:00:00+00:00
[2022-05-26 10:04:19,500] {scheduler_job.py:189} INFO - Processing /home/airflow/.local/lib/python3.6/site-packages/airflow/example_dags/example_short_circuit_operator.py took 2.688 seconds
