[2022-05-26 09:50:33,254] {scheduler_job.py:181} INFO - Started process (PID=386) to work on /home/airflow/.local/lib/python3.6/site-packages/airflow/example_dags/example_xcom.py
[2022-05-26 09:50:33,261] {scheduler_job.py:632} INFO - Processing file /home/airflow/.local/lib/python3.6/site-packages/airflow/example_dags/example_xcom.py for tasks to queue
[2022-05-26 09:50:33,270] {logging_mixin.py:104} INFO - [2022-05-26 09:50:33,269] {dagbag.py:496} INFO - Filling up the DagBag from /home/airflow/.local/lib/python3.6/site-packages/airflow/example_dags/example_xcom.py
[2022-05-26 09:50:33,317] {scheduler_job.py:642} INFO - DAG(s) dict_keys(['example_xcom']) retrieved from /home/airflow/.local/lib/python3.6/site-packages/airflow/example_dags/example_xcom.py
[2022-05-26 09:50:39,647] {logging_mixin.py:104} INFO - [2022-05-26 09:50:39,647] {opentelemetry_tracing.py:29} INFO - This service is instrumented using OpenTelemetry. OpenTelemetry could not be imported; please add opentelemetry-api and opentelemetry-instrumentation packages in order to get BigQuery Tracing data.
[2022-05-26 09:50:40,912] {logging_mixin.py:104} INFO - [2022-05-26 09:50:40,909] {dag.py:1833} INFO - Sync 1 DAGs
[2022-05-26 09:50:40,942] {logging_mixin.py:104} INFO - [2022-05-26 09:50:40,939] {dag.py:1852} INFO - Creating ORM DAG for example_xcom
[2022-05-26 09:50:40,952] {logging_mixin.py:104} INFO - [2022-05-26 09:50:40,952] {dag.py:2306} INFO - Setting next_dagrun for example_xcom to 2022-05-24 00:00:00+00:00
[2022-05-26 09:50:40,977] {scheduler_job.py:189} INFO - Processing /home/airflow/.local/lib/python3.6/site-packages/airflow/example_dags/example_xcom.py took 7.766 seconds
[2022-05-26 09:51:50,042] {scheduler_job.py:181} INFO - Started process (PID=478) to work on /home/airflow/.local/lib/python3.6/site-packages/airflow/example_dags/example_xcom.py
[2022-05-26 09:51:50,047] {scheduler_job.py:632} INFO - Processing file /home/airflow/.local/lib/python3.6/site-packages/airflow/example_dags/example_xcom.py for tasks to queue
[2022-05-26 09:51:50,051] {logging_mixin.py:104} INFO - [2022-05-26 09:51:50,051] {dagbag.py:496} INFO - Filling up the DagBag from /home/airflow/.local/lib/python3.6/site-packages/airflow/example_dags/example_xcom.py
[2022-05-26 09:51:50,115] {scheduler_job.py:642} INFO - DAG(s) dict_keys(['example_xcom']) retrieved from /home/airflow/.local/lib/python3.6/site-packages/airflow/example_dags/example_xcom.py
[2022-05-26 09:51:50,174] {logging_mixin.py:104} INFO - [2022-05-26 09:51:50,174] {dag.py:1833} INFO - Sync 1 DAGs
[2022-05-26 09:51:50,207] {logging_mixin.py:104} INFO - [2022-05-26 09:51:50,207] {dag.py:2306} INFO - Setting next_dagrun for example_xcom to 2022-05-24 00:00:00+00:00
[2022-05-26 09:51:50,233] {scheduler_job.py:189} INFO - Processing /home/airflow/.local/lib/python3.6/site-packages/airflow/example_dags/example_xcom.py took 0.204 seconds
[2022-05-26 09:52:20,420] {scheduler_job.py:181} INFO - Started process (PID=531) to work on /home/airflow/.local/lib/python3.6/site-packages/airflow/example_dags/example_xcom.py
[2022-05-26 09:52:20,424] {scheduler_job.py:632} INFO - Processing file /home/airflow/.local/lib/python3.6/site-packages/airflow/example_dags/example_xcom.py for tasks to queue
[2022-05-26 09:52:20,427] {logging_mixin.py:104} INFO - [2022-05-26 09:52:20,427] {dagbag.py:496} INFO - Filling up the DagBag from /home/airflow/.local/lib/python3.6/site-packages/airflow/example_dags/example_xcom.py
[2022-05-26 09:52:20,478] {scheduler_job.py:642} INFO - DAG(s) dict_keys(['example_xcom']) retrieved from /home/airflow/.local/lib/python3.6/site-packages/airflow/example_dags/example_xcom.py
[2022-05-26 09:52:20,572] {logging_mixin.py:104} INFO - [2022-05-26 09:52:20,572] {dag.py:1833} INFO - Sync 1 DAGs
[2022-05-26 09:52:20,662] {logging_mixin.py:104} INFO - [2022-05-26 09:52:20,661] {dag.py:2306} INFO - Setting next_dagrun for example_xcom to 2022-05-24 00:00:00+00:00
[2022-05-26 09:52:20,682] {scheduler_job.py:189} INFO - Processing /home/airflow/.local/lib/python3.6/site-packages/airflow/example_dags/example_xcom.py took 0.275 seconds
[2022-05-26 09:52:52,079] {scheduler_job.py:181} INFO - Started process (PID=587) to work on /home/airflow/.local/lib/python3.6/site-packages/airflow/example_dags/example_xcom.py
[2022-05-26 09:52:52,088] {scheduler_job.py:632} INFO - Processing file /home/airflow/.local/lib/python3.6/site-packages/airflow/example_dags/example_xcom.py for tasks to queue
[2022-05-26 09:52:52,094] {logging_mixin.py:104} INFO - [2022-05-26 09:52:52,093] {dagbag.py:496} INFO - Filling up the DagBag from /home/airflow/.local/lib/python3.6/site-packages/airflow/example_dags/example_xcom.py
[2022-05-26 09:52:52,125] {scheduler_job.py:642} INFO - DAG(s) dict_keys(['example_xcom']) retrieved from /home/airflow/.local/lib/python3.6/site-packages/airflow/example_dags/example_xcom.py
[2022-05-26 09:52:52,216] {logging_mixin.py:104} INFO - [2022-05-26 09:52:52,215] {dag.py:1833} INFO - Sync 1 DAGs
[2022-05-26 09:52:52,287] {logging_mixin.py:104} INFO - [2022-05-26 09:52:52,287] {dag.py:2306} INFO - Setting next_dagrun for example_xcom to 2022-05-24 00:00:00+00:00
[2022-05-26 09:52:52,347] {scheduler_job.py:189} INFO - Processing /home/airflow/.local/lib/python3.6/site-packages/airflow/example_dags/example_xcom.py took 0.281 seconds
[2022-05-26 09:53:23,794] {scheduler_job.py:181} INFO - Started process (PID=641) to work on /home/airflow/.local/lib/python3.6/site-packages/airflow/example_dags/example_xcom.py
[2022-05-26 09:53:23,803] {scheduler_job.py:632} INFO - Processing file /home/airflow/.local/lib/python3.6/site-packages/airflow/example_dags/example_xcom.py for tasks to queue
[2022-05-26 09:53:23,810] {logging_mixin.py:104} INFO - [2022-05-26 09:53:23,810] {dagbag.py:496} INFO - Filling up the DagBag from /home/airflow/.local/lib/python3.6/site-packages/airflow/example_dags/example_xcom.py
[2022-05-26 09:53:23,870] {scheduler_job.py:642} INFO - DAG(s) dict_keys(['example_xcom']) retrieved from /home/airflow/.local/lib/python3.6/site-packages/airflow/example_dags/example_xcom.py
[2022-05-26 09:53:23,924] {logging_mixin.py:104} INFO - [2022-05-26 09:53:23,924] {dag.py:1833} INFO - Sync 1 DAGs
[2022-05-26 09:53:23,953] {logging_mixin.py:104} INFO - [2022-05-26 09:53:23,953] {dag.py:2306} INFO - Setting next_dagrun for example_xcom to 2022-05-24 00:00:00+00:00
[2022-05-26 09:53:23,992] {scheduler_job.py:189} INFO - Processing /home/airflow/.local/lib/python3.6/site-packages/airflow/example_dags/example_xcom.py took 0.203 seconds
[2022-05-26 09:53:56,285] {scheduler_job.py:181} INFO - Started process (PID=697) to work on /home/airflow/.local/lib/python3.6/site-packages/airflow/example_dags/example_xcom.py
[2022-05-26 09:53:56,310] {scheduler_job.py:632} INFO - Processing file /home/airflow/.local/lib/python3.6/site-packages/airflow/example_dags/example_xcom.py for tasks to queue
[2022-05-26 09:53:56,317] {logging_mixin.py:104} INFO - [2022-05-26 09:53:56,316] {dagbag.py:496} INFO - Filling up the DagBag from /home/airflow/.local/lib/python3.6/site-packages/airflow/example_dags/example_xcom.py
[2022-05-26 09:53:56,402] {scheduler_job.py:642} INFO - DAG(s) dict_keys(['example_xcom']) retrieved from /home/airflow/.local/lib/python3.6/site-packages/airflow/example_dags/example_xcom.py
[2022-05-26 09:53:56,536] {logging_mixin.py:104} INFO - [2022-05-26 09:53:56,536] {dag.py:1833} INFO - Sync 1 DAGs
[2022-05-26 09:53:56,603] {logging_mixin.py:104} INFO - [2022-05-26 09:53:56,602] {dag.py:2306} INFO - Setting next_dagrun for example_xcom to 2022-05-24 00:00:00+00:00
[2022-05-26 09:53:56,660] {scheduler_job.py:189} INFO - Processing /home/airflow/.local/lib/python3.6/site-packages/airflow/example_dags/example_xcom.py took 0.425 seconds
[2022-05-26 09:54:50,369] {scheduler_job.py:181} INFO - Started process (PID=754) to work on /home/airflow/.local/lib/python3.6/site-packages/airflow/example_dags/example_xcom.py
[2022-05-26 09:54:50,392] {scheduler_job.py:632} INFO - Processing file /home/airflow/.local/lib/python3.6/site-packages/airflow/example_dags/example_xcom.py for tasks to queue
[2022-05-26 09:54:50,400] {logging_mixin.py:104} INFO - [2022-05-26 09:54:50,400] {dagbag.py:496} INFO - Filling up the DagBag from /home/airflow/.local/lib/python3.6/site-packages/airflow/example_dags/example_xcom.py
[2022-05-26 09:54:50,514] {scheduler_job.py:642} INFO - DAG(s) dict_keys(['example_xcom']) retrieved from /home/airflow/.local/lib/python3.6/site-packages/airflow/example_dags/example_xcom.py
[2022-05-26 09:54:50,641] {logging_mixin.py:104} INFO - [2022-05-26 09:54:50,641] {dag.py:1833} INFO - Sync 1 DAGs
[2022-05-26 09:54:50,702] {logging_mixin.py:104} INFO - [2022-05-26 09:54:50,701] {dag.py:2306} INFO - Setting next_dagrun for example_xcom to 2022-05-24 00:00:00+00:00
[2022-05-26 09:54:50,747] {scheduler_job.py:189} INFO - Processing /home/airflow/.local/lib/python3.6/site-packages/airflow/example_dags/example_xcom.py took 0.422 seconds
[2022-05-26 09:55:21,207] {scheduler_job.py:181} INFO - Started process (PID=808) to work on /home/airflow/.local/lib/python3.6/site-packages/airflow/example_dags/example_xcom.py
[2022-05-26 09:55:21,212] {scheduler_job.py:632} INFO - Processing file /home/airflow/.local/lib/python3.6/site-packages/airflow/example_dags/example_xcom.py for tasks to queue
[2022-05-26 09:55:21,216] {logging_mixin.py:104} INFO - [2022-05-26 09:55:21,216] {dagbag.py:496} INFO - Filling up the DagBag from /home/airflow/.local/lib/python3.6/site-packages/airflow/example_dags/example_xcom.py
[2022-05-26 09:55:21,263] {scheduler_job.py:642} INFO - DAG(s) dict_keys(['example_xcom']) retrieved from /home/airflow/.local/lib/python3.6/site-packages/airflow/example_dags/example_xcom.py
[2022-05-26 09:55:21,342] {logging_mixin.py:104} INFO - [2022-05-26 09:55:21,342] {dag.py:1833} INFO - Sync 1 DAGs
[2022-05-26 09:55:21,379] {logging_mixin.py:104} INFO - [2022-05-26 09:55:21,379] {dag.py:2306} INFO - Setting next_dagrun for example_xcom to 2022-05-24 00:00:00+00:00
[2022-05-26 09:55:21,409] {scheduler_job.py:189} INFO - Processing /home/airflow/.local/lib/python3.6/site-packages/airflow/example_dags/example_xcom.py took 0.220 seconds
[2022-05-26 09:56:08,011] {scheduler_job.py:181} INFO - Started process (PID=874) to work on /home/airflow/.local/lib/python3.6/site-packages/airflow/example_dags/example_xcom.py
[2022-05-26 09:56:08,045] {scheduler_job.py:632} INFO - Processing file /home/airflow/.local/lib/python3.6/site-packages/airflow/example_dags/example_xcom.py for tasks to queue
[2022-05-26 09:56:08,056] {logging_mixin.py:104} INFO - [2022-05-26 09:56:08,055] {dagbag.py:496} INFO - Filling up the DagBag from /home/airflow/.local/lib/python3.6/site-packages/airflow/example_dags/example_xcom.py
[2022-05-26 09:56:09,111] {scheduler_job.py:642} INFO - DAG(s) dict_keys(['example_xcom']) retrieved from /home/airflow/.local/lib/python3.6/site-packages/airflow/example_dags/example_xcom.py
[2022-05-26 09:56:21,678] {logging_mixin.py:104} INFO - [2022-05-26 09:56:21,643] {dag.py:1833} INFO - Sync 1 DAGs
[2022-05-26 09:56:22,108] {logging_mixin.py:104} INFO - [2022-05-26 09:56:22,107] {dag.py:2306} INFO - Setting next_dagrun for example_xcom to 2022-05-24 00:00:00+00:00
[2022-05-26 09:56:22,243] {scheduler_job.py:189} INFO - Processing /home/airflow/.local/lib/python3.6/site-packages/airflow/example_dags/example_xcom.py took 14.324 seconds
[2022-05-26 09:57:18,913] {scheduler_job.py:181} INFO - Started process (PID=942) to work on /home/airflow/.local/lib/python3.6/site-packages/airflow/example_dags/example_xcom.py
[2022-05-26 09:57:18,929] {scheduler_job.py:632} INFO - Processing file /home/airflow/.local/lib/python3.6/site-packages/airflow/example_dags/example_xcom.py for tasks to queue
[2022-05-26 09:57:18,944] {logging_mixin.py:104} INFO - [2022-05-26 09:57:18,944] {dagbag.py:496} INFO - Filling up the DagBag from /home/airflow/.local/lib/python3.6/site-packages/airflow/example_dags/example_xcom.py
[2022-05-26 09:57:19,150] {scheduler_job.py:642} INFO - DAG(s) dict_keys(['example_xcom']) retrieved from /home/airflow/.local/lib/python3.6/site-packages/airflow/example_dags/example_xcom.py
[2022-05-26 09:57:19,605] {logging_mixin.py:104} INFO - [2022-05-26 09:57:19,586] {dag.py:1833} INFO - Sync 1 DAGs
[2022-05-26 09:57:19,730] {logging_mixin.py:104} INFO - [2022-05-26 09:57:19,730] {dag.py:2306} INFO - Setting next_dagrun for example_xcom to 2022-05-24 00:00:00+00:00
[2022-05-26 09:57:19,889] {scheduler_job.py:189} INFO - Processing /home/airflow/.local/lib/python3.6/site-packages/airflow/example_dags/example_xcom.py took 0.991 seconds
[2022-05-26 09:58:34,955] {scheduler_job.py:181} INFO - Started process (PID=1020) to work on /home/airflow/.local/lib/python3.6/site-packages/airflow/example_dags/example_xcom.py
[2022-05-26 09:58:34,964] {scheduler_job.py:632} INFO - Processing file /home/airflow/.local/lib/python3.6/site-packages/airflow/example_dags/example_xcom.py for tasks to queue
[2022-05-26 09:58:34,983] {logging_mixin.py:104} INFO - [2022-05-26 09:58:34,982] {dagbag.py:496} INFO - Filling up the DagBag from /home/airflow/.local/lib/python3.6/site-packages/airflow/example_dags/example_xcom.py
[2022-05-26 09:58:35,135] {scheduler_job.py:642} INFO - DAG(s) dict_keys(['example_xcom']) retrieved from /home/airflow/.local/lib/python3.6/site-packages/airflow/example_dags/example_xcom.py
[2022-05-26 09:58:35,375] {logging_mixin.py:104} INFO - [2022-05-26 09:58:35,375] {dag.py:1833} INFO - Sync 1 DAGs
[2022-05-26 09:58:35,567] {logging_mixin.py:104} INFO - [2022-05-26 09:58:35,567] {dag.py:2306} INFO - Setting next_dagrun for example_xcom to 2022-05-24 00:00:00+00:00
[2022-05-26 09:58:35,668] {scheduler_job.py:189} INFO - Processing /home/airflow/.local/lib/python3.6/site-packages/airflow/example_dags/example_xcom.py took 0.734 seconds
[2022-05-26 10:00:06,072] {scheduler_job.py:181} INFO - Started process (PID=1092) to work on /home/airflow/.local/lib/python3.6/site-packages/airflow/example_dags/example_xcom.py
[2022-05-26 10:00:06,119] {scheduler_job.py:632} INFO - Processing file /home/airflow/.local/lib/python3.6/site-packages/airflow/example_dags/example_xcom.py for tasks to queue
[2022-05-26 10:00:06,136] {logging_mixin.py:104} INFO - [2022-05-26 10:00:06,136] {dagbag.py:496} INFO - Filling up the DagBag from /home/airflow/.local/lib/python3.6/site-packages/airflow/example_dags/example_xcom.py
[2022-05-26 10:00:06,374] {scheduler_job.py:642} INFO - DAG(s) dict_keys(['example_xcom']) retrieved from /home/airflow/.local/lib/python3.6/site-packages/airflow/example_dags/example_xcom.py
[2022-05-26 10:00:06,636] {logging_mixin.py:104} INFO - [2022-05-26 10:00:06,636] {dag.py:1833} INFO - Sync 1 DAGs
[2022-05-26 10:00:06,824] {logging_mixin.py:104} INFO - [2022-05-26 10:00:06,823] {dag.py:2306} INFO - Setting next_dagrun for example_xcom to 2022-05-24 00:00:00+00:00
[2022-05-26 10:00:06,964] {scheduler_job.py:189} INFO - Processing /home/airflow/.local/lib/python3.6/site-packages/airflow/example_dags/example_xcom.py took 0.960 seconds
[2022-05-26 10:04:25,647] {scheduler_job.py:181} INFO - Started process (PID=1281) to work on /home/airflow/.local/lib/python3.6/site-packages/airflow/example_dags/example_xcom.py
[2022-05-26 10:04:25,695] {scheduler_job.py:632} INFO - Processing file /home/airflow/.local/lib/python3.6/site-packages/airflow/example_dags/example_xcom.py for tasks to queue
[2022-05-26 10:04:25,720] {logging_mixin.py:104} INFO - [2022-05-26 10:04:25,703] {dagbag.py:496} INFO - Filling up the DagBag from /home/airflow/.local/lib/python3.6/site-packages/airflow/example_dags/example_xcom.py
[2022-05-26 10:04:27,031] {scheduler_job.py:642} INFO - DAG(s) dict_keys(['example_xcom']) retrieved from /home/airflow/.local/lib/python3.6/site-packages/airflow/example_dags/example_xcom.py
[2022-05-26 10:04:27,505] {logging_mixin.py:104} INFO - [2022-05-26 10:04:27,505] {dag.py:1833} INFO - Sync 1 DAGs
[2022-05-26 10:04:28,490] {logging_mixin.py:104} INFO - [2022-05-26 10:04:28,489] {dag.py:2306} INFO - Setting next_dagrun for example_xcom to 2022-05-24 00:00:00+00:00
[2022-05-26 10:04:28,715] {scheduler_job.py:189} INFO - Processing /home/airflow/.local/lib/python3.6/site-packages/airflow/example_dags/example_xcom.py took 3.147 seconds
