[2022-05-26 09:49:11,451] {scheduler_job.py:181} INFO - Started process (PID=290) to work on /home/airflow/.local/lib/python3.6/site-packages/airflow/example_dags/example_branch_day_of_week_operator.py
[2022-05-26 09:49:11,457] {scheduler_job.py:632} INFO - Processing file /home/airflow/.local/lib/python3.6/site-packages/airflow/example_dags/example_branch_day_of_week_operator.py for tasks to queue
[2022-05-26 09:49:11,480] {logging_mixin.py:104} INFO - [2022-05-26 09:49:11,471] {dagbag.py:496} INFO - Filling up the DagBag from /home/airflow/.local/lib/python3.6/site-packages/airflow/example_dags/example_branch_day_of_week_operator.py
[2022-05-26 09:49:11,622] {scheduler_job.py:642} INFO - DAG(s) dict_keys(['example_weekday_branch_operator']) retrieved from /home/airflow/.local/lib/python3.6/site-packages/airflow/example_dags/example_branch_day_of_week_operator.py
[2022-05-26 09:49:19,103] {logging_mixin.py:104} INFO - [2022-05-26 09:49:19,103] {opentelemetry_tracing.py:29} INFO - This service is instrumented using OpenTelemetry. OpenTelemetry could not be imported; please add opentelemetry-api and opentelemetry-instrumentation packages in order to get BigQuery Tracing data.
[2022-05-26 09:49:19,789] {logging_mixin.py:104} INFO - [2022-05-26 09:49:19,786] {dag.py:1833} INFO - Sync 1 DAGs
[2022-05-26 09:49:19,816] {logging_mixin.py:104} INFO - [2022-05-26 09:49:19,814] {dag.py:1852} INFO - Creating ORM DAG for example_weekday_branch_operator
[2022-05-26 09:49:19,860] {logging_mixin.py:104} INFO - [2022-05-26 09:49:19,860] {dag.py:2306} INFO - Setting next_dagrun for example_weekday_branch_operator to 2022-05-24 00:00:00+00:00
[2022-05-26 09:49:19,896] {scheduler_job.py:189} INFO - Processing /home/airflow/.local/lib/python3.6/site-packages/airflow/example_dags/example_branch_day_of_week_operator.py took 8.471 seconds
[2022-05-26 09:51:40,649] {scheduler_job.py:181} INFO - Started process (PID=449) to work on /home/airflow/.local/lib/python3.6/site-packages/airflow/example_dags/example_branch_day_of_week_operator.py
[2022-05-26 09:51:40,664] {scheduler_job.py:632} INFO - Processing file /home/airflow/.local/lib/python3.6/site-packages/airflow/example_dags/example_branch_day_of_week_operator.py for tasks to queue
[2022-05-26 09:51:40,676] {logging_mixin.py:104} INFO - [2022-05-26 09:51:40,675] {dagbag.py:496} INFO - Filling up the DagBag from /home/airflow/.local/lib/python3.6/site-packages/airflow/example_dags/example_branch_day_of_week_operator.py
[2022-05-26 09:51:40,736] {scheduler_job.py:642} INFO - DAG(s) dict_keys(['example_weekday_branch_operator']) retrieved from /home/airflow/.local/lib/python3.6/site-packages/airflow/example_dags/example_branch_day_of_week_operator.py
[2022-05-26 09:51:40,834] {logging_mixin.py:104} INFO - [2022-05-26 09:51:40,834] {dag.py:1833} INFO - Sync 1 DAGs
[2022-05-26 09:51:40,944] {logging_mixin.py:104} INFO - [2022-05-26 09:51:40,944] {dag.py:2306} INFO - Setting next_dagrun for example_weekday_branch_operator to 2022-05-24 00:00:00+00:00
[2022-05-26 09:51:41,013] {scheduler_job.py:189} INFO - Processing /home/airflow/.local/lib/python3.6/site-packages/airflow/example_dags/example_branch_day_of_week_operator.py took 0.387 seconds
[2022-05-26 09:52:11,707] {scheduler_job.py:181} INFO - Started process (PID=503) to work on /home/airflow/.local/lib/python3.6/site-packages/airflow/example_dags/example_branch_day_of_week_operator.py
[2022-05-26 09:52:11,715] {scheduler_job.py:632} INFO - Processing file /home/airflow/.local/lib/python3.6/site-packages/airflow/example_dags/example_branch_day_of_week_operator.py for tasks to queue
[2022-05-26 09:52:11,720] {logging_mixin.py:104} INFO - [2022-05-26 09:52:11,719] {dagbag.py:496} INFO - Filling up the DagBag from /home/airflow/.local/lib/python3.6/site-packages/airflow/example_dags/example_branch_day_of_week_operator.py
[2022-05-26 09:52:11,748] {scheduler_job.py:642} INFO - DAG(s) dict_keys(['example_weekday_branch_operator']) retrieved from /home/airflow/.local/lib/python3.6/site-packages/airflow/example_dags/example_branch_day_of_week_operator.py
[2022-05-26 09:52:11,807] {logging_mixin.py:104} INFO - [2022-05-26 09:52:11,807] {dag.py:1833} INFO - Sync 1 DAGs
[2022-05-26 09:52:11,855] {logging_mixin.py:104} INFO - [2022-05-26 09:52:11,855] {dag.py:2306} INFO - Setting next_dagrun for example_weekday_branch_operator to 2022-05-24 00:00:00+00:00
[2022-05-26 09:52:11,888] {scheduler_job.py:189} INFO - Processing /home/airflow/.local/lib/python3.6/site-packages/airflow/example_dags/example_branch_day_of_week_operator.py took 0.189 seconds
[2022-05-26 09:52:42,404] {scheduler_job.py:181} INFO - Started process (PID=557) to work on /home/airflow/.local/lib/python3.6/site-packages/airflow/example_dags/example_branch_day_of_week_operator.py
[2022-05-26 09:52:42,417] {scheduler_job.py:632} INFO - Processing file /home/airflow/.local/lib/python3.6/site-packages/airflow/example_dags/example_branch_day_of_week_operator.py for tasks to queue
[2022-05-26 09:52:42,421] {logging_mixin.py:104} INFO - [2022-05-26 09:52:42,421] {dagbag.py:496} INFO - Filling up the DagBag from /home/airflow/.local/lib/python3.6/site-packages/airflow/example_dags/example_branch_day_of_week_operator.py
[2022-05-26 09:52:42,452] {scheduler_job.py:642} INFO - DAG(s) dict_keys(['example_weekday_branch_operator']) retrieved from /home/airflow/.local/lib/python3.6/site-packages/airflow/example_dags/example_branch_day_of_week_operator.py
[2022-05-26 09:52:42,515] {logging_mixin.py:104} INFO - [2022-05-26 09:52:42,515] {dag.py:1833} INFO - Sync 1 DAGs
[2022-05-26 09:52:42,566] {logging_mixin.py:104} INFO - [2022-05-26 09:52:42,566] {dag.py:2306} INFO - Setting next_dagrun for example_weekday_branch_operator to 2022-05-24 00:00:00+00:00
[2022-05-26 09:52:42,598] {scheduler_job.py:189} INFO - Processing /home/airflow/.local/lib/python3.6/site-packages/airflow/example_dags/example_branch_day_of_week_operator.py took 0.210 seconds
[2022-05-26 09:53:13,372] {scheduler_job.py:181} INFO - Started process (PID=612) to work on /home/airflow/.local/lib/python3.6/site-packages/airflow/example_dags/example_branch_day_of_week_operator.py
[2022-05-26 09:53:13,384] {scheduler_job.py:632} INFO - Processing file /home/airflow/.local/lib/python3.6/site-packages/airflow/example_dags/example_branch_day_of_week_operator.py for tasks to queue
[2022-05-26 09:53:13,394] {logging_mixin.py:104} INFO - [2022-05-26 09:53:13,390] {dagbag.py:496} INFO - Filling up the DagBag from /home/airflow/.local/lib/python3.6/site-packages/airflow/example_dags/example_branch_day_of_week_operator.py
[2022-05-26 09:53:13,455] {scheduler_job.py:642} INFO - DAG(s) dict_keys(['example_weekday_branch_operator']) retrieved from /home/airflow/.local/lib/python3.6/site-packages/airflow/example_dags/example_branch_day_of_week_operator.py
[2022-05-26 09:53:13,539] {logging_mixin.py:104} INFO - [2022-05-26 09:53:13,539] {dag.py:1833} INFO - Sync 1 DAGs
[2022-05-26 09:53:13,599] {logging_mixin.py:104} INFO - [2022-05-26 09:53:13,599] {dag.py:2306} INFO - Setting next_dagrun for example_weekday_branch_operator to 2022-05-24 00:00:00+00:00
[2022-05-26 09:53:13,631] {scheduler_job.py:189} INFO - Processing /home/airflow/.local/lib/python3.6/site-packages/airflow/example_dags/example_branch_day_of_week_operator.py took 0.265 seconds
[2022-05-26 09:53:44,544] {scheduler_job.py:181} INFO - Started process (PID=666) to work on /home/airflow/.local/lib/python3.6/site-packages/airflow/example_dags/example_branch_day_of_week_operator.py
[2022-05-26 09:53:44,563] {scheduler_job.py:632} INFO - Processing file /home/airflow/.local/lib/python3.6/site-packages/airflow/example_dags/example_branch_day_of_week_operator.py for tasks to queue
[2022-05-26 09:53:44,568] {logging_mixin.py:104} INFO - [2022-05-26 09:53:44,568] {dagbag.py:496} INFO - Filling up the DagBag from /home/airflow/.local/lib/python3.6/site-packages/airflow/example_dags/example_branch_day_of_week_operator.py
[2022-05-26 09:53:44,679] {scheduler_job.py:642} INFO - DAG(s) dict_keys(['example_weekday_branch_operator']) retrieved from /home/airflow/.local/lib/python3.6/site-packages/airflow/example_dags/example_branch_day_of_week_operator.py
[2022-05-26 09:53:44,808] {logging_mixin.py:104} INFO - [2022-05-26 09:53:44,808] {dag.py:1833} INFO - Sync 1 DAGs
[2022-05-26 09:53:44,910] {logging_mixin.py:104} INFO - [2022-05-26 09:53:44,908] {dag.py:2306} INFO - Setting next_dagrun for example_weekday_branch_operator to 2022-05-24 00:00:00+00:00
[2022-05-26 09:53:44,991] {scheduler_job.py:189} INFO - Processing /home/airflow/.local/lib/python3.6/site-packages/airflow/example_dags/example_branch_day_of_week_operator.py took 0.501 seconds
[2022-05-26 09:54:15,409] {scheduler_job.py:181} INFO - Started process (PID=719) to work on /home/airflow/.local/lib/python3.6/site-packages/airflow/example_dags/example_branch_day_of_week_operator.py
[2022-05-26 09:54:15,434] {scheduler_job.py:632} INFO - Processing file /home/airflow/.local/lib/python3.6/site-packages/airflow/example_dags/example_branch_day_of_week_operator.py for tasks to queue
[2022-05-26 09:54:15,456] {logging_mixin.py:104} INFO - [2022-05-26 09:54:15,443] {dagbag.py:496} INFO - Filling up the DagBag from /home/airflow/.local/lib/python3.6/site-packages/airflow/example_dags/example_branch_day_of_week_operator.py
[2022-05-26 09:54:15,562] {scheduler_job.py:642} INFO - DAG(s) dict_keys(['example_weekday_branch_operator']) retrieved from /home/airflow/.local/lib/python3.6/site-packages/airflow/example_dags/example_branch_day_of_week_operator.py
[2022-05-26 09:54:15,670] {logging_mixin.py:104} INFO - [2022-05-26 09:54:15,670] {dag.py:1833} INFO - Sync 1 DAGs
[2022-05-26 09:54:15,870] {logging_mixin.py:104} INFO - [2022-05-26 09:54:15,860] {dag.py:2306} INFO - Setting next_dagrun for example_weekday_branch_operator to 2022-05-24 00:00:00+00:00
[2022-05-26 09:54:15,947] {scheduler_job.py:189} INFO - Processing /home/airflow/.local/lib/python3.6/site-packages/airflow/example_dags/example_branch_day_of_week_operator.py took 0.574 seconds
[2022-05-26 09:54:58,039] {scheduler_job.py:181} INFO - Started process (PID=775) to work on /home/airflow/.local/lib/python3.6/site-packages/airflow/example_dags/example_branch_day_of_week_operator.py
[2022-05-26 09:54:58,049] {scheduler_job.py:632} INFO - Processing file /home/airflow/.local/lib/python3.6/site-packages/airflow/example_dags/example_branch_day_of_week_operator.py for tasks to queue
[2022-05-26 09:54:58,053] {logging_mixin.py:104} INFO - [2022-05-26 09:54:58,053] {dagbag.py:496} INFO - Filling up the DagBag from /home/airflow/.local/lib/python3.6/site-packages/airflow/example_dags/example_branch_day_of_week_operator.py
[2022-05-26 09:54:58,215] {scheduler_job.py:642} INFO - DAG(s) dict_keys(['example_weekday_branch_operator']) retrieved from /home/airflow/.local/lib/python3.6/site-packages/airflow/example_dags/example_branch_day_of_week_operator.py
[2022-05-26 09:54:58,472] {logging_mixin.py:104} INFO - [2022-05-26 09:54:58,471] {dag.py:1833} INFO - Sync 1 DAGs
[2022-05-26 09:54:58,638] {logging_mixin.py:104} INFO - [2022-05-26 09:54:58,638] {dag.py:2306} INFO - Setting next_dagrun for example_weekday_branch_operator to 2022-05-24 00:00:00+00:00
[2022-05-26 09:54:58,751] {scheduler_job.py:189} INFO - Processing /home/airflow/.local/lib/python3.6/site-packages/airflow/example_dags/example_branch_day_of_week_operator.py took 0.722 seconds
[2022-05-26 09:55:31,155] {scheduler_job.py:181} INFO - Started process (PID=830) to work on /home/airflow/.local/lib/python3.6/site-packages/airflow/example_dags/example_branch_day_of_week_operator.py
[2022-05-26 09:55:31,167] {scheduler_job.py:632} INFO - Processing file /home/airflow/.local/lib/python3.6/site-packages/airflow/example_dags/example_branch_day_of_week_operator.py for tasks to queue
[2022-05-26 09:55:31,188] {logging_mixin.py:104} INFO - [2022-05-26 09:55:31,182] {dagbag.py:496} INFO - Filling up the DagBag from /home/airflow/.local/lib/python3.6/site-packages/airflow/example_dags/example_branch_day_of_week_operator.py
[2022-05-26 09:55:31,273] {scheduler_job.py:642} INFO - DAG(s) dict_keys(['example_weekday_branch_operator']) retrieved from /home/airflow/.local/lib/python3.6/site-packages/airflow/example_dags/example_branch_day_of_week_operator.py
[2022-05-26 09:55:31,488] {logging_mixin.py:104} INFO - [2022-05-26 09:55:31,488] {dag.py:1833} INFO - Sync 1 DAGs
[2022-05-26 09:55:31,556] {logging_mixin.py:104} INFO - [2022-05-26 09:55:31,555] {dag.py:2306} INFO - Setting next_dagrun for example_weekday_branch_operator to 2022-05-24 00:00:00+00:00
[2022-05-26 09:55:31,731] {scheduler_job.py:189} INFO - Processing /home/airflow/.local/lib/python3.6/site-packages/airflow/example_dags/example_branch_day_of_week_operator.py took 0.643 seconds
[2022-05-26 09:56:41,891] {scheduler_job.py:181} INFO - Started process (PID=902) to work on /home/airflow/.local/lib/python3.6/site-packages/airflow/example_dags/example_branch_day_of_week_operator.py
[2022-05-26 09:56:41,895] {scheduler_job.py:632} INFO - Processing file /home/airflow/.local/lib/python3.6/site-packages/airflow/example_dags/example_branch_day_of_week_operator.py for tasks to queue
[2022-05-26 09:56:41,914] {logging_mixin.py:104} INFO - [2022-05-26 09:56:41,913] {dagbag.py:496} INFO - Filling up the DagBag from /home/airflow/.local/lib/python3.6/site-packages/airflow/example_dags/example_branch_day_of_week_operator.py
[2022-05-26 09:56:42,167] {scheduler_job.py:642} INFO - DAG(s) dict_keys(['example_weekday_branch_operator']) retrieved from /home/airflow/.local/lib/python3.6/site-packages/airflow/example_dags/example_branch_day_of_week_operator.py
[2022-05-26 09:56:42,510] {logging_mixin.py:104} INFO - [2022-05-26 09:56:42,509] {dag.py:1833} INFO - Sync 1 DAGs
[2022-05-26 09:56:42,848] {logging_mixin.py:104} INFO - [2022-05-26 09:56:42,837] {dag.py:2306} INFO - Setting next_dagrun for example_weekday_branch_operator to 2022-05-24 00:00:00+00:00
[2022-05-26 09:56:43,069] {scheduler_job.py:189} INFO - Processing /home/airflow/.local/lib/python3.6/site-packages/airflow/example_dags/example_branch_day_of_week_operator.py took 1.214 seconds
[2022-05-26 09:57:46,828] {scheduler_job.py:181} INFO - Started process (PID=966) to work on /home/airflow/.local/lib/python3.6/site-packages/airflow/example_dags/example_branch_day_of_week_operator.py
[2022-05-26 09:57:46,850] {scheduler_job.py:632} INFO - Processing file /home/airflow/.local/lib/python3.6/site-packages/airflow/example_dags/example_branch_day_of_week_operator.py for tasks to queue
[2022-05-26 09:57:46,877] {logging_mixin.py:104} INFO - [2022-05-26 09:57:46,867] {dagbag.py:496} INFO - Filling up the DagBag from /home/airflow/.local/lib/python3.6/site-packages/airflow/example_dags/example_branch_day_of_week_operator.py
[2022-05-26 09:57:47,088] {scheduler_job.py:642} INFO - DAG(s) dict_keys(['example_weekday_branch_operator']) retrieved from /home/airflow/.local/lib/python3.6/site-packages/airflow/example_dags/example_branch_day_of_week_operator.py
[2022-05-26 09:57:47,315] {logging_mixin.py:104} INFO - [2022-05-26 09:57:47,314] {dag.py:1833} INFO - Sync 1 DAGs
[2022-05-26 09:57:47,496] {logging_mixin.py:104} INFO - [2022-05-26 09:57:47,495] {dag.py:2306} INFO - Setting next_dagrun for example_weekday_branch_operator to 2022-05-24 00:00:00+00:00
[2022-05-26 09:57:47,726] {scheduler_job.py:189} INFO - Processing /home/airflow/.local/lib/python3.6/site-packages/airflow/example_dags/example_branch_day_of_week_operator.py took 0.933 seconds
[2022-05-26 09:58:24,481] {scheduler_job.py:181} INFO - Started process (PID=1002) to work on /home/airflow/.local/lib/python3.6/site-packages/airflow/example_dags/example_branch_day_of_week_operator.py
[2022-05-26 09:58:24,505] {scheduler_job.py:632} INFO - Processing file /home/airflow/.local/lib/python3.6/site-packages/airflow/example_dags/example_branch_day_of_week_operator.py for tasks to queue
[2022-05-26 09:58:24,511] {logging_mixin.py:104} INFO - [2022-05-26 09:58:24,510] {dagbag.py:496} INFO - Filling up the DagBag from /home/airflow/.local/lib/python3.6/site-packages/airflow/example_dags/example_branch_day_of_week_operator.py
[2022-05-26 09:58:24,753] {scheduler_job.py:642} INFO - DAG(s) dict_keys(['example_weekday_branch_operator']) retrieved from /home/airflow/.local/lib/python3.6/site-packages/airflow/example_dags/example_branch_day_of_week_operator.py
[2022-05-26 09:58:24,984] {logging_mixin.py:104} INFO - [2022-05-26 09:58:24,984] {dag.py:1833} INFO - Sync 1 DAGs
[2022-05-26 09:58:25,221] {logging_mixin.py:104} INFO - [2022-05-26 09:58:25,220] {dag.py:2306} INFO - Setting next_dagrun for example_weekday_branch_operator to 2022-05-24 00:00:00+00:00
[2022-05-26 09:58:25,368] {scheduler_job.py:189} INFO - Processing /home/airflow/.local/lib/python3.6/site-packages/airflow/example_dags/example_branch_day_of_week_operator.py took 0.944 seconds
[2022-05-26 09:59:50,461] {scheduler_job.py:181} INFO - Started process (PID=1079) to work on /home/airflow/.local/lib/python3.6/site-packages/airflow/example_dags/example_branch_day_of_week_operator.py
[2022-05-26 09:59:50,480] {scheduler_job.py:632} INFO - Processing file /home/airflow/.local/lib/python3.6/site-packages/airflow/example_dags/example_branch_day_of_week_operator.py for tasks to queue
[2022-05-26 09:59:50,518] {logging_mixin.py:104} INFO - [2022-05-26 09:59:50,518] {dagbag.py:496} INFO - Filling up the DagBag from /home/airflow/.local/lib/python3.6/site-packages/airflow/example_dags/example_branch_day_of_week_operator.py
[2022-05-26 09:59:50,779] {scheduler_job.py:642} INFO - DAG(s) dict_keys(['example_weekday_branch_operator']) retrieved from /home/airflow/.local/lib/python3.6/site-packages/airflow/example_dags/example_branch_day_of_week_operator.py
[2022-05-26 09:59:51,176] {logging_mixin.py:104} INFO - [2022-05-26 09:59:51,176] {dag.py:1833} INFO - Sync 1 DAGs
[2022-05-26 09:59:51,607] {logging_mixin.py:104} INFO - [2022-05-26 09:59:51,607] {dag.py:2306} INFO - Setting next_dagrun for example_weekday_branch_operator to 2022-05-24 00:00:00+00:00
[2022-05-26 09:59:51,887] {scheduler_job.py:189} INFO - Processing /home/airflow/.local/lib/python3.6/site-packages/airflow/example_dags/example_branch_day_of_week_operator.py took 1.475 seconds
[2022-05-26 10:02:01,032] {scheduler_job.py:181} INFO - Started process (PID=1175) to work on /home/airflow/.local/lib/python3.6/site-packages/airflow/example_dags/example_branch_day_of_week_operator.py
[2022-05-26 10:02:01,131] {scheduler_job.py:632} INFO - Processing file /home/airflow/.local/lib/python3.6/site-packages/airflow/example_dags/example_branch_day_of_week_operator.py for tasks to queue
[2022-05-26 10:02:01,167] {logging_mixin.py:104} INFO - [2022-05-26 10:02:01,152] {dagbag.py:496} INFO - Filling up the DagBag from /home/airflow/.local/lib/python3.6/site-packages/airflow/example_dags/example_branch_day_of_week_operator.py
[2022-05-26 10:02:02,280] {scheduler_job.py:642} INFO - DAG(s) dict_keys(['example_weekday_branch_operator']) retrieved from /home/airflow/.local/lib/python3.6/site-packages/airflow/example_dags/example_branch_day_of_week_operator.py
[2022-05-26 10:02:02,984] {logging_mixin.py:104} INFO - [2022-05-26 10:02:02,984] {dag.py:1833} INFO - Sync 1 DAGs
[2022-05-26 10:02:04,685] {logging_mixin.py:104} INFO - [2022-05-26 10:02:04,685] {dag.py:2306} INFO - Setting next_dagrun for example_weekday_branch_operator to 2022-05-24 00:00:00+00:00
[2022-05-26 10:02:05,252] {scheduler_job.py:189} INFO - Processing /home/airflow/.local/lib/python3.6/site-packages/airflow/example_dags/example_branch_day_of_week_operator.py took 4.391 seconds
[2022-05-26 10:03:26,319] {scheduler_job.py:181} INFO - Started process (PID=1229) to work on /home/airflow/.local/lib/python3.6/site-packages/airflow/example_dags/example_branch_day_of_week_operator.py
[2022-05-26 10:03:26,371] {scheduler_job.py:632} INFO - Processing file /home/airflow/.local/lib/python3.6/site-packages/airflow/example_dags/example_branch_day_of_week_operator.py for tasks to queue
[2022-05-26 10:03:26,387] {logging_mixin.py:104} INFO - [2022-05-26 10:03:26,387] {dagbag.py:496} INFO - Filling up the DagBag from /home/airflow/.local/lib/python3.6/site-packages/airflow/example_dags/example_branch_day_of_week_operator.py
[2022-05-26 10:03:26,814] {scheduler_job.py:642} INFO - DAG(s) dict_keys(['example_weekday_branch_operator']) retrieved from /home/airflow/.local/lib/python3.6/site-packages/airflow/example_dags/example_branch_day_of_week_operator.py
[2022-05-26 10:03:27,373] {logging_mixin.py:104} INFO - [2022-05-26 10:03:27,373] {dag.py:1833} INFO - Sync 1 DAGs
[2022-05-26 10:03:28,169] {logging_mixin.py:104} INFO - [2022-05-26 10:03:28,162] {dag.py:2306} INFO - Setting next_dagrun for example_weekday_branch_operator to 2022-05-24 00:00:00+00:00
[2022-05-26 10:03:28,789] {scheduler_job.py:189} INFO - Processing /home/airflow/.local/lib/python3.6/site-packages/airflow/example_dags/example_branch_day_of_week_operator.py took 2.533 seconds
[2022-05-26 10:05:01,549] {scheduler_job.py:181} INFO - Started process (PID=1316) to work on /home/airflow/.local/lib/python3.6/site-packages/airflow/example_dags/example_branch_day_of_week_operator.py
[2022-05-26 10:05:01,586] {scheduler_job.py:632} INFO - Processing file /home/airflow/.local/lib/python3.6/site-packages/airflow/example_dags/example_branch_day_of_week_operator.py for tasks to queue
[2022-05-26 10:05:01,605] {logging_mixin.py:104} INFO - [2022-05-26 10:05:01,601] {dagbag.py:496} INFO - Filling up the DagBag from /home/airflow/.local/lib/python3.6/site-packages/airflow/example_dags/example_branch_day_of_week_operator.py
[2022-05-26 10:05:01,892] {scheduler_job.py:642} INFO - DAG(s) dict_keys(['example_weekday_branch_operator']) retrieved from /home/airflow/.local/lib/python3.6/site-packages/airflow/example_dags/example_branch_day_of_week_operator.py
[2022-05-26 10:05:02,241] {logging_mixin.py:104} INFO - [2022-05-26 10:05:02,241] {dag.py:1833} INFO - Sync 1 DAGs
[2022-05-26 10:05:02,676] {logging_mixin.py:104} INFO - [2022-05-26 10:05:02,675] {dag.py:2306} INFO - Setting next_dagrun for example_weekday_branch_operator to 2022-05-24 00:00:00+00:00
[2022-05-26 10:05:02,922] {scheduler_job.py:189} INFO - Processing /home/airflow/.local/lib/python3.6/site-packages/airflow/example_dags/example_branch_day_of_week_operator.py took 1.397 seconds
[2022-05-26 10:13:31,957] {scheduler_job.py:181} INFO - Started process (PID=156) to work on /home/airflow/.local/lib/python3.6/site-packages/airflow/example_dags/example_branch_day_of_week_operator.py
[2022-05-26 10:13:31,982] {scheduler_job.py:632} INFO - Processing file /home/airflow/.local/lib/python3.6/site-packages/airflow/example_dags/example_branch_day_of_week_operator.py for tasks to queue
[2022-05-26 10:13:31,995] {logging_mixin.py:104} INFO - [2022-05-26 10:13:31,994] {dagbag.py:496} INFO - Filling up the DagBag from /home/airflow/.local/lib/python3.6/site-packages/airflow/example_dags/example_branch_day_of_week_operator.py
[2022-05-26 10:13:32,254] {scheduler_job.py:642} INFO - DAG(s) dict_keys(['example_weekday_branch_operator']) retrieved from /home/airflow/.local/lib/python3.6/site-packages/airflow/example_dags/example_branch_day_of_week_operator.py
[2022-05-26 10:13:32,553] {logging_mixin.py:104} INFO - [2022-05-26 10:13:32,552] {dag.py:1833} INFO - Sync 1 DAGs
[2022-05-26 10:13:33,010] {logging_mixin.py:104} INFO - [2022-05-26 10:13:33,010] {dag.py:2306} INFO - Setting next_dagrun for example_weekday_branch_operator to 2022-05-24 00:00:00+00:00
[2022-05-26 10:13:33,114] {scheduler_job.py:189} INFO - Processing /home/airflow/.local/lib/python3.6/site-packages/airflow/example_dags/example_branch_day_of_week_operator.py took 1.195 seconds
[2022-05-26 10:14:17,945] {scheduler_job.py:181} INFO - Started process (PID=196) to work on /home/airflow/.local/lib/python3.6/site-packages/airflow/example_dags/example_branch_day_of_week_operator.py
[2022-05-26 10:14:17,979] {scheduler_job.py:632} INFO - Processing file /home/airflow/.local/lib/python3.6/site-packages/airflow/example_dags/example_branch_day_of_week_operator.py for tasks to queue
[2022-05-26 10:14:17,982] {logging_mixin.py:104} INFO - [2022-05-26 10:14:17,982] {dagbag.py:496} INFO - Filling up the DagBag from /home/airflow/.local/lib/python3.6/site-packages/airflow/example_dags/example_branch_day_of_week_operator.py
[2022-05-26 10:14:18,411] {scheduler_job.py:642} INFO - DAG(s) dict_keys(['example_weekday_branch_operator']) retrieved from /home/airflow/.local/lib/python3.6/site-packages/airflow/example_dags/example_branch_day_of_week_operator.py
[2022-05-26 10:14:18,912] {logging_mixin.py:104} INFO - [2022-05-26 10:14:18,912] {dag.py:1833} INFO - Sync 1 DAGs
[2022-05-26 10:14:19,527] {logging_mixin.py:104} INFO - [2022-05-26 10:14:19,527] {dag.py:2306} INFO - Setting next_dagrun for example_weekday_branch_operator to 2022-05-24 00:00:00+00:00
[2022-05-26 10:14:19,747] {scheduler_job.py:189} INFO - Processing /home/airflow/.local/lib/python3.6/site-packages/airflow/example_dags/example_branch_day_of_week_operator.py took 1.872 seconds
[2022-05-26 10:15:32,885] {scheduler_job.py:181} INFO - Started process (PID=255) to work on /home/airflow/.local/lib/python3.6/site-packages/airflow/example_dags/example_branch_day_of_week_operator.py
[2022-05-26 10:15:33,653] {scheduler_job.py:632} INFO - Processing file /home/airflow/.local/lib/python3.6/site-packages/airflow/example_dags/example_branch_day_of_week_operator.py for tasks to queue
[2022-05-26 10:15:33,764] {logging_mixin.py:104} INFO - [2022-05-26 10:15:33,759] {dagbag.py:496} INFO - Filling up the DagBag from /home/airflow/.local/lib/python3.6/site-packages/airflow/example_dags/example_branch_day_of_week_operator.py
[2022-05-26 10:15:34,827] {scheduler_job.py:642} INFO - DAG(s) dict_keys(['example_weekday_branch_operator']) retrieved from /home/airflow/.local/lib/python3.6/site-packages/airflow/example_dags/example_branch_day_of_week_operator.py
[2022-05-26 10:15:35,453] {logging_mixin.py:104} INFO - [2022-05-26 10:15:35,452] {dag.py:1833} INFO - Sync 1 DAGs
[2022-05-26 10:15:36,098] {logging_mixin.py:104} INFO - [2022-05-26 10:15:36,077] {dag.py:2306} INFO - Setting next_dagrun for example_weekday_branch_operator to 2022-05-24 00:00:00+00:00
[2022-05-26 10:15:36,495] {scheduler_job.py:189} INFO - Processing /home/airflow/.local/lib/python3.6/site-packages/airflow/example_dags/example_branch_day_of_week_operator.py took 3.770 seconds
[2022-05-26 10:16:45,206] {scheduler_job.py:181} INFO - Started process (PID=298) to work on /home/airflow/.local/lib/python3.6/site-packages/airflow/example_dags/example_branch_day_of_week_operator.py
[2022-05-26 10:16:45,255] {scheduler_job.py:632} INFO - Processing file /home/airflow/.local/lib/python3.6/site-packages/airflow/example_dags/example_branch_day_of_week_operator.py for tasks to queue
[2022-05-26 10:16:45,283] {logging_mixin.py:104} INFO - [2022-05-26 10:16:45,283] {dagbag.py:496} INFO - Filling up the DagBag from /home/airflow/.local/lib/python3.6/site-packages/airflow/example_dags/example_branch_day_of_week_operator.py
[2022-05-26 10:16:46,040] {scheduler_job.py:642} INFO - DAG(s) dict_keys(['example_weekday_branch_operator']) retrieved from /home/airflow/.local/lib/python3.6/site-packages/airflow/example_dags/example_branch_day_of_week_operator.py
[2022-05-26 10:16:47,816] {logging_mixin.py:104} INFO - [2022-05-26 10:16:47,816] {dag.py:1833} INFO - Sync 1 DAGs
[2022-05-26 10:16:48,375] {logging_mixin.py:104} INFO - [2022-05-26 10:16:48,375] {dag.py:2306} INFO - Setting next_dagrun for example_weekday_branch_operator to 2022-05-24 00:00:00+00:00
[2022-05-26 10:16:48,871] {scheduler_job.py:189} INFO - Processing /home/airflow/.local/lib/python3.6/site-packages/airflow/example_dags/example_branch_day_of_week_operator.py took 3.746 seconds
