[2022-05-26 09:50:05,712] {scheduler_job.py:181} INFO - Started process (PID=354) to work on /home/airflow/.local/lib/python3.6/site-packages/airflow/example_dags/example_subdag_operator.py
[2022-05-26 09:50:05,721] {scheduler_job.py:632} INFO - Processing file /home/airflow/.local/lib/python3.6/site-packages/airflow/example_dags/example_subdag_operator.py for tasks to queue
[2022-05-26 09:50:05,728] {logging_mixin.py:104} INFO - [2022-05-26 09:50:05,728] {dagbag.py:496} INFO - Filling up the DagBag from /home/airflow/.local/lib/python3.6/site-packages/airflow/example_dags/example_subdag_operator.py
[2022-05-26 09:50:05,988] {scheduler_job.py:642} INFO - DAG(s) dict_keys(['example_subdag_operator.section-1', 'example_subdag_operator.section-2', 'example_subdag_operator']) retrieved from /home/airflow/.local/lib/python3.6/site-packages/airflow/example_dags/example_subdag_operator.py
[2022-05-26 09:50:13,790] {logging_mixin.py:104} INFO - [2022-05-26 09:50:13,790] {opentelemetry_tracing.py:29} INFO - This service is instrumented using OpenTelemetry. OpenTelemetry could not be imported; please add opentelemetry-api and opentelemetry-instrumentation packages in order to get BigQuery Tracing data.
[2022-05-26 09:50:14,652] {logging_mixin.py:104} INFO - [2022-05-26 09:50:14,649] {dag.py:1833} INFO - Sync 3 DAGs
[2022-05-26 09:50:14,753] {logging_mixin.py:104} INFO - [2022-05-26 09:50:14,750] {dag.py:1852} INFO - Creating ORM DAG for example_subdag_operator.section-1
[2022-05-26 09:50:14,757] {logging_mixin.py:104} INFO - [2022-05-26 09:50:14,756] {dag.py:1852} INFO - Creating ORM DAG for example_subdag_operator.section-2
[2022-05-26 09:50:14,767] {logging_mixin.py:104} INFO - [2022-05-26 09:50:14,767] {dag.py:1852} INFO - Creating ORM DAG for example_subdag_operator
[2022-05-26 09:50:14,810] {logging_mixin.py:104} INFO - [2022-05-26 09:50:14,808] {dag.py:2306} INFO - Setting next_dagrun for example_subdag_operator to 2022-05-24 00:00:00+00:00
[2022-05-26 09:50:14,818] {logging_mixin.py:104} INFO - [2022-05-26 09:50:14,817] {dag.py:2306} INFO - Setting next_dagrun for example_subdag_operator.section-1 to None
[2022-05-26 09:50:14,824] {logging_mixin.py:104} INFO - [2022-05-26 09:50:14,823] {dag.py:2306} INFO - Setting next_dagrun for example_subdag_operator.section-2 to None
[2022-05-26 09:50:14,857] {logging_mixin.py:104} INFO - [2022-05-26 09:50:14,857] {dag.py:1833} INFO - Sync 2 DAGs
[2022-05-26 09:50:14,892] {logging_mixin.py:104} INFO - [2022-05-26 09:50:14,892] {dag.py:2306} INFO - Setting next_dagrun for example_subdag_operator.section-1 to None
[2022-05-26 09:50:14,896] {logging_mixin.py:104} INFO - [2022-05-26 09:50:14,895] {dag.py:2306} INFO - Setting next_dagrun for example_subdag_operator.section-2 to None
[2022-05-26 09:50:14,921] {scheduler_job.py:189} INFO - Processing /home/airflow/.local/lib/python3.6/site-packages/airflow/example_dags/example_subdag_operator.py took 9.242 seconds
[2022-05-26 09:51:48,295] {scheduler_job.py:181} INFO - Started process (PID=472) to work on /home/airflow/.local/lib/python3.6/site-packages/airflow/example_dags/example_subdag_operator.py
[2022-05-26 09:51:48,312] {scheduler_job.py:632} INFO - Processing file /home/airflow/.local/lib/python3.6/site-packages/airflow/example_dags/example_subdag_operator.py for tasks to queue
[2022-05-26 09:51:48,316] {logging_mixin.py:104} INFO - [2022-05-26 09:51:48,315] {dagbag.py:496} INFO - Filling up the DagBag from /home/airflow/.local/lib/python3.6/site-packages/airflow/example_dags/example_subdag_operator.py
[2022-05-26 09:51:48,470] {scheduler_job.py:642} INFO - DAG(s) dict_keys(['example_subdag_operator.section-1', 'example_subdag_operator.section-2', 'example_subdag_operator']) retrieved from /home/airflow/.local/lib/python3.6/site-packages/airflow/example_dags/example_subdag_operator.py
[2022-05-26 09:51:48,544] {logging_mixin.py:104} INFO - [2022-05-26 09:51:48,544] {dag.py:1833} INFO - Sync 3 DAGs
[2022-05-26 09:51:48,636] {logging_mixin.py:104} INFO - [2022-05-26 09:51:48,636] {dag.py:2306} INFO - Setting next_dagrun for example_subdag_operator to 2022-05-24 00:00:00+00:00
[2022-05-26 09:51:48,651] {logging_mixin.py:104} INFO - [2022-05-26 09:51:48,650] {dag.py:2306} INFO - Setting next_dagrun for example_subdag_operator.section-1 to None
[2022-05-26 09:51:48,656] {logging_mixin.py:104} INFO - [2022-05-26 09:51:48,655] {dag.py:2306} INFO - Setting next_dagrun for example_subdag_operator.section-2 to None
[2022-05-26 09:51:48,718] {logging_mixin.py:104} INFO - [2022-05-26 09:51:48,718] {dag.py:1833} INFO - Sync 2 DAGs
[2022-05-26 09:51:48,802] {logging_mixin.py:104} INFO - [2022-05-26 09:51:48,801] {dag.py:2306} INFO - Setting next_dagrun for example_subdag_operator.section-1 to None
[2022-05-26 09:51:48,804] {logging_mixin.py:104} INFO - [2022-05-26 09:51:48,804] {dag.py:2306} INFO - Setting next_dagrun for example_subdag_operator.section-2 to None
[2022-05-26 09:51:48,846] {scheduler_job.py:189} INFO - Processing /home/airflow/.local/lib/python3.6/site-packages/airflow/example_dags/example_subdag_operator.py took 0.564 seconds
[2022-05-26 09:52:19,360] {scheduler_job.py:181} INFO - Started process (PID=526) to work on /home/airflow/.local/lib/python3.6/site-packages/airflow/example_dags/example_subdag_operator.py
[2022-05-26 09:52:19,367] {scheduler_job.py:632} INFO - Processing file /home/airflow/.local/lib/python3.6/site-packages/airflow/example_dags/example_subdag_operator.py for tasks to queue
[2022-05-26 09:52:19,373] {logging_mixin.py:104} INFO - [2022-05-26 09:52:19,372] {dagbag.py:496} INFO - Filling up the DagBag from /home/airflow/.local/lib/python3.6/site-packages/airflow/example_dags/example_subdag_operator.py
[2022-05-26 09:52:19,505] {scheduler_job.py:642} INFO - DAG(s) dict_keys(['example_subdag_operator.section-1', 'example_subdag_operator.section-2', 'example_subdag_operator']) retrieved from /home/airflow/.local/lib/python3.6/site-packages/airflow/example_dags/example_subdag_operator.py
[2022-05-26 09:52:19,551] {logging_mixin.py:104} INFO - [2022-05-26 09:52:19,551] {dag.py:1833} INFO - Sync 3 DAGs
[2022-05-26 09:52:19,594] {logging_mixin.py:104} INFO - [2022-05-26 09:52:19,594] {dag.py:2306} INFO - Setting next_dagrun for example_subdag_operator to 2022-05-24 00:00:00+00:00
[2022-05-26 09:52:19,600] {logging_mixin.py:104} INFO - [2022-05-26 09:52:19,599] {dag.py:2306} INFO - Setting next_dagrun for example_subdag_operator.section-1 to None
[2022-05-26 09:52:19,602] {logging_mixin.py:104} INFO - [2022-05-26 09:52:19,602] {dag.py:2306} INFO - Setting next_dagrun for example_subdag_operator.section-2 to None
[2022-05-26 09:52:19,632] {logging_mixin.py:104} INFO - [2022-05-26 09:52:19,632] {dag.py:1833} INFO - Sync 2 DAGs
[2022-05-26 09:52:19,662] {logging_mixin.py:104} INFO - [2022-05-26 09:52:19,662] {dag.py:2306} INFO - Setting next_dagrun for example_subdag_operator.section-1 to None
[2022-05-26 09:52:19,664] {logging_mixin.py:104} INFO - [2022-05-26 09:52:19,664] {dag.py:2306} INFO - Setting next_dagrun for example_subdag_operator.section-2 to None
[2022-05-26 09:52:19,682] {scheduler_job.py:189} INFO - Processing /home/airflow/.local/lib/python3.6/site-packages/airflow/example_dags/example_subdag_operator.py took 0.343 seconds
[2022-05-26 09:52:50,980] {scheduler_job.py:181} INFO - Started process (PID=582) to work on /home/airflow/.local/lib/python3.6/site-packages/airflow/example_dags/example_subdag_operator.py
[2022-05-26 09:52:50,988] {scheduler_job.py:632} INFO - Processing file /home/airflow/.local/lib/python3.6/site-packages/airflow/example_dags/example_subdag_operator.py for tasks to queue
[2022-05-26 09:52:50,998] {logging_mixin.py:104} INFO - [2022-05-26 09:52:50,995] {dagbag.py:496} INFO - Filling up the DagBag from /home/airflow/.local/lib/python3.6/site-packages/airflow/example_dags/example_subdag_operator.py
[2022-05-26 09:52:51,154] {scheduler_job.py:642} INFO - DAG(s) dict_keys(['example_subdag_operator.section-1', 'example_subdag_operator.section-2', 'example_subdag_operator']) retrieved from /home/airflow/.local/lib/python3.6/site-packages/airflow/example_dags/example_subdag_operator.py
[2022-05-26 09:52:51,231] {logging_mixin.py:104} INFO - [2022-05-26 09:52:51,231] {dag.py:1833} INFO - Sync 3 DAGs
[2022-05-26 09:52:51,278] {logging_mixin.py:104} INFO - [2022-05-26 09:52:51,278] {dag.py:2306} INFO - Setting next_dagrun for example_subdag_operator to 2022-05-24 00:00:00+00:00
[2022-05-26 09:52:51,286] {logging_mixin.py:104} INFO - [2022-05-26 09:52:51,286] {dag.py:2306} INFO - Setting next_dagrun for example_subdag_operator.section-1 to None
[2022-05-26 09:52:51,288] {logging_mixin.py:104} INFO - [2022-05-26 09:52:51,288] {dag.py:2306} INFO - Setting next_dagrun for example_subdag_operator.section-2 to None
[2022-05-26 09:52:51,319] {logging_mixin.py:104} INFO - [2022-05-26 09:52:51,319] {dag.py:1833} INFO - Sync 2 DAGs
[2022-05-26 09:52:51,346] {logging_mixin.py:104} INFO - [2022-05-26 09:52:51,346] {dag.py:2306} INFO - Setting next_dagrun for example_subdag_operator.section-1 to None
[2022-05-26 09:52:51,349] {logging_mixin.py:104} INFO - [2022-05-26 09:52:51,349] {dag.py:2306} INFO - Setting next_dagrun for example_subdag_operator.section-2 to None
[2022-05-26 09:52:51,379] {scheduler_job.py:189} INFO - Processing /home/airflow/.local/lib/python3.6/site-packages/airflow/example_dags/example_subdag_operator.py took 0.437 seconds
[2022-05-26 09:53:22,379] {scheduler_job.py:181} INFO - Started process (PID=636) to work on /home/airflow/.local/lib/python3.6/site-packages/airflow/example_dags/example_subdag_operator.py
[2022-05-26 09:53:22,417] {scheduler_job.py:632} INFO - Processing file /home/airflow/.local/lib/python3.6/site-packages/airflow/example_dags/example_subdag_operator.py for tasks to queue
[2022-05-26 09:53:22,451] {logging_mixin.py:104} INFO - [2022-05-26 09:53:22,445] {dagbag.py:496} INFO - Filling up the DagBag from /home/airflow/.local/lib/python3.6/site-packages/airflow/example_dags/example_subdag_operator.py
[2022-05-26 09:53:22,693] {scheduler_job.py:642} INFO - DAG(s) dict_keys(['example_subdag_operator.section-1', 'example_subdag_operator.section-2', 'example_subdag_operator']) retrieved from /home/airflow/.local/lib/python3.6/site-packages/airflow/example_dags/example_subdag_operator.py
[2022-05-26 09:53:22,735] {logging_mixin.py:104} INFO - [2022-05-26 09:53:22,734] {dag.py:1833} INFO - Sync 3 DAGs
[2022-05-26 09:53:22,775] {logging_mixin.py:104} INFO - [2022-05-26 09:53:22,774] {dag.py:2306} INFO - Setting next_dagrun for example_subdag_operator to 2022-05-24 00:00:00+00:00
[2022-05-26 09:53:22,784] {logging_mixin.py:104} INFO - [2022-05-26 09:53:22,783] {dag.py:2306} INFO - Setting next_dagrun for example_subdag_operator.section-1 to None
[2022-05-26 09:53:22,790] {logging_mixin.py:104} INFO - [2022-05-26 09:53:22,789] {dag.py:2306} INFO - Setting next_dagrun for example_subdag_operator.section-2 to None
[2022-05-26 09:53:22,818] {logging_mixin.py:104} INFO - [2022-05-26 09:53:22,818] {dag.py:1833} INFO - Sync 2 DAGs
[2022-05-26 09:53:22,844] {logging_mixin.py:104} INFO - [2022-05-26 09:53:22,844] {dag.py:2306} INFO - Setting next_dagrun for example_subdag_operator.section-1 to None
[2022-05-26 09:53:22,851] {logging_mixin.py:104} INFO - [2022-05-26 09:53:22,850] {dag.py:2306} INFO - Setting next_dagrun for example_subdag_operator.section-2 to None
[2022-05-26 09:53:22,895] {scheduler_job.py:189} INFO - Processing /home/airflow/.local/lib/python3.6/site-packages/airflow/example_dags/example_subdag_operator.py took 0.526 seconds
[2022-05-26 09:53:53,947] {scheduler_job.py:181} INFO - Started process (PID=693) to work on /home/airflow/.local/lib/python3.6/site-packages/airflow/example_dags/example_subdag_operator.py
[2022-05-26 09:53:53,957] {scheduler_job.py:632} INFO - Processing file /home/airflow/.local/lib/python3.6/site-packages/airflow/example_dags/example_subdag_operator.py for tasks to queue
[2022-05-26 09:53:53,962] {logging_mixin.py:104} INFO - [2022-05-26 09:53:53,962] {dagbag.py:496} INFO - Filling up the DagBag from /home/airflow/.local/lib/python3.6/site-packages/airflow/example_dags/example_subdag_operator.py
[2022-05-26 09:53:54,063] {scheduler_job.py:642} INFO - DAG(s) dict_keys(['example_subdag_operator.section-1', 'example_subdag_operator.section-2', 'example_subdag_operator']) retrieved from /home/airflow/.local/lib/python3.6/site-packages/airflow/example_dags/example_subdag_operator.py
[2022-05-26 09:53:54,127] {logging_mixin.py:104} INFO - [2022-05-26 09:53:54,126] {dag.py:1833} INFO - Sync 3 DAGs
[2022-05-26 09:53:54,168] {logging_mixin.py:104} INFO - [2022-05-26 09:53:54,168] {dag.py:2306} INFO - Setting next_dagrun for example_subdag_operator to 2022-05-24 00:00:00+00:00
[2022-05-26 09:53:54,173] {logging_mixin.py:104} INFO - [2022-05-26 09:53:54,172] {dag.py:2306} INFO - Setting next_dagrun for example_subdag_operator.section-1 to None
[2022-05-26 09:53:54,178] {logging_mixin.py:104} INFO - [2022-05-26 09:53:54,178] {dag.py:2306} INFO - Setting next_dagrun for example_subdag_operator.section-2 to None
[2022-05-26 09:53:54,215] {logging_mixin.py:104} INFO - [2022-05-26 09:53:54,215] {dag.py:1833} INFO - Sync 2 DAGs
[2022-05-26 09:53:54,238] {logging_mixin.py:104} INFO - [2022-05-26 09:53:54,238] {dag.py:2306} INFO - Setting next_dagrun for example_subdag_operator.section-1 to None
[2022-05-26 09:53:54,241] {logging_mixin.py:104} INFO - [2022-05-26 09:53:54,241] {dag.py:2306} INFO - Setting next_dagrun for example_subdag_operator.section-2 to None
[2022-05-26 09:53:54,278] {scheduler_job.py:189} INFO - Processing /home/airflow/.local/lib/python3.6/site-packages/airflow/example_dags/example_subdag_operator.py took 0.347 seconds
[2022-05-26 09:54:46,829] {scheduler_job.py:181} INFO - Started process (PID=748) to work on /home/airflow/.local/lib/python3.6/site-packages/airflow/example_dags/example_subdag_operator.py
[2022-05-26 09:54:46,863] {scheduler_job.py:632} INFO - Processing file /home/airflow/.local/lib/python3.6/site-packages/airflow/example_dags/example_subdag_operator.py for tasks to queue
[2022-05-26 09:54:46,883] {logging_mixin.py:104} INFO - [2022-05-26 09:54:46,873] {dagbag.py:496} INFO - Filling up the DagBag from /home/airflow/.local/lib/python3.6/site-packages/airflow/example_dags/example_subdag_operator.py
[2022-05-26 09:54:47,430] {scheduler_job.py:642} INFO - DAG(s) dict_keys(['example_subdag_operator.section-1', 'example_subdag_operator.section-2', 'example_subdag_operator']) retrieved from /home/airflow/.local/lib/python3.6/site-packages/airflow/example_dags/example_subdag_operator.py
[2022-05-26 09:54:47,547] {logging_mixin.py:104} INFO - [2022-05-26 09:54:47,547] {dag.py:1833} INFO - Sync 3 DAGs
[2022-05-26 09:54:47,624] {logging_mixin.py:104} INFO - [2022-05-26 09:54:47,624] {dag.py:2306} INFO - Setting next_dagrun for example_subdag_operator to 2022-05-24 00:00:00+00:00
[2022-05-26 09:54:47,638] {logging_mixin.py:104} INFO - [2022-05-26 09:54:47,638] {dag.py:2306} INFO - Setting next_dagrun for example_subdag_operator.section-1 to None
[2022-05-26 09:54:47,640] {logging_mixin.py:104} INFO - [2022-05-26 09:54:47,640] {dag.py:2306} INFO - Setting next_dagrun for example_subdag_operator.section-2 to None
[2022-05-26 09:54:47,694] {logging_mixin.py:104} INFO - [2022-05-26 09:54:47,694] {dag.py:1833} INFO - Sync 2 DAGs
[2022-05-26 09:54:47,776] {logging_mixin.py:104} INFO - [2022-05-26 09:54:47,776] {dag.py:2306} INFO - Setting next_dagrun for example_subdag_operator.section-1 to None
[2022-05-26 09:54:47,781] {logging_mixin.py:104} INFO - [2022-05-26 09:54:47,781] {dag.py:2306} INFO - Setting next_dagrun for example_subdag_operator.section-2 to None
[2022-05-26 09:54:47,863] {scheduler_job.py:189} INFO - Processing /home/airflow/.local/lib/python3.6/site-packages/airflow/example_dags/example_subdag_operator.py took 1.061 seconds
[2022-05-26 09:55:18,645] {scheduler_job.py:181} INFO - Started process (PID=803) to work on /home/airflow/.local/lib/python3.6/site-packages/airflow/example_dags/example_subdag_operator.py
[2022-05-26 09:55:18,659] {scheduler_job.py:632} INFO - Processing file /home/airflow/.local/lib/python3.6/site-packages/airflow/example_dags/example_subdag_operator.py for tasks to queue
[2022-05-26 09:55:18,673] {logging_mixin.py:104} INFO - [2022-05-26 09:55:18,673] {dagbag.py:496} INFO - Filling up the DagBag from /home/airflow/.local/lib/python3.6/site-packages/airflow/example_dags/example_subdag_operator.py
[2022-05-26 09:55:18,817] {scheduler_job.py:642} INFO - DAG(s) dict_keys(['example_subdag_operator.section-1', 'example_subdag_operator.section-2', 'example_subdag_operator']) retrieved from /home/airflow/.local/lib/python3.6/site-packages/airflow/example_dags/example_subdag_operator.py
[2022-05-26 09:55:18,878] {logging_mixin.py:104} INFO - [2022-05-26 09:55:18,877] {dag.py:1833} INFO - Sync 3 DAGs
[2022-05-26 09:55:18,946] {logging_mixin.py:104} INFO - [2022-05-26 09:55:18,946] {dag.py:2306} INFO - Setting next_dagrun for example_subdag_operator to 2022-05-24 00:00:00+00:00
[2022-05-26 09:55:18,956] {logging_mixin.py:104} INFO - [2022-05-26 09:55:18,956] {dag.py:2306} INFO - Setting next_dagrun for example_subdag_operator.section-1 to None
[2022-05-26 09:55:18,958] {logging_mixin.py:104} INFO - [2022-05-26 09:55:18,958] {dag.py:2306} INFO - Setting next_dagrun for example_subdag_operator.section-2 to None
[2022-05-26 09:55:18,979] {logging_mixin.py:104} INFO - [2022-05-26 09:55:18,979] {dag.py:1833} INFO - Sync 2 DAGs
[2022-05-26 09:55:19,006] {logging_mixin.py:104} INFO - [2022-05-26 09:55:19,006] {dag.py:2306} INFO - Setting next_dagrun for example_subdag_operator.section-1 to None
[2022-05-26 09:55:19,010] {logging_mixin.py:104} INFO - [2022-05-26 09:55:19,009] {dag.py:2306} INFO - Setting next_dagrun for example_subdag_operator.section-2 to None
[2022-05-26 09:55:19,036] {scheduler_job.py:189} INFO - Processing /home/airflow/.local/lib/python3.6/site-packages/airflow/example_dags/example_subdag_operator.py took 0.422 seconds
[2022-05-26 09:56:04,087] {scheduler_job.py:181} INFO - Started process (PID=862) to work on /home/airflow/.local/lib/python3.6/site-packages/airflow/example_dags/example_subdag_operator.py
[2022-05-26 09:56:04,094] {scheduler_job.py:632} INFO - Processing file /home/airflow/.local/lib/python3.6/site-packages/airflow/example_dags/example_subdag_operator.py for tasks to queue
[2022-05-26 09:56:04,102] {logging_mixin.py:104} INFO - [2022-05-26 09:56:04,102] {dagbag.py:496} INFO - Filling up the DagBag from /home/airflow/.local/lib/python3.6/site-packages/airflow/example_dags/example_subdag_operator.py
[2022-05-26 09:56:04,308] {scheduler_job.py:642} INFO - DAG(s) dict_keys(['example_subdag_operator.section-1', 'example_subdag_operator.section-2', 'example_subdag_operator']) retrieved from /home/airflow/.local/lib/python3.6/site-packages/airflow/example_dags/example_subdag_operator.py
[2022-05-26 09:56:04,453] {logging_mixin.py:104} INFO - [2022-05-26 09:56:04,453] {dag.py:1833} INFO - Sync 3 DAGs
[2022-05-26 09:56:04,525] {logging_mixin.py:104} INFO - [2022-05-26 09:56:04,525] {dag.py:2306} INFO - Setting next_dagrun for example_subdag_operator to 2022-05-24 00:00:00+00:00
[2022-05-26 09:56:04,534] {logging_mixin.py:104} INFO - [2022-05-26 09:56:04,534] {dag.py:2306} INFO - Setting next_dagrun for example_subdag_operator.section-1 to None
[2022-05-26 09:56:04,548] {logging_mixin.py:104} INFO - [2022-05-26 09:56:04,547] {dag.py:2306} INFO - Setting next_dagrun for example_subdag_operator.section-2 to None
[2022-05-26 09:56:04,591] {logging_mixin.py:104} INFO - [2022-05-26 09:56:04,590] {dag.py:1833} INFO - Sync 2 DAGs
[2022-05-26 09:56:04,630] {logging_mixin.py:104} INFO - [2022-05-26 09:56:04,629] {dag.py:2306} INFO - Setting next_dagrun for example_subdag_operator.section-1 to None
[2022-05-26 09:56:04,639] {logging_mixin.py:104} INFO - [2022-05-26 09:56:04,639] {dag.py:2306} INFO - Setting next_dagrun for example_subdag_operator.section-2 to None
[2022-05-26 09:56:04,656] {scheduler_job.py:189} INFO - Processing /home/airflow/.local/lib/python3.6/site-packages/airflow/example_dags/example_subdag_operator.py took 0.598 seconds
[2022-05-26 09:57:09,599] {scheduler_job.py:181} INFO - Started process (PID=935) to work on /home/airflow/.local/lib/python3.6/site-packages/airflow/example_dags/example_subdag_operator.py
[2022-05-26 09:57:09,630] {scheduler_job.py:632} INFO - Processing file /home/airflow/.local/lib/python3.6/site-packages/airflow/example_dags/example_subdag_operator.py for tasks to queue
[2022-05-26 09:57:09,657] {logging_mixin.py:104} INFO - [2022-05-26 09:57:09,656] {dagbag.py:496} INFO - Filling up the DagBag from /home/airflow/.local/lib/python3.6/site-packages/airflow/example_dags/example_subdag_operator.py
[2022-05-26 09:57:10,005] {scheduler_job.py:642} INFO - DAG(s) dict_keys(['example_subdag_operator.section-1', 'example_subdag_operator.section-2', 'example_subdag_operator']) retrieved from /home/airflow/.local/lib/python3.6/site-packages/airflow/example_dags/example_subdag_operator.py
[2022-05-26 09:57:10,198] {logging_mixin.py:104} INFO - [2022-05-26 09:57:10,197] {dag.py:1833} INFO - Sync 3 DAGs
[2022-05-26 09:57:10,403] {logging_mixin.py:104} INFO - [2022-05-26 09:57:10,403] {dag.py:2306} INFO - Setting next_dagrun for example_subdag_operator to 2022-05-24 00:00:00+00:00
[2022-05-26 09:57:10,427] {logging_mixin.py:104} INFO - [2022-05-26 09:57:10,427] {dag.py:2306} INFO - Setting next_dagrun for example_subdag_operator.section-1 to None
[2022-05-26 09:57:10,448] {logging_mixin.py:104} INFO - [2022-05-26 09:57:10,448] {dag.py:2306} INFO - Setting next_dagrun for example_subdag_operator.section-2 to None
[2022-05-26 09:57:10,546] {logging_mixin.py:104} INFO - [2022-05-26 09:57:10,546] {dag.py:1833} INFO - Sync 2 DAGs
[2022-05-26 09:57:10,651] {logging_mixin.py:104} INFO - [2022-05-26 09:57:10,650] {dag.py:2306} INFO - Setting next_dagrun for example_subdag_operator.section-1 to None
[2022-05-26 09:57:10,670] {logging_mixin.py:104} INFO - [2022-05-26 09:57:10,670] {dag.py:2306} INFO - Setting next_dagrun for example_subdag_operator.section-2 to None
[2022-05-26 09:57:10,781] {scheduler_job.py:189} INFO - Processing /home/airflow/.local/lib/python3.6/site-packages/airflow/example_dags/example_subdag_operator.py took 1.212 seconds
[2022-05-26 09:58:25,899] {scheduler_job.py:181} INFO - Started process (PID=1004) to work on /home/airflow/.local/lib/python3.6/site-packages/airflow/example_dags/example_subdag_operator.py
[2022-05-26 09:58:25,925] {scheduler_job.py:632} INFO - Processing file /home/airflow/.local/lib/python3.6/site-packages/airflow/example_dags/example_subdag_operator.py for tasks to queue
[2022-05-26 09:58:25,952] {logging_mixin.py:104} INFO - [2022-05-26 09:58:25,952] {dagbag.py:496} INFO - Filling up the DagBag from /home/airflow/.local/lib/python3.6/site-packages/airflow/example_dags/example_subdag_operator.py
[2022-05-26 09:58:26,495] {scheduler_job.py:642} INFO - DAG(s) dict_keys(['example_subdag_operator.section-1', 'example_subdag_operator.section-2', 'example_subdag_operator']) retrieved from /home/airflow/.local/lib/python3.6/site-packages/airflow/example_dags/example_subdag_operator.py
[2022-05-26 09:58:26,994] {logging_mixin.py:104} INFO - [2022-05-26 09:58:26,994] {dag.py:1833} INFO - Sync 3 DAGs
[2022-05-26 09:58:27,308] {logging_mixin.py:104} INFO - [2022-05-26 09:58:27,308] {dag.py:2306} INFO - Setting next_dagrun for example_subdag_operator to 2022-05-24 00:00:00+00:00
[2022-05-26 09:58:27,355] {logging_mixin.py:104} INFO - [2022-05-26 09:58:27,354] {dag.py:2306} INFO - Setting next_dagrun for example_subdag_operator.section-1 to None
[2022-05-26 09:58:27,358] {logging_mixin.py:104} INFO - [2022-05-26 09:58:27,357] {dag.py:2306} INFO - Setting next_dagrun for example_subdag_operator.section-2 to None
[2022-05-26 09:58:27,533] {logging_mixin.py:104} INFO - [2022-05-26 09:58:27,533] {dag.py:1833} INFO - Sync 2 DAGs
[2022-05-26 09:58:27,636] {logging_mixin.py:104} INFO - [2022-05-26 09:58:27,636] {dag.py:2306} INFO - Setting next_dagrun for example_subdag_operator.section-1 to None
[2022-05-26 09:58:27,651] {logging_mixin.py:104} INFO - [2022-05-26 09:58:27,651] {dag.py:2306} INFO - Setting next_dagrun for example_subdag_operator.section-2 to None
[2022-05-26 09:58:27,792] {scheduler_job.py:189} INFO - Processing /home/airflow/.local/lib/python3.6/site-packages/airflow/example_dags/example_subdag_operator.py took 1.974 seconds
[2022-05-26 09:59:52,455] {scheduler_job.py:181} INFO - Started process (PID=1083) to work on /home/airflow/.local/lib/python3.6/site-packages/airflow/example_dags/example_subdag_operator.py
[2022-05-26 09:59:52,509] {scheduler_job.py:632} INFO - Processing file /home/airflow/.local/lib/python3.6/site-packages/airflow/example_dags/example_subdag_operator.py for tasks to queue
[2022-05-26 09:59:52,536] {logging_mixin.py:104} INFO - [2022-05-26 09:59:52,513] {dagbag.py:496} INFO - Filling up the DagBag from /home/airflow/.local/lib/python3.6/site-packages/airflow/example_dags/example_subdag_operator.py
[2022-05-26 09:59:53,156] {scheduler_job.py:642} INFO - DAG(s) dict_keys(['example_subdag_operator.section-1', 'example_subdag_operator.section-2', 'example_subdag_operator']) retrieved from /home/airflow/.local/lib/python3.6/site-packages/airflow/example_dags/example_subdag_operator.py
[2022-05-26 09:59:53,434] {logging_mixin.py:104} INFO - [2022-05-26 09:59:53,434] {dag.py:1833} INFO - Sync 3 DAGs
[2022-05-26 09:59:54,034] {logging_mixin.py:104} INFO - [2022-05-26 09:59:54,033] {dag.py:2306} INFO - Setting next_dagrun for example_subdag_operator to 2022-05-24 00:00:00+00:00
[2022-05-26 09:59:54,151] {logging_mixin.py:104} INFO - [2022-05-26 09:59:54,151] {dag.py:2306} INFO - Setting next_dagrun for example_subdag_operator.section-1 to None
[2022-05-26 09:59:54,178] {logging_mixin.py:104} INFO - [2022-05-26 09:59:54,178] {dag.py:2306} INFO - Setting next_dagrun for example_subdag_operator.section-2 to None
[2022-05-26 09:59:54,902] {logging_mixin.py:104} INFO - [2022-05-26 09:59:54,901] {dag.py:1833} INFO - Sync 2 DAGs
[2022-05-26 09:59:55,227] {logging_mixin.py:104} INFO - [2022-05-26 09:59:55,227] {dag.py:2306} INFO - Setting next_dagrun for example_subdag_operator.section-1 to None
[2022-05-26 09:59:55,244] {logging_mixin.py:104} INFO - [2022-05-26 09:59:55,244] {dag.py:2306} INFO - Setting next_dagrun for example_subdag_operator.section-2 to None
[2022-05-26 09:59:55,321] {scheduler_job.py:189} INFO - Processing /home/airflow/.local/lib/python3.6/site-packages/airflow/example_dags/example_subdag_operator.py took 2.927 seconds
[2022-05-26 10:04:15,293] {scheduler_job.py:181} INFO - Started process (PID=1275) to work on /home/airflow/.local/lib/python3.6/site-packages/airflow/example_dags/example_subdag_operator.py
[2022-05-26 10:04:15,451] {scheduler_job.py:632} INFO - Processing file /home/airflow/.local/lib/python3.6/site-packages/airflow/example_dags/example_subdag_operator.py for tasks to queue
[2022-05-26 10:04:15,483] {logging_mixin.py:104} INFO - [2022-05-26 10:04:15,482] {dagbag.py:496} INFO - Filling up the DagBag from /home/airflow/.local/lib/python3.6/site-packages/airflow/example_dags/example_subdag_operator.py
[2022-05-26 10:04:16,923] {scheduler_job.py:642} INFO - DAG(s) dict_keys(['example_subdag_operator.section-1', 'example_subdag_operator.section-2', 'example_subdag_operator']) retrieved from /home/airflow/.local/lib/python3.6/site-packages/airflow/example_dags/example_subdag_operator.py
[2022-05-26 10:04:17,377] {logging_mixin.py:104} INFO - [2022-05-26 10:04:17,377] {dag.py:1833} INFO - Sync 3 DAGs
[2022-05-26 10:04:18,108] {logging_mixin.py:104} INFO - [2022-05-26 10:04:18,107] {dag.py:2306} INFO - Setting next_dagrun for example_subdag_operator to 2022-05-24 00:00:00+00:00
[2022-05-26 10:04:18,238] {logging_mixin.py:104} INFO - [2022-05-26 10:04:18,238] {dag.py:2306} INFO - Setting next_dagrun for example_subdag_operator.section-1 to None
[2022-05-26 10:04:18,254] {logging_mixin.py:104} INFO - [2022-05-26 10:04:18,254] {dag.py:2306} INFO - Setting next_dagrun for example_subdag_operator.section-2 to None
[2022-05-26 10:04:18,782] {logging_mixin.py:104} INFO - [2022-05-26 10:04:18,781] {dag.py:1833} INFO - Sync 2 DAGs
[2022-05-26 10:04:19,079] {logging_mixin.py:104} INFO - [2022-05-26 10:04:19,079] {dag.py:2306} INFO - Setting next_dagrun for example_subdag_operator.section-1 to None
[2022-05-26 10:04:19,093] {logging_mixin.py:104} INFO - [2022-05-26 10:04:19,093] {dag.py:2306} INFO - Setting next_dagrun for example_subdag_operator.section-2 to None
[2022-05-26 10:04:19,241] {scheduler_job.py:189} INFO - Processing /home/airflow/.local/lib/python3.6/site-packages/airflow/example_dags/example_subdag_operator.py took 3.987 seconds
