[2022-05-26 09:49:19,910] {scheduler_job.py:181} INFO - Started process (PID=297) to work on /home/airflow/.local/lib/python3.6/site-packages/airflow/example_dags/example_skip_dag.py
[2022-05-26 09:49:19,917] {scheduler_job.py:632} INFO - Processing file /home/airflow/.local/lib/python3.6/site-packages/airflow/example_dags/example_skip_dag.py for tasks to queue
[2022-05-26 09:49:19,929] {logging_mixin.py:104} INFO - [2022-05-26 09:49:19,927] {dagbag.py:496} INFO - Filling up the DagBag from /home/airflow/.local/lib/python3.6/site-packages/airflow/example_dags/example_skip_dag.py
[2022-05-26 09:49:19,961] {scheduler_job.py:642} INFO - DAG(s) dict_keys(['example_skip_dag']) retrieved from /home/airflow/.local/lib/python3.6/site-packages/airflow/example_dags/example_skip_dag.py
[2022-05-26 09:49:26,419] {logging_mixin.py:104} INFO - [2022-05-26 09:49:26,419] {opentelemetry_tracing.py:29} INFO - This service is instrumented using OpenTelemetry. OpenTelemetry could not be imported; please add opentelemetry-api and opentelemetry-instrumentation packages in order to get BigQuery Tracing data.
[2022-05-26 09:49:29,040] {logging_mixin.py:104} INFO - [2022-05-26 09:49:29,037] {dag.py:1833} INFO - Sync 1 DAGs
[2022-05-26 09:49:29,144] {logging_mixin.py:104} INFO - [2022-05-26 09:49:29,142] {dag.py:1852} INFO - Creating ORM DAG for example_skip_dag
[2022-05-26 09:49:29,182] {logging_mixin.py:104} INFO - [2022-05-26 09:49:29,182] {dag.py:2306} INFO - Setting next_dagrun for example_skip_dag to 2022-05-24 00:00:00+00:00
[2022-05-26 09:49:29,240] {scheduler_job.py:189} INFO - Processing /home/airflow/.local/lib/python3.6/site-packages/airflow/example_dags/example_skip_dag.py took 9.346 seconds
[2022-05-26 09:51:42,805] {scheduler_job.py:181} INFO - Started process (PID=459) to work on /home/airflow/.local/lib/python3.6/site-packages/airflow/example_dags/example_skip_dag.py
[2022-05-26 09:51:42,814] {scheduler_job.py:632} INFO - Processing file /home/airflow/.local/lib/python3.6/site-packages/airflow/example_dags/example_skip_dag.py for tasks to queue
[2022-05-26 09:51:42,829] {logging_mixin.py:104} INFO - [2022-05-26 09:51:42,828] {dagbag.py:496} INFO - Filling up the DagBag from /home/airflow/.local/lib/python3.6/site-packages/airflow/example_dags/example_skip_dag.py
[2022-05-26 09:51:42,951] {scheduler_job.py:642} INFO - DAG(s) dict_keys(['example_skip_dag']) retrieved from /home/airflow/.local/lib/python3.6/site-packages/airflow/example_dags/example_skip_dag.py
[2022-05-26 09:51:43,138] {logging_mixin.py:104} INFO - [2022-05-26 09:51:43,138] {dag.py:1833} INFO - Sync 1 DAGs
[2022-05-26 09:51:43,255] {logging_mixin.py:104} INFO - [2022-05-26 09:51:43,255] {dag.py:2306} INFO - Setting next_dagrun for example_skip_dag to 2022-05-24 00:00:00+00:00
[2022-05-26 09:51:43,330] {scheduler_job.py:189} INFO - Processing /home/airflow/.local/lib/python3.6/site-packages/airflow/example_dags/example_skip_dag.py took 0.563 seconds
[2022-05-26 09:52:13,979] {scheduler_job.py:181} INFO - Started process (PID=505) to work on /home/airflow/.local/lib/python3.6/site-packages/airflow/example_dags/example_skip_dag.py
[2022-05-26 09:52:13,986] {scheduler_job.py:632} INFO - Processing file /home/airflow/.local/lib/python3.6/site-packages/airflow/example_dags/example_skip_dag.py for tasks to queue
[2022-05-26 09:52:13,990] {logging_mixin.py:104} INFO - [2022-05-26 09:52:13,990] {dagbag.py:496} INFO - Filling up the DagBag from /home/airflow/.local/lib/python3.6/site-packages/airflow/example_dags/example_skip_dag.py
[2022-05-26 09:52:14,016] {scheduler_job.py:642} INFO - DAG(s) dict_keys(['example_skip_dag']) retrieved from /home/airflow/.local/lib/python3.6/site-packages/airflow/example_dags/example_skip_dag.py
[2022-05-26 09:52:14,064] {logging_mixin.py:104} INFO - [2022-05-26 09:52:14,064] {dag.py:1833} INFO - Sync 1 DAGs
[2022-05-26 09:52:14,090] {logging_mixin.py:104} INFO - [2022-05-26 09:52:14,090] {dag.py:2306} INFO - Setting next_dagrun for example_skip_dag to 2022-05-24 00:00:00+00:00
[2022-05-26 09:52:14,139] {scheduler_job.py:189} INFO - Processing /home/airflow/.local/lib/python3.6/site-packages/airflow/example_dags/example_skip_dag.py took 0.167 seconds
[2022-05-26 09:52:44,467] {scheduler_job.py:181} INFO - Started process (PID=559) to work on /home/airflow/.local/lib/python3.6/site-packages/airflow/example_dags/example_skip_dag.py
[2022-05-26 09:52:44,478] {scheduler_job.py:632} INFO - Processing file /home/airflow/.local/lib/python3.6/site-packages/airflow/example_dags/example_skip_dag.py for tasks to queue
[2022-05-26 09:52:44,487] {logging_mixin.py:104} INFO - [2022-05-26 09:52:44,486] {dagbag.py:496} INFO - Filling up the DagBag from /home/airflow/.local/lib/python3.6/site-packages/airflow/example_dags/example_skip_dag.py
[2022-05-26 09:52:44,527] {scheduler_job.py:642} INFO - DAG(s) dict_keys(['example_skip_dag']) retrieved from /home/airflow/.local/lib/python3.6/site-packages/airflow/example_dags/example_skip_dag.py
[2022-05-26 09:52:44,589] {logging_mixin.py:104} INFO - [2022-05-26 09:52:44,588] {dag.py:1833} INFO - Sync 1 DAGs
[2022-05-26 09:52:44,631] {logging_mixin.py:104} INFO - [2022-05-26 09:52:44,631] {dag.py:2306} INFO - Setting next_dagrun for example_skip_dag to 2022-05-24 00:00:00+00:00
[2022-05-26 09:52:44,665] {scheduler_job.py:189} INFO - Processing /home/airflow/.local/lib/python3.6/site-packages/airflow/example_dags/example_skip_dag.py took 0.212 seconds
[2022-05-26 09:53:15,114] {scheduler_job.py:181} INFO - Started process (PID=614) to work on /home/airflow/.local/lib/python3.6/site-packages/airflow/example_dags/example_skip_dag.py
[2022-05-26 09:53:15,124] {scheduler_job.py:632} INFO - Processing file /home/airflow/.local/lib/python3.6/site-packages/airflow/example_dags/example_skip_dag.py for tasks to queue
[2022-05-26 09:53:15,133] {logging_mixin.py:104} INFO - [2022-05-26 09:53:15,132] {dagbag.py:496} INFO - Filling up the DagBag from /home/airflow/.local/lib/python3.6/site-packages/airflow/example_dags/example_skip_dag.py
[2022-05-26 09:53:15,174] {scheduler_job.py:642} INFO - DAG(s) dict_keys(['example_skip_dag']) retrieved from /home/airflow/.local/lib/python3.6/site-packages/airflow/example_dags/example_skip_dag.py
[2022-05-26 09:53:15,234] {logging_mixin.py:104} INFO - [2022-05-26 09:53:15,233] {dag.py:1833} INFO - Sync 1 DAGs
[2022-05-26 09:53:15,268] {logging_mixin.py:104} INFO - [2022-05-26 09:53:15,268] {dag.py:2306} INFO - Setting next_dagrun for example_skip_dag to 2022-05-24 00:00:00+00:00
[2022-05-26 09:53:15,300] {scheduler_job.py:189} INFO - Processing /home/airflow/.local/lib/python3.6/site-packages/airflow/example_dags/example_skip_dag.py took 0.194 seconds
[2022-05-26 09:53:45,711] {scheduler_job.py:181} INFO - Started process (PID=669) to work on /home/airflow/.local/lib/python3.6/site-packages/airflow/example_dags/example_skip_dag.py
[2022-05-26 09:53:45,716] {scheduler_job.py:632} INFO - Processing file /home/airflow/.local/lib/python3.6/site-packages/airflow/example_dags/example_skip_dag.py for tasks to queue
[2022-05-26 09:53:45,720] {logging_mixin.py:104} INFO - [2022-05-26 09:53:45,719] {dagbag.py:496} INFO - Filling up the DagBag from /home/airflow/.local/lib/python3.6/site-packages/airflow/example_dags/example_skip_dag.py
[2022-05-26 09:53:45,746] {scheduler_job.py:642} INFO - DAG(s) dict_keys(['example_skip_dag']) retrieved from /home/airflow/.local/lib/python3.6/site-packages/airflow/example_dags/example_skip_dag.py
[2022-05-26 09:53:45,796] {logging_mixin.py:104} INFO - [2022-05-26 09:53:45,796] {dag.py:1833} INFO - Sync 1 DAGs
[2022-05-26 09:53:45,828] {logging_mixin.py:104} INFO - [2022-05-26 09:53:45,827] {dag.py:2306} INFO - Setting next_dagrun for example_skip_dag to 2022-05-24 00:00:00+00:00
[2022-05-26 09:53:45,857] {scheduler_job.py:189} INFO - Processing /home/airflow/.local/lib/python3.6/site-packages/airflow/example_dags/example_skip_dag.py took 0.152 seconds
[2022-05-26 09:54:16,254] {scheduler_job.py:181} INFO - Started process (PID=722) to work on /home/airflow/.local/lib/python3.6/site-packages/airflow/example_dags/example_skip_dag.py
[2022-05-26 09:54:16,284] {scheduler_job.py:632} INFO - Processing file /home/airflow/.local/lib/python3.6/site-packages/airflow/example_dags/example_skip_dag.py for tasks to queue
[2022-05-26 09:54:16,309] {logging_mixin.py:104} INFO - [2022-05-26 09:54:16,309] {dagbag.py:496} INFO - Filling up the DagBag from /home/airflow/.local/lib/python3.6/site-packages/airflow/example_dags/example_skip_dag.py
[2022-05-26 09:54:16,392] {scheduler_job.py:642} INFO - DAG(s) dict_keys(['example_skip_dag']) retrieved from /home/airflow/.local/lib/python3.6/site-packages/airflow/example_dags/example_skip_dag.py
[2022-05-26 09:54:16,508] {logging_mixin.py:104} INFO - [2022-05-26 09:54:16,507] {dag.py:1833} INFO - Sync 1 DAGs
[2022-05-26 09:54:16,544] {logging_mixin.py:104} INFO - [2022-05-26 09:54:16,544] {dag.py:2306} INFO - Setting next_dagrun for example_skip_dag to 2022-05-24 00:00:00+00:00
[2022-05-26 09:54:16,595] {scheduler_job.py:189} INFO - Processing /home/airflow/.local/lib/python3.6/site-packages/airflow/example_dags/example_skip_dag.py took 0.368 seconds
[2022-05-26 09:54:58,915] {scheduler_job.py:181} INFO - Started process (PID=776) to work on /home/airflow/.local/lib/python3.6/site-packages/airflow/example_dags/example_skip_dag.py
[2022-05-26 09:54:58,926] {scheduler_job.py:632} INFO - Processing file /home/airflow/.local/lib/python3.6/site-packages/airflow/example_dags/example_skip_dag.py for tasks to queue
[2022-05-26 09:54:58,938] {logging_mixin.py:104} INFO - [2022-05-26 09:54:58,938] {dagbag.py:496} INFO - Filling up the DagBag from /home/airflow/.local/lib/python3.6/site-packages/airflow/example_dags/example_skip_dag.py
[2022-05-26 09:54:59,002] {scheduler_job.py:642} INFO - DAG(s) dict_keys(['example_skip_dag']) retrieved from /home/airflow/.local/lib/python3.6/site-packages/airflow/example_dags/example_skip_dag.py
[2022-05-26 09:54:59,274] {logging_mixin.py:104} INFO - [2022-05-26 09:54:59,273] {dag.py:1833} INFO - Sync 1 DAGs
[2022-05-26 09:54:59,472] {logging_mixin.py:104} INFO - [2022-05-26 09:54:59,471] {dag.py:2306} INFO - Setting next_dagrun for example_skip_dag to 2022-05-24 00:00:00+00:00
[2022-05-26 09:54:59,548] {scheduler_job.py:189} INFO - Processing /home/airflow/.local/lib/python3.6/site-packages/airflow/example_dags/example_skip_dag.py took 0.657 seconds
[2022-05-26 09:55:31,990] {scheduler_job.py:181} INFO - Started process (PID=833) to work on /home/airflow/.local/lib/python3.6/site-packages/airflow/example_dags/example_skip_dag.py
[2022-05-26 09:55:32,006] {scheduler_job.py:632} INFO - Processing file /home/airflow/.local/lib/python3.6/site-packages/airflow/example_dags/example_skip_dag.py for tasks to queue
[2022-05-26 09:55:32,010] {logging_mixin.py:104} INFO - [2022-05-26 09:55:32,009] {dagbag.py:496} INFO - Filling up the DagBag from /home/airflow/.local/lib/python3.6/site-packages/airflow/example_dags/example_skip_dag.py
[2022-05-26 09:55:32,073] {scheduler_job.py:642} INFO - DAG(s) dict_keys(['example_skip_dag']) retrieved from /home/airflow/.local/lib/python3.6/site-packages/airflow/example_dags/example_skip_dag.py
[2022-05-26 09:55:32,161] {logging_mixin.py:104} INFO - [2022-05-26 09:55:32,160] {dag.py:1833} INFO - Sync 1 DAGs
[2022-05-26 09:55:32,208] {logging_mixin.py:104} INFO - [2022-05-26 09:55:32,208] {dag.py:2306} INFO - Setting next_dagrun for example_skip_dag to 2022-05-24 00:00:00+00:00
[2022-05-26 09:55:32,268] {scheduler_job.py:189} INFO - Processing /home/airflow/.local/lib/python3.6/site-packages/airflow/example_dags/example_skip_dag.py took 0.411 seconds
[2022-05-26 09:56:44,991] {scheduler_job.py:181} INFO - Started process (PID=904) to work on /home/airflow/.local/lib/python3.6/site-packages/airflow/example_dags/example_skip_dag.py
[2022-05-26 09:56:44,998] {scheduler_job.py:632} INFO - Processing file /home/airflow/.local/lib/python3.6/site-packages/airflow/example_dags/example_skip_dag.py for tasks to queue
[2022-05-26 09:56:45,033] {logging_mixin.py:104} INFO - [2022-05-26 09:56:45,032] {dagbag.py:496} INFO - Filling up the DagBag from /home/airflow/.local/lib/python3.6/site-packages/airflow/example_dags/example_skip_dag.py
[2022-05-26 09:56:45,290] {scheduler_job.py:642} INFO - DAG(s) dict_keys(['example_skip_dag']) retrieved from /home/airflow/.local/lib/python3.6/site-packages/airflow/example_dags/example_skip_dag.py
[2022-05-26 09:56:45,587] {logging_mixin.py:104} INFO - [2022-05-26 09:56:45,587] {dag.py:1833} INFO - Sync 1 DAGs
[2022-05-26 09:56:45,713] {logging_mixin.py:104} INFO - [2022-05-26 09:56:45,713] {dag.py:2306} INFO - Setting next_dagrun for example_skip_dag to 2022-05-24 00:00:00+00:00
[2022-05-26 09:56:45,820] {scheduler_job.py:189} INFO - Processing /home/airflow/.local/lib/python3.6/site-packages/airflow/example_dags/example_skip_dag.py took 0.869 seconds
[2022-05-26 09:57:53,121] {scheduler_job.py:181} INFO - Started process (PID=975) to work on /home/airflow/.local/lib/python3.6/site-packages/airflow/example_dags/example_skip_dag.py
[2022-05-26 09:57:53,196] {scheduler_job.py:632} INFO - Processing file /home/airflow/.local/lib/python3.6/site-packages/airflow/example_dags/example_skip_dag.py for tasks to queue
[2022-05-26 09:57:53,525] {logging_mixin.py:104} INFO - [2022-05-26 09:57:53,525] {dagbag.py:496} INFO - Filling up the DagBag from /home/airflow/.local/lib/python3.6/site-packages/airflow/example_dags/example_skip_dag.py
[2022-05-26 09:57:55,063] {scheduler_job.py:642} INFO - DAG(s) dict_keys(['example_skip_dag']) retrieved from /home/airflow/.local/lib/python3.6/site-packages/airflow/example_dags/example_skip_dag.py
[2022-05-26 09:57:57,203] {logging_mixin.py:104} INFO - [2022-05-26 09:57:57,202] {dag.py:1833} INFO - Sync 1 DAGs
[2022-05-26 09:57:57,862] {logging_mixin.py:104} INFO - [2022-05-26 09:57:57,849] {dag.py:2306} INFO - Setting next_dagrun for example_skip_dag to 2022-05-24 00:00:00+00:00
[2022-05-26 09:57:58,648] {scheduler_job.py:189} INFO - Processing /home/airflow/.local/lib/python3.6/site-packages/airflow/example_dags/example_skip_dag.py took 7.073 seconds
[2022-05-26 09:59:13,908] {scheduler_job.py:181} INFO - Started process (PID=1051) to work on /home/airflow/.local/lib/python3.6/site-packages/airflow/example_dags/example_skip_dag.py
[2022-05-26 09:59:13,972] {scheduler_job.py:632} INFO - Processing file /home/airflow/.local/lib/python3.6/site-packages/airflow/example_dags/example_skip_dag.py for tasks to queue
[2022-05-26 09:59:13,989] {logging_mixin.py:104} INFO - [2022-05-26 09:59:13,989] {dagbag.py:496} INFO - Filling up the DagBag from /home/airflow/.local/lib/python3.6/site-packages/airflow/example_dags/example_skip_dag.py
[2022-05-26 09:59:14,316] {scheduler_job.py:642} INFO - DAG(s) dict_keys(['example_skip_dag']) retrieved from /home/airflow/.local/lib/python3.6/site-packages/airflow/example_dags/example_skip_dag.py
[2022-05-26 09:59:14,909] {logging_mixin.py:104} INFO - [2022-05-26 09:59:14,909] {dag.py:1833} INFO - Sync 1 DAGs
[2022-05-26 09:59:15,329] {logging_mixin.py:104} INFO - [2022-05-26 09:59:15,329] {dag.py:2306} INFO - Setting next_dagrun for example_skip_dag to 2022-05-24 00:00:00+00:00
[2022-05-26 09:59:15,432] {scheduler_job.py:189} INFO - Processing /home/airflow/.local/lib/python3.6/site-packages/airflow/example_dags/example_skip_dag.py took 1.632 seconds
[2022-05-26 10:00:25,075] {scheduler_job.py:181} INFO - Started process (PID=1113) to work on /home/airflow/.local/lib/python3.6/site-packages/airflow/example_dags/example_skip_dag.py
[2022-05-26 10:00:25,132] {scheduler_job.py:632} INFO - Processing file /home/airflow/.local/lib/python3.6/site-packages/airflow/example_dags/example_skip_dag.py for tasks to queue
[2022-05-26 10:00:25,146] {logging_mixin.py:104} INFO - [2022-05-26 10:00:25,146] {dagbag.py:496} INFO - Filling up the DagBag from /home/airflow/.local/lib/python3.6/site-packages/airflow/example_dags/example_skip_dag.py
[2022-05-26 10:00:25,460] {scheduler_job.py:642} INFO - DAG(s) dict_keys(['example_skip_dag']) retrieved from /home/airflow/.local/lib/python3.6/site-packages/airflow/example_dags/example_skip_dag.py
[2022-05-26 10:00:25,762] {logging_mixin.py:104} INFO - [2022-05-26 10:00:25,762] {dag.py:1833} INFO - Sync 1 DAGs
[2022-05-26 10:00:25,995] {logging_mixin.py:104} INFO - [2022-05-26 10:00:25,994] {dag.py:2306} INFO - Setting next_dagrun for example_skip_dag to 2022-05-24 00:00:00+00:00
[2022-05-26 10:00:26,143] {scheduler_job.py:189} INFO - Processing /home/airflow/.local/lib/python3.6/site-packages/airflow/example_dags/example_skip_dag.py took 1.286 seconds
[2022-05-26 10:02:06,576] {scheduler_job.py:181} INFO - Started process (PID=1178) to work on /home/airflow/.local/lib/python3.6/site-packages/airflow/example_dags/example_skip_dag.py
[2022-05-26 10:02:06,618] {scheduler_job.py:632} INFO - Processing file /home/airflow/.local/lib/python3.6/site-packages/airflow/example_dags/example_skip_dag.py for tasks to queue
[2022-05-26 10:02:06,634] {logging_mixin.py:104} INFO - [2022-05-26 10:02:06,634] {dagbag.py:496} INFO - Filling up the DagBag from /home/airflow/.local/lib/python3.6/site-packages/airflow/example_dags/example_skip_dag.py
[2022-05-26 10:02:07,279] {scheduler_job.py:642} INFO - DAG(s) dict_keys(['example_skip_dag']) retrieved from /home/airflow/.local/lib/python3.6/site-packages/airflow/example_dags/example_skip_dag.py
[2022-05-26 10:02:07,771] {logging_mixin.py:104} INFO - [2022-05-26 10:02:07,770] {dag.py:1833} INFO - Sync 1 DAGs
[2022-05-26 10:02:07,982] {logging_mixin.py:104} INFO - [2022-05-26 10:02:07,982] {dag.py:2306} INFO - Setting next_dagrun for example_skip_dag to 2022-05-24 00:00:00+00:00
[2022-05-26 10:02:08,136] {scheduler_job.py:189} INFO - Processing /home/airflow/.local/lib/python3.6/site-packages/airflow/example_dags/example_skip_dag.py took 1.733 seconds
[2022-05-26 10:03:31,109] {scheduler_job.py:181} INFO - Started process (PID=1231) to work on /home/airflow/.local/lib/python3.6/site-packages/airflow/example_dags/example_skip_dag.py
[2022-05-26 10:03:31,131] {scheduler_job.py:632} INFO - Processing file /home/airflow/.local/lib/python3.6/site-packages/airflow/example_dags/example_skip_dag.py for tasks to queue
[2022-05-26 10:03:31,160] {logging_mixin.py:104} INFO - [2022-05-26 10:03:31,159] {dagbag.py:496} INFO - Filling up the DagBag from /home/airflow/.local/lib/python3.6/site-packages/airflow/example_dags/example_skip_dag.py
[2022-05-26 10:03:31,524] {scheduler_job.py:642} INFO - DAG(s) dict_keys(['example_skip_dag']) retrieved from /home/airflow/.local/lib/python3.6/site-packages/airflow/example_dags/example_skip_dag.py
[2022-05-26 10:03:32,112] {logging_mixin.py:104} INFO - [2022-05-26 10:03:32,111] {dag.py:1833} INFO - Sync 1 DAGs
[2022-05-26 10:03:32,386] {logging_mixin.py:104} INFO - [2022-05-26 10:03:32,386] {dag.py:2306} INFO - Setting next_dagrun for example_skip_dag to 2022-05-24 00:00:00+00:00
[2022-05-26 10:03:32,624] {scheduler_job.py:189} INFO - Processing /home/airflow/.local/lib/python3.6/site-packages/airflow/example_dags/example_skip_dag.py took 1.664 seconds
[2022-05-26 10:05:05,707] {scheduler_job.py:181} INFO - Started process (PID=1318) to work on /home/airflow/.local/lib/python3.6/site-packages/airflow/example_dags/example_skip_dag.py
[2022-05-26 10:05:05,749] {scheduler_job.py:632} INFO - Processing file /home/airflow/.local/lib/python3.6/site-packages/airflow/example_dags/example_skip_dag.py for tasks to queue
[2022-05-26 10:05:05,770] {logging_mixin.py:104} INFO - [2022-05-26 10:05:05,769] {dagbag.py:496} INFO - Filling up the DagBag from /home/airflow/.local/lib/python3.6/site-packages/airflow/example_dags/example_skip_dag.py
[2022-05-26 10:05:06,037] {scheduler_job.py:642} INFO - DAG(s) dict_keys(['example_skip_dag']) retrieved from /home/airflow/.local/lib/python3.6/site-packages/airflow/example_dags/example_skip_dag.py
[2022-05-26 10:05:06,623] {logging_mixin.py:104} INFO - [2022-05-26 10:05:06,578] {dag.py:1833} INFO - Sync 1 DAGs
[2022-05-26 10:05:06,816] {logging_mixin.py:104} INFO - [2022-05-26 10:05:06,815] {dag.py:2306} INFO - Setting next_dagrun for example_skip_dag to 2022-05-24 00:00:00+00:00
[2022-05-26 10:05:07,170] {scheduler_job.py:189} INFO - Processing /home/airflow/.local/lib/python3.6/site-packages/airflow/example_dags/example_skip_dag.py took 1.543 seconds
[2022-05-26 10:13:40,858] {scheduler_job.py:181} INFO - Started process (PID=161) to work on /home/airflow/.local/lib/python3.6/site-packages/airflow/example_dags/example_skip_dag.py
[2022-05-26 10:13:40,898] {scheduler_job.py:632} INFO - Processing file /home/airflow/.local/lib/python3.6/site-packages/airflow/example_dags/example_skip_dag.py for tasks to queue
[2022-05-26 10:13:40,905] {logging_mixin.py:104} INFO - [2022-05-26 10:13:40,905] {dagbag.py:496} INFO - Filling up the DagBag from /home/airflow/.local/lib/python3.6/site-packages/airflow/example_dags/example_skip_dag.py
[2022-05-26 10:13:41,664] {scheduler_job.py:642} INFO - DAG(s) dict_keys(['example_skip_dag']) retrieved from /home/airflow/.local/lib/python3.6/site-packages/airflow/example_dags/example_skip_dag.py
[2022-05-26 10:13:45,121] {logging_mixin.py:104} INFO - [2022-05-26 10:13:45,121] {dag.py:1833} INFO - Sync 1 DAGs
[2022-05-26 10:13:45,562] {logging_mixin.py:104} INFO - [2022-05-26 10:13:45,562] {dag.py:2306} INFO - Setting next_dagrun for example_skip_dag to 2022-05-24 00:00:00+00:00
[2022-05-26 10:13:45,929] {scheduler_job.py:189} INFO - Processing /home/airflow/.local/lib/python3.6/site-packages/airflow/example_dags/example_skip_dag.py took 5.191 seconds
[2022-05-26 10:14:25,539] {scheduler_job.py:181} INFO - Started process (PID=198) to work on /home/airflow/.local/lib/python3.6/site-packages/airflow/example_dags/example_skip_dag.py
[2022-05-26 10:14:25,560] {scheduler_job.py:632} INFO - Processing file /home/airflow/.local/lib/python3.6/site-packages/airflow/example_dags/example_skip_dag.py for tasks to queue
[2022-05-26 10:14:25,594] {logging_mixin.py:104} INFO - [2022-05-26 10:14:25,594] {dagbag.py:496} INFO - Filling up the DagBag from /home/airflow/.local/lib/python3.6/site-packages/airflow/example_dags/example_skip_dag.py
[2022-05-26 10:14:25,816] {scheduler_job.py:642} INFO - DAG(s) dict_keys(['example_skip_dag']) retrieved from /home/airflow/.local/lib/python3.6/site-packages/airflow/example_dags/example_skip_dag.py
[2022-05-26 10:14:26,201] {logging_mixin.py:104} INFO - [2022-05-26 10:14:26,201] {dag.py:1833} INFO - Sync 1 DAGs
[2022-05-26 10:14:26,373] {logging_mixin.py:104} INFO - [2022-05-26 10:14:26,373] {dag.py:2306} INFO - Setting next_dagrun for example_skip_dag to 2022-05-24 00:00:00+00:00
[2022-05-26 10:14:26,515] {scheduler_job.py:189} INFO - Processing /home/airflow/.local/lib/python3.6/site-packages/airflow/example_dags/example_skip_dag.py took 1.018 seconds
