[2022-05-26 09:49:55,709] {scheduler_job.py:181} INFO - Started process (PID=341) to work on /home/airflow/.local/lib/python3.6/site-packages/airflow/example_dags/example_trigger_controller_dag.py
[2022-05-26 09:49:55,713] {scheduler_job.py:632} INFO - Processing file /home/airflow/.local/lib/python3.6/site-packages/airflow/example_dags/example_trigger_controller_dag.py for tasks to queue
[2022-05-26 09:49:55,722] {logging_mixin.py:104} INFO - [2022-05-26 09:49:55,722] {dagbag.py:496} INFO - Filling up the DagBag from /home/airflow/.local/lib/python3.6/site-packages/airflow/example_dags/example_trigger_controller_dag.py
[2022-05-26 09:49:55,763] {scheduler_job.py:642} INFO - DAG(s) dict_keys(['example_trigger_controller_dag']) retrieved from /home/airflow/.local/lib/python3.6/site-packages/airflow/example_dags/example_trigger_controller_dag.py
[2022-05-26 09:50:02,672] {logging_mixin.py:104} INFO - [2022-05-26 09:50:02,670] {opentelemetry_tracing.py:29} INFO - This service is instrumented using OpenTelemetry. OpenTelemetry could not be imported; please add opentelemetry-api and opentelemetry-instrumentation packages in order to get BigQuery Tracing data.
[2022-05-26 09:50:04,589] {logging_mixin.py:104} INFO - [2022-05-26 09:50:04,587] {dag.py:1833} INFO - Sync 1 DAGs
[2022-05-26 09:50:04,669] {logging_mixin.py:104} INFO - [2022-05-26 09:50:04,655] {dag.py:1852} INFO - Creating ORM DAG for example_trigger_controller_dag
[2022-05-26 09:50:04,718] {logging_mixin.py:104} INFO - [2022-05-26 09:50:04,718] {dag.py:2306} INFO - Setting next_dagrun for example_trigger_controller_dag to 2022-05-24 00:00:00+00:00
[2022-05-26 09:50:04,803] {scheduler_job.py:189} INFO - Processing /home/airflow/.local/lib/python3.6/site-packages/airflow/example_dags/example_trigger_controller_dag.py took 9.101 seconds
[2022-05-26 09:51:47,511] {scheduler_job.py:181} INFO - Started process (PID=470) to work on /home/airflow/.local/lib/python3.6/site-packages/airflow/example_dags/example_trigger_controller_dag.py
[2022-05-26 09:51:47,517] {scheduler_job.py:632} INFO - Processing file /home/airflow/.local/lib/python3.6/site-packages/airflow/example_dags/example_trigger_controller_dag.py for tasks to queue
[2022-05-26 09:51:47,522] {logging_mixin.py:104} INFO - [2022-05-26 09:51:47,521] {dagbag.py:496} INFO - Filling up the DagBag from /home/airflow/.local/lib/python3.6/site-packages/airflow/example_dags/example_trigger_controller_dag.py
[2022-05-26 09:51:47,586] {scheduler_job.py:642} INFO - DAG(s) dict_keys(['example_trigger_controller_dag']) retrieved from /home/airflow/.local/lib/python3.6/site-packages/airflow/example_dags/example_trigger_controller_dag.py
[2022-05-26 09:51:47,665] {logging_mixin.py:104} INFO - [2022-05-26 09:51:47,665] {dag.py:1833} INFO - Sync 1 DAGs
[2022-05-26 09:51:47,697] {logging_mixin.py:104} INFO - [2022-05-26 09:51:47,696] {dag.py:2306} INFO - Setting next_dagrun for example_trigger_controller_dag to 2022-05-24 00:00:00+00:00
[2022-05-26 09:51:47,727] {scheduler_job.py:189} INFO - Processing /home/airflow/.local/lib/python3.6/site-packages/airflow/example_dags/example_trigger_controller_dag.py took 0.232 seconds
[2022-05-26 09:52:18,423] {scheduler_job.py:181} INFO - Started process (PID=524) to work on /home/airflow/.local/lib/python3.6/site-packages/airflow/example_dags/example_trigger_controller_dag.py
[2022-05-26 09:52:18,433] {scheduler_job.py:632} INFO - Processing file /home/airflow/.local/lib/python3.6/site-packages/airflow/example_dags/example_trigger_controller_dag.py for tasks to queue
[2022-05-26 09:52:18,454] {logging_mixin.py:104} INFO - [2022-05-26 09:52:18,453] {dagbag.py:496} INFO - Filling up the DagBag from /home/airflow/.local/lib/python3.6/site-packages/airflow/example_dags/example_trigger_controller_dag.py
[2022-05-26 09:52:18,514] {scheduler_job.py:642} INFO - DAG(s) dict_keys(['example_trigger_controller_dag']) retrieved from /home/airflow/.local/lib/python3.6/site-packages/airflow/example_dags/example_trigger_controller_dag.py
[2022-05-26 09:52:18,596] {logging_mixin.py:104} INFO - [2022-05-26 09:52:18,595] {dag.py:1833} INFO - Sync 1 DAGs
[2022-05-26 09:52:18,646] {logging_mixin.py:104} INFO - [2022-05-26 09:52:18,646] {dag.py:2306} INFO - Setting next_dagrun for example_trigger_controller_dag to 2022-05-24 00:00:00+00:00
[2022-05-26 09:52:18,699] {scheduler_job.py:189} INFO - Processing /home/airflow/.local/lib/python3.6/site-packages/airflow/example_dags/example_trigger_controller_dag.py took 0.290 seconds
[2022-05-26 09:52:49,673] {scheduler_job.py:181} INFO - Started process (PID=579) to work on /home/airflow/.local/lib/python3.6/site-packages/airflow/example_dags/example_trigger_controller_dag.py
[2022-05-26 09:52:49,677] {scheduler_job.py:632} INFO - Processing file /home/airflow/.local/lib/python3.6/site-packages/airflow/example_dags/example_trigger_controller_dag.py for tasks to queue
[2022-05-26 09:52:49,680] {logging_mixin.py:104} INFO - [2022-05-26 09:52:49,680] {dagbag.py:496} INFO - Filling up the DagBag from /home/airflow/.local/lib/python3.6/site-packages/airflow/example_dags/example_trigger_controller_dag.py
[2022-05-26 09:52:49,725] {scheduler_job.py:642} INFO - DAG(s) dict_keys(['example_trigger_controller_dag']) retrieved from /home/airflow/.local/lib/python3.6/site-packages/airflow/example_dags/example_trigger_controller_dag.py
[2022-05-26 09:52:49,782] {logging_mixin.py:104} INFO - [2022-05-26 09:52:49,782] {dag.py:1833} INFO - Sync 1 DAGs
[2022-05-26 09:52:49,813] {logging_mixin.py:104} INFO - [2022-05-26 09:52:49,813] {dag.py:2306} INFO - Setting next_dagrun for example_trigger_controller_dag to 2022-05-24 00:00:00+00:00
[2022-05-26 09:52:49,843] {scheduler_job.py:189} INFO - Processing /home/airflow/.local/lib/python3.6/site-packages/airflow/example_dags/example_trigger_controller_dag.py took 0.185 seconds
[2022-05-26 09:53:21,644] {scheduler_job.py:181} INFO - Started process (PID=633) to work on /home/airflow/.local/lib/python3.6/site-packages/airflow/example_dags/example_trigger_controller_dag.py
[2022-05-26 09:53:21,649] {scheduler_job.py:632} INFO - Processing file /home/airflow/.local/lib/python3.6/site-packages/airflow/example_dags/example_trigger_controller_dag.py for tasks to queue
[2022-05-26 09:53:21,652] {logging_mixin.py:104} INFO - [2022-05-26 09:53:21,652] {dagbag.py:496} INFO - Filling up the DagBag from /home/airflow/.local/lib/python3.6/site-packages/airflow/example_dags/example_trigger_controller_dag.py
[2022-05-26 09:53:21,719] {scheduler_job.py:642} INFO - DAG(s) dict_keys(['example_trigger_controller_dag']) retrieved from /home/airflow/.local/lib/python3.6/site-packages/airflow/example_dags/example_trigger_controller_dag.py
[2022-05-26 09:53:21,792] {logging_mixin.py:104} INFO - [2022-05-26 09:53:21,792] {dag.py:1833} INFO - Sync 1 DAGs
[2022-05-26 09:53:21,829] {logging_mixin.py:104} INFO - [2022-05-26 09:53:21,827] {dag.py:2306} INFO - Setting next_dagrun for example_trigger_controller_dag to 2022-05-24 00:00:00+00:00
[2022-05-26 09:53:21,887] {scheduler_job.py:189} INFO - Processing /home/airflow/.local/lib/python3.6/site-packages/airflow/example_dags/example_trigger_controller_dag.py took 0.254 seconds
[2022-05-26 09:53:53,168] {scheduler_job.py:181} INFO - Started process (PID=689) to work on /home/airflow/.local/lib/python3.6/site-packages/airflow/example_dags/example_trigger_controller_dag.py
[2022-05-26 09:53:53,182] {scheduler_job.py:632} INFO - Processing file /home/airflow/.local/lib/python3.6/site-packages/airflow/example_dags/example_trigger_controller_dag.py for tasks to queue
[2022-05-26 09:53:53,185] {logging_mixin.py:104} INFO - [2022-05-26 09:53:53,185] {dagbag.py:496} INFO - Filling up the DagBag from /home/airflow/.local/lib/python3.6/site-packages/airflow/example_dags/example_trigger_controller_dag.py
[2022-05-26 09:53:53,238] {scheduler_job.py:642} INFO - DAG(s) dict_keys(['example_trigger_controller_dag']) retrieved from /home/airflow/.local/lib/python3.6/site-packages/airflow/example_dags/example_trigger_controller_dag.py
[2022-05-26 09:53:53,347] {logging_mixin.py:104} INFO - [2022-05-26 09:53:53,347] {dag.py:1833} INFO - Sync 1 DAGs
[2022-05-26 09:53:53,412] {logging_mixin.py:104} INFO - [2022-05-26 09:53:53,412] {dag.py:2306} INFO - Setting next_dagrun for example_trigger_controller_dag to 2022-05-24 00:00:00+00:00
[2022-05-26 09:53:53,452] {scheduler_job.py:189} INFO - Processing /home/airflow/.local/lib/python3.6/site-packages/airflow/example_dags/example_trigger_controller_dag.py took 0.291 seconds
[2022-05-26 09:54:43,226] {scheduler_job.py:181} INFO - Started process (PID=741) to work on /home/airflow/.local/lib/python3.6/site-packages/airflow/example_dags/example_trigger_controller_dag.py
[2022-05-26 09:54:43,261] {scheduler_job.py:632} INFO - Processing file /home/airflow/.local/lib/python3.6/site-packages/airflow/example_dags/example_trigger_controller_dag.py for tasks to queue
[2022-05-26 09:54:43,265] {logging_mixin.py:104} INFO - [2022-05-26 09:54:43,265] {dagbag.py:496} INFO - Filling up the DagBag from /home/airflow/.local/lib/python3.6/site-packages/airflow/example_dags/example_trigger_controller_dag.py
[2022-05-26 09:54:43,341] {scheduler_job.py:642} INFO - DAG(s) dict_keys(['example_trigger_controller_dag']) retrieved from /home/airflow/.local/lib/python3.6/site-packages/airflow/example_dags/example_trigger_controller_dag.py
[2022-05-26 09:54:43,439] {logging_mixin.py:104} INFO - [2022-05-26 09:54:43,434] {dag.py:1833} INFO - Sync 1 DAGs
[2022-05-26 09:54:43,494] {logging_mixin.py:104} INFO - [2022-05-26 09:54:43,493] {dag.py:2306} INFO - Setting next_dagrun for example_trigger_controller_dag to 2022-05-24 00:00:00+00:00
[2022-05-26 09:54:43,532] {scheduler_job.py:189} INFO - Processing /home/airflow/.local/lib/python3.6/site-packages/airflow/example_dags/example_trigger_controller_dag.py took 0.333 seconds
[2022-05-26 09:55:13,923] {scheduler_job.py:181} INFO - Started process (PID=797) to work on /home/airflow/.local/lib/python3.6/site-packages/airflow/example_dags/example_trigger_controller_dag.py
[2022-05-26 09:55:13,935] {scheduler_job.py:632} INFO - Processing file /home/airflow/.local/lib/python3.6/site-packages/airflow/example_dags/example_trigger_controller_dag.py for tasks to queue
[2022-05-26 09:55:13,942] {logging_mixin.py:104} INFO - [2022-05-26 09:55:13,942] {dagbag.py:496} INFO - Filling up the DagBag from /home/airflow/.local/lib/python3.6/site-packages/airflow/example_dags/example_trigger_controller_dag.py
[2022-05-26 09:55:14,078] {scheduler_job.py:642} INFO - DAG(s) dict_keys(['example_trigger_controller_dag']) retrieved from /home/airflow/.local/lib/python3.6/site-packages/airflow/example_dags/example_trigger_controller_dag.py
[2022-05-26 09:55:14,137] {logging_mixin.py:104} INFO - [2022-05-26 09:55:14,137] {dag.py:1833} INFO - Sync 1 DAGs
[2022-05-26 09:55:14,223] {logging_mixin.py:104} INFO - [2022-05-26 09:55:14,211] {dag.py:2306} INFO - Setting next_dagrun for example_trigger_controller_dag to 2022-05-24 00:00:00+00:00
[2022-05-26 09:55:14,307] {scheduler_job.py:189} INFO - Processing /home/airflow/.local/lib/python3.6/site-packages/airflow/example_dags/example_trigger_controller_dag.py took 0.413 seconds
[2022-05-26 09:55:45,427] {scheduler_job.py:181} INFO - Started process (PID=843) to work on /home/airflow/.local/lib/python3.6/site-packages/airflow/example_dags/example_trigger_controller_dag.py
[2022-05-26 09:55:45,496] {scheduler_job.py:632} INFO - Processing file /home/airflow/.local/lib/python3.6/site-packages/airflow/example_dags/example_trigger_controller_dag.py for tasks to queue
[2022-05-26 09:55:45,514] {logging_mixin.py:104} INFO - [2022-05-26 09:55:45,513] {dagbag.py:496} INFO - Filling up the DagBag from /home/airflow/.local/lib/python3.6/site-packages/airflow/example_dags/example_trigger_controller_dag.py
[2022-05-26 09:55:46,389] {scheduler_job.py:642} INFO - DAG(s) dict_keys(['example_trigger_controller_dag']) retrieved from /home/airflow/.local/lib/python3.6/site-packages/airflow/example_dags/example_trigger_controller_dag.py
[2022-05-26 09:55:47,092] {logging_mixin.py:104} INFO - [2022-05-26 09:55:47,092] {dag.py:1833} INFO - Sync 1 DAGs
[2022-05-26 09:55:47,702] {logging_mixin.py:104} INFO - [2022-05-26 09:55:47,702] {dag.py:2306} INFO - Setting next_dagrun for example_trigger_controller_dag to 2022-05-24 00:00:00+00:00
[2022-05-26 09:55:48,011] {scheduler_job.py:189} INFO - Processing /home/airflow/.local/lib/python3.6/site-packages/airflow/example_dags/example_trigger_controller_dag.py took 2.947 seconds
[2022-05-26 09:57:04,511] {scheduler_job.py:181} INFO - Started process (PID=920) to work on /home/airflow/.local/lib/python3.6/site-packages/airflow/example_dags/example_trigger_controller_dag.py
[2022-05-26 09:57:04,554] {scheduler_job.py:632} INFO - Processing file /home/airflow/.local/lib/python3.6/site-packages/airflow/example_dags/example_trigger_controller_dag.py for tasks to queue
[2022-05-26 09:57:04,567] {logging_mixin.py:104} INFO - [2022-05-26 09:57:04,566] {dagbag.py:496} INFO - Filling up the DagBag from /home/airflow/.local/lib/python3.6/site-packages/airflow/example_dags/example_trigger_controller_dag.py
[2022-05-26 09:57:05,823] {scheduler_job.py:642} INFO - DAG(s) dict_keys(['example_trigger_controller_dag']) retrieved from /home/airflow/.local/lib/python3.6/site-packages/airflow/example_dags/example_trigger_controller_dag.py
[2022-05-26 09:57:06,603] {logging_mixin.py:104} INFO - [2022-05-26 09:57:06,602] {dag.py:1833} INFO - Sync 1 DAGs
[2022-05-26 09:57:06,794] {logging_mixin.py:104} INFO - [2022-05-26 09:57:06,785] {dag.py:2306} INFO - Setting next_dagrun for example_trigger_controller_dag to 2022-05-24 00:00:00+00:00
[2022-05-26 09:57:06,955] {scheduler_job.py:189} INFO - Processing /home/airflow/.local/lib/python3.6/site-packages/airflow/example_dags/example_trigger_controller_dag.py took 2.433 seconds
[2022-05-26 09:58:18,625] {scheduler_job.py:181} INFO - Started process (PID=993) to work on /home/airflow/.local/lib/python3.6/site-packages/airflow/example_dags/example_trigger_controller_dag.py
[2022-05-26 09:58:18,647] {scheduler_job.py:632} INFO - Processing file /home/airflow/.local/lib/python3.6/site-packages/airflow/example_dags/example_trigger_controller_dag.py for tasks to queue
[2022-05-26 09:58:18,688] {logging_mixin.py:104} INFO - [2022-05-26 09:58:18,668] {dagbag.py:496} INFO - Filling up the DagBag from /home/airflow/.local/lib/python3.6/site-packages/airflow/example_dags/example_trigger_controller_dag.py
[2022-05-26 09:58:18,972] {scheduler_job.py:642} INFO - DAG(s) dict_keys(['example_trigger_controller_dag']) retrieved from /home/airflow/.local/lib/python3.6/site-packages/airflow/example_dags/example_trigger_controller_dag.py
[2022-05-26 09:58:19,336] {logging_mixin.py:104} INFO - [2022-05-26 09:58:19,335] {dag.py:1833} INFO - Sync 1 DAGs
[2022-05-26 09:58:19,610] {logging_mixin.py:104} INFO - [2022-05-26 09:58:19,609] {dag.py:2306} INFO - Setting next_dagrun for example_trigger_controller_dag to 2022-05-24 00:00:00+00:00
[2022-05-26 09:58:19,841] {scheduler_job.py:189} INFO - Processing /home/airflow/.local/lib/python3.6/site-packages/airflow/example_dags/example_trigger_controller_dag.py took 1.286 seconds
[2022-05-26 09:59:21,481] {scheduler_job.py:181} INFO - Started process (PID=1062) to work on /home/airflow/.local/lib/python3.6/site-packages/airflow/example_dags/example_trigger_controller_dag.py
[2022-05-26 09:59:21,503] {scheduler_job.py:632} INFO - Processing file /home/airflow/.local/lib/python3.6/site-packages/airflow/example_dags/example_trigger_controller_dag.py for tasks to queue
[2022-05-26 09:59:21,521] {logging_mixin.py:104} INFO - [2022-05-26 09:59:21,521] {dagbag.py:496} INFO - Filling up the DagBag from /home/airflow/.local/lib/python3.6/site-packages/airflow/example_dags/example_trigger_controller_dag.py
[2022-05-26 09:59:21,651] {scheduler_job.py:642} INFO - DAG(s) dict_keys(['example_trigger_controller_dag']) retrieved from /home/airflow/.local/lib/python3.6/site-packages/airflow/example_dags/example_trigger_controller_dag.py
[2022-05-26 09:59:21,849] {logging_mixin.py:104} INFO - [2022-05-26 09:59:21,849] {dag.py:1833} INFO - Sync 1 DAGs
[2022-05-26 09:59:21,979] {logging_mixin.py:104} INFO - [2022-05-26 09:59:21,979] {dag.py:2306} INFO - Setting next_dagrun for example_trigger_controller_dag to 2022-05-24 00:00:00+00:00
[2022-05-26 09:59:22,104] {scheduler_job.py:189} INFO - Processing /home/airflow/.local/lib/python3.6/site-packages/airflow/example_dags/example_trigger_controller_dag.py took 0.700 seconds
[2022-05-26 10:01:20,394] {scheduler_job.py:181} INFO - Started process (PID=1139) to work on /home/airflow/.local/lib/python3.6/site-packages/airflow/example_dags/example_trigger_controller_dag.py
[2022-05-26 10:01:20,414] {scheduler_job.py:632} INFO - Processing file /home/airflow/.local/lib/python3.6/site-packages/airflow/example_dags/example_trigger_controller_dag.py for tasks to queue
[2022-05-26 10:01:20,459] {logging_mixin.py:104} INFO - [2022-05-26 10:01:20,443] {dagbag.py:496} INFO - Filling up the DagBag from /home/airflow/.local/lib/python3.6/site-packages/airflow/example_dags/example_trigger_controller_dag.py
[2022-05-26 10:01:20,884] {scheduler_job.py:642} INFO - DAG(s) dict_keys(['example_trigger_controller_dag']) retrieved from /home/airflow/.local/lib/python3.6/site-packages/airflow/example_dags/example_trigger_controller_dag.py
[2022-05-26 10:01:21,942] {logging_mixin.py:104} INFO - [2022-05-26 10:01:21,942] {dag.py:1833} INFO - Sync 1 DAGs
[2022-05-26 10:01:24,546] {logging_mixin.py:104} INFO - [2022-05-26 10:01:24,545] {dag.py:2306} INFO - Setting next_dagrun for example_trigger_controller_dag to 2022-05-24 00:00:00+00:00
[2022-05-26 10:01:25,359] {scheduler_job.py:189} INFO - Processing /home/airflow/.local/lib/python3.6/site-packages/airflow/example_dags/example_trigger_controller_dag.py took 5.062 seconds
[2022-05-26 10:04:11,027] {scheduler_job.py:181} INFO - Started process (PID=1262) to work on /home/airflow/.local/lib/python3.6/site-packages/airflow/example_dags/example_trigger_controller_dag.py
[2022-05-26 10:04:11,078] {scheduler_job.py:632} INFO - Processing file /home/airflow/.local/lib/python3.6/site-packages/airflow/example_dags/example_trigger_controller_dag.py for tasks to queue
[2022-05-26 10:04:11,105] {logging_mixin.py:104} INFO - [2022-05-26 10:04:11,105] {dagbag.py:496} INFO - Filling up the DagBag from /home/airflow/.local/lib/python3.6/site-packages/airflow/example_dags/example_trigger_controller_dag.py
[2022-05-26 10:04:11,897] {scheduler_job.py:642} INFO - DAG(s) dict_keys(['example_trigger_controller_dag']) retrieved from /home/airflow/.local/lib/python3.6/site-packages/airflow/example_dags/example_trigger_controller_dag.py
[2022-05-26 10:04:12,464] {logging_mixin.py:104} INFO - [2022-05-26 10:04:12,464] {dag.py:1833} INFO - Sync 1 DAGs
[2022-05-26 10:04:12,772] {logging_mixin.py:104} INFO - [2022-05-26 10:04:12,771] {dag.py:2306} INFO - Setting next_dagrun for example_trigger_controller_dag to 2022-05-24 00:00:00+00:00
[2022-05-26 10:04:13,033] {scheduler_job.py:189} INFO - Processing /home/airflow/.local/lib/python3.6/site-packages/airflow/example_dags/example_trigger_controller_dag.py took 2.234 seconds
[2022-05-26 10:05:31,704] {scheduler_job.py:181} INFO - Started process (PID=1340) to work on /home/airflow/.local/lib/python3.6/site-packages/airflow/example_dags/example_trigger_controller_dag.py
[2022-05-26 10:05:31,719] {scheduler_job.py:632} INFO - Processing file /home/airflow/.local/lib/python3.6/site-packages/airflow/example_dags/example_trigger_controller_dag.py for tasks to queue
[2022-05-26 10:05:31,768] {logging_mixin.py:104} INFO - [2022-05-26 10:05:31,767] {dagbag.py:496} INFO - Filling up the DagBag from /home/airflow/.local/lib/python3.6/site-packages/airflow/example_dags/example_trigger_controller_dag.py
[2022-05-26 10:05:32,014] {scheduler_job.py:642} INFO - DAG(s) dict_keys(['example_trigger_controller_dag']) retrieved from /home/airflow/.local/lib/python3.6/site-packages/airflow/example_dags/example_trigger_controller_dag.py
[2022-05-26 10:05:32,336] {logging_mixin.py:104} INFO - [2022-05-26 10:05:32,336] {dag.py:1833} INFO - Sync 1 DAGs
[2022-05-26 10:05:32,582] {logging_mixin.py:104} INFO - [2022-05-26 10:05:32,575] {dag.py:2306} INFO - Setting next_dagrun for example_trigger_controller_dag to 2022-05-24 00:00:00+00:00
[2022-05-26 10:05:32,824] {scheduler_job.py:189} INFO - Processing /home/airflow/.local/lib/python3.6/site-packages/airflow/example_dags/example_trigger_controller_dag.py took 1.268 seconds
