[2022-05-26 09:50:50,862] {scheduler_job.py:181} INFO - Started process (PID=407) to work on /home/airflow/.local/lib/python3.6/site-packages/airflow/example_dags/example_complex.py
[2022-05-26 09:50:50,876] {scheduler_job.py:632} INFO - Processing file /home/airflow/.local/lib/python3.6/site-packages/airflow/example_dags/example_complex.py for tasks to queue
[2022-05-26 09:50:50,888] {logging_mixin.py:104} INFO - [2022-05-26 09:50:50,886] {dagbag.py:496} INFO - Filling up the DagBag from /home/airflow/.local/lib/python3.6/site-packages/airflow/example_dags/example_complex.py
[2022-05-26 09:50:50,975] {scheduler_job.py:642} INFO - DAG(s) dict_keys(['example_complex']) retrieved from /home/airflow/.local/lib/python3.6/site-packages/airflow/example_dags/example_complex.py
[2022-05-26 09:50:59,008] {logging_mixin.py:104} INFO - [2022-05-26 09:50:59,007] {opentelemetry_tracing.py:29} INFO - This service is instrumented using OpenTelemetry. OpenTelemetry could not be imported; please add opentelemetry-api and opentelemetry-instrumentation packages in order to get BigQuery Tracing data.
[2022-05-26 09:51:00,469] {logging_mixin.py:104} INFO - [2022-05-26 09:51:00,466] {dag.py:1833} INFO - Sync 1 DAGs
[2022-05-26 09:51:00,496] {logging_mixin.py:104} INFO - [2022-05-26 09:51:00,493] {dag.py:1852} INFO - Creating ORM DAG for example_complex
[2022-05-26 09:51:00,514] {logging_mixin.py:104} INFO - [2022-05-26 09:51:00,514] {dag.py:2306} INFO - Setting next_dagrun for example_complex to None
[2022-05-26 09:51:00,550] {scheduler_job.py:189} INFO - Processing /home/airflow/.local/lib/python3.6/site-packages/airflow/example_dags/example_complex.py took 9.707 seconds
[2022-05-26 09:51:50,912] {scheduler_job.py:181} INFO - Started process (PID=482) to work on /home/airflow/.local/lib/python3.6/site-packages/airflow/example_dags/example_complex.py
[2022-05-26 09:51:50,944] {scheduler_job.py:632} INFO - Processing file /home/airflow/.local/lib/python3.6/site-packages/airflow/example_dags/example_complex.py for tasks to queue
[2022-05-26 09:51:50,958] {logging_mixin.py:104} INFO - [2022-05-26 09:51:50,957] {dagbag.py:496} INFO - Filling up the DagBag from /home/airflow/.local/lib/python3.6/site-packages/airflow/example_dags/example_complex.py
[2022-05-26 09:51:51,081] {scheduler_job.py:642} INFO - DAG(s) dict_keys(['example_complex']) retrieved from /home/airflow/.local/lib/python3.6/site-packages/airflow/example_dags/example_complex.py
[2022-05-26 09:51:51,247] {logging_mixin.py:104} INFO - [2022-05-26 09:51:51,247] {dag.py:1833} INFO - Sync 1 DAGs
[2022-05-26 09:51:51,292] {logging_mixin.py:104} INFO - [2022-05-26 09:51:51,292] {dag.py:2306} INFO - Setting next_dagrun for example_complex to None
[2022-05-26 09:51:51,350] {scheduler_job.py:189} INFO - Processing /home/airflow/.local/lib/python3.6/site-packages/airflow/example_dags/example_complex.py took 0.451 seconds
[2022-05-26 09:52:22,273] {scheduler_job.py:181} INFO - Started process (PID=536) to work on /home/airflow/.local/lib/python3.6/site-packages/airflow/example_dags/example_complex.py
[2022-05-26 09:52:22,290] {scheduler_job.py:632} INFO - Processing file /home/airflow/.local/lib/python3.6/site-packages/airflow/example_dags/example_complex.py for tasks to queue
[2022-05-26 09:52:22,303] {logging_mixin.py:104} INFO - [2022-05-26 09:52:22,300] {dagbag.py:496} INFO - Filling up the DagBag from /home/airflow/.local/lib/python3.6/site-packages/airflow/example_dags/example_complex.py
[2022-05-26 09:52:22,415] {scheduler_job.py:642} INFO - DAG(s) dict_keys(['example_complex']) retrieved from /home/airflow/.local/lib/python3.6/site-packages/airflow/example_dags/example_complex.py
[2022-05-26 09:52:22,557] {logging_mixin.py:104} INFO - [2022-05-26 09:52:22,556] {dag.py:1833} INFO - Sync 1 DAGs
[2022-05-26 09:52:22,592] {logging_mixin.py:104} INFO - [2022-05-26 09:52:22,592] {dag.py:2306} INFO - Setting next_dagrun for example_complex to None
[2022-05-26 09:52:22,624] {scheduler_job.py:189} INFO - Processing /home/airflow/.local/lib/python3.6/site-packages/airflow/example_dags/example_complex.py took 0.365 seconds
[2022-05-26 09:52:53,938] {scheduler_job.py:181} INFO - Started process (PID=592) to work on /home/airflow/.local/lib/python3.6/site-packages/airflow/example_dags/example_complex.py
[2022-05-26 09:52:53,942] {scheduler_job.py:632} INFO - Processing file /home/airflow/.local/lib/python3.6/site-packages/airflow/example_dags/example_complex.py for tasks to queue
[2022-05-26 09:52:53,946] {logging_mixin.py:104} INFO - [2022-05-26 09:52:53,945] {dagbag.py:496} INFO - Filling up the DagBag from /home/airflow/.local/lib/python3.6/site-packages/airflow/example_dags/example_complex.py
[2022-05-26 09:52:54,020] {scheduler_job.py:642} INFO - DAG(s) dict_keys(['example_complex']) retrieved from /home/airflow/.local/lib/python3.6/site-packages/airflow/example_dags/example_complex.py
[2022-05-26 09:52:54,115] {logging_mixin.py:104} INFO - [2022-05-26 09:52:54,114] {dag.py:1833} INFO - Sync 1 DAGs
[2022-05-26 09:52:54,164] {logging_mixin.py:104} INFO - [2022-05-26 09:52:54,164] {dag.py:2306} INFO - Setting next_dagrun for example_complex to None
[2022-05-26 09:52:54,221] {scheduler_job.py:189} INFO - Processing /home/airflow/.local/lib/python3.6/site-packages/airflow/example_dags/example_complex.py took 0.291 seconds
[2022-05-26 09:53:25,105] {scheduler_job.py:181} INFO - Started process (PID=646) to work on /home/airflow/.local/lib/python3.6/site-packages/airflow/example_dags/example_complex.py
[2022-05-26 09:53:25,117] {scheduler_job.py:632} INFO - Processing file /home/airflow/.local/lib/python3.6/site-packages/airflow/example_dags/example_complex.py for tasks to queue
[2022-05-26 09:53:25,123] {logging_mixin.py:104} INFO - [2022-05-26 09:53:25,122] {dagbag.py:496} INFO - Filling up the DagBag from /home/airflow/.local/lib/python3.6/site-packages/airflow/example_dags/example_complex.py
[2022-05-26 09:53:25,222] {scheduler_job.py:642} INFO - DAG(s) dict_keys(['example_complex']) retrieved from /home/airflow/.local/lib/python3.6/site-packages/airflow/example_dags/example_complex.py
[2022-05-26 09:53:25,358] {logging_mixin.py:104} INFO - [2022-05-26 09:53:25,358] {dag.py:1833} INFO - Sync 1 DAGs
[2022-05-26 09:53:25,391] {logging_mixin.py:104} INFO - [2022-05-26 09:53:25,391] {dag.py:2306} INFO - Setting next_dagrun for example_complex to None
[2022-05-26 09:53:25,444] {scheduler_job.py:189} INFO - Processing /home/airflow/.local/lib/python3.6/site-packages/airflow/example_dags/example_complex.py took 0.353 seconds
[2022-05-26 09:54:03,666] {scheduler_job.py:181} INFO - Started process (PID=702) to work on /home/airflow/.local/lib/python3.6/site-packages/airflow/example_dags/example_complex.py
[2022-05-26 09:54:03,681] {scheduler_job.py:632} INFO - Processing file /home/airflow/.local/lib/python3.6/site-packages/airflow/example_dags/example_complex.py for tasks to queue
[2022-05-26 09:54:03,684] {logging_mixin.py:104} INFO - [2022-05-26 09:54:03,684] {dagbag.py:496} INFO - Filling up the DagBag from /home/airflow/.local/lib/python3.6/site-packages/airflow/example_dags/example_complex.py
[2022-05-26 09:54:03,866] {scheduler_job.py:642} INFO - DAG(s) dict_keys(['example_complex']) retrieved from /home/airflow/.local/lib/python3.6/site-packages/airflow/example_dags/example_complex.py
[2022-05-26 09:54:04,587] {logging_mixin.py:104} INFO - [2022-05-26 09:54:04,581] {dag.py:1833} INFO - Sync 1 DAGs
[2022-05-26 09:54:04,725] {logging_mixin.py:104} INFO - [2022-05-26 09:54:04,724] {dag.py:2306} INFO - Setting next_dagrun for example_complex to None
[2022-05-26 09:54:04,813] {scheduler_job.py:189} INFO - Processing /home/airflow/.local/lib/python3.6/site-packages/airflow/example_dags/example_complex.py took 1.165 seconds
[2022-05-26 09:54:53,826] {scheduler_job.py:181} INFO - Started process (PID=766) to work on /home/airflow/.local/lib/python3.6/site-packages/airflow/example_dags/example_complex.py
[2022-05-26 09:54:53,833] {scheduler_job.py:632} INFO - Processing file /home/airflow/.local/lib/python3.6/site-packages/airflow/example_dags/example_complex.py for tasks to queue
[2022-05-26 09:54:53,840] {logging_mixin.py:104} INFO - [2022-05-26 09:54:53,839] {dagbag.py:496} INFO - Filling up the DagBag from /home/airflow/.local/lib/python3.6/site-packages/airflow/example_dags/example_complex.py
[2022-05-26 09:54:54,182] {scheduler_job.py:642} INFO - DAG(s) dict_keys(['example_complex']) retrieved from /home/airflow/.local/lib/python3.6/site-packages/airflow/example_dags/example_complex.py
[2022-05-26 09:54:54,558] {logging_mixin.py:104} INFO - [2022-05-26 09:54:54,558] {dag.py:1833} INFO - Sync 1 DAGs
[2022-05-26 09:54:54,663] {logging_mixin.py:104} INFO - [2022-05-26 09:54:54,662] {dag.py:2306} INFO - Setting next_dagrun for example_complex to None
[2022-05-26 09:54:54,784] {scheduler_job.py:189} INFO - Processing /home/airflow/.local/lib/python3.6/site-packages/airflow/example_dags/example_complex.py took 1.005 seconds
[2022-05-26 09:55:25,139] {scheduler_job.py:181} INFO - Started process (PID=812) to work on /home/airflow/.local/lib/python3.6/site-packages/airflow/example_dags/example_complex.py
[2022-05-26 09:55:25,148] {scheduler_job.py:632} INFO - Processing file /home/airflow/.local/lib/python3.6/site-packages/airflow/example_dags/example_complex.py for tasks to queue
[2022-05-26 09:55:25,160] {logging_mixin.py:104} INFO - [2022-05-26 09:55:25,155] {dagbag.py:496} INFO - Filling up the DagBag from /home/airflow/.local/lib/python3.6/site-packages/airflow/example_dags/example_complex.py
[2022-05-26 09:55:25,250] {scheduler_job.py:642} INFO - DAG(s) dict_keys(['example_complex']) retrieved from /home/airflow/.local/lib/python3.6/site-packages/airflow/example_dags/example_complex.py
[2022-05-26 09:55:25,340] {logging_mixin.py:104} INFO - [2022-05-26 09:55:25,340] {dag.py:1833} INFO - Sync 1 DAGs
[2022-05-26 09:55:25,381] {logging_mixin.py:104} INFO - [2022-05-26 09:55:25,380] {dag.py:2306} INFO - Setting next_dagrun for example_complex to None
[2022-05-26 09:55:25,405] {scheduler_job.py:189} INFO - Processing /home/airflow/.local/lib/python3.6/site-packages/airflow/example_dags/example_complex.py took 0.312 seconds
[2022-05-26 09:56:25,220] {scheduler_job.py:181} INFO - Started process (PID=879) to work on /home/airflow/.local/lib/python3.6/site-packages/airflow/example_dags/example_complex.py
[2022-05-26 09:56:25,237] {scheduler_job.py:632} INFO - Processing file /home/airflow/.local/lib/python3.6/site-packages/airflow/example_dags/example_complex.py for tasks to queue
[2022-05-26 09:56:25,244] {logging_mixin.py:104} INFO - [2022-05-26 09:56:25,244] {dagbag.py:496} INFO - Filling up the DagBag from /home/airflow/.local/lib/python3.6/site-packages/airflow/example_dags/example_complex.py
[2022-05-26 09:56:25,626] {scheduler_job.py:642} INFO - DAG(s) dict_keys(['example_complex']) retrieved from /home/airflow/.local/lib/python3.6/site-packages/airflow/example_dags/example_complex.py
[2022-05-26 09:56:25,998] {logging_mixin.py:104} INFO - [2022-05-26 09:56:25,998] {dag.py:1833} INFO - Sync 1 DAGs
[2022-05-26 09:56:26,194] {logging_mixin.py:104} INFO - [2022-05-26 09:56:26,190] {dag.py:2306} INFO - Setting next_dagrun for example_complex to None
[2022-05-26 09:56:26,453] {scheduler_job.py:189} INFO - Processing /home/airflow/.local/lib/python3.6/site-packages/airflow/example_dags/example_complex.py took 1.329 seconds
[2022-05-26 09:57:31,007] {scheduler_job.py:181} INFO - Started process (PID=953) to work on /home/airflow/.local/lib/python3.6/site-packages/airflow/example_dags/example_complex.py
[2022-05-26 09:57:31,024] {scheduler_job.py:632} INFO - Processing file /home/airflow/.local/lib/python3.6/site-packages/airflow/example_dags/example_complex.py for tasks to queue
[2022-05-26 09:57:31,034] {logging_mixin.py:104} INFO - [2022-05-26 09:57:31,032] {dagbag.py:496} INFO - Filling up the DagBag from /home/airflow/.local/lib/python3.6/site-packages/airflow/example_dags/example_complex.py
[2022-05-26 09:57:31,375] {scheduler_job.py:642} INFO - DAG(s) dict_keys(['example_complex']) retrieved from /home/airflow/.local/lib/python3.6/site-packages/airflow/example_dags/example_complex.py
[2022-05-26 09:57:31,858] {logging_mixin.py:104} INFO - [2022-05-26 09:57:31,857] {dag.py:1833} INFO - Sync 1 DAGs
[2022-05-26 09:57:32,048] {logging_mixin.py:104} INFO - [2022-05-26 09:57:32,047] {dag.py:2306} INFO - Setting next_dagrun for example_complex to None
[2022-05-26 09:57:32,409] {scheduler_job.py:189} INFO - Processing /home/airflow/.local/lib/python3.6/site-packages/airflow/example_dags/example_complex.py took 1.542 seconds
[2022-05-26 09:58:47,723] {scheduler_job.py:181} INFO - Started process (PID=1024) to work on /home/airflow/.local/lib/python3.6/site-packages/airflow/example_dags/example_complex.py
[2022-05-26 09:58:47,764] {scheduler_job.py:632} INFO - Processing file /home/airflow/.local/lib/python3.6/site-packages/airflow/example_dags/example_complex.py for tasks to queue
[2022-05-26 09:58:47,785] {logging_mixin.py:104} INFO - [2022-05-26 09:58:47,784] {dagbag.py:496} INFO - Filling up the DagBag from /home/airflow/.local/lib/python3.6/site-packages/airflow/example_dags/example_complex.py
[2022-05-26 09:58:49,292] {scheduler_job.py:642} INFO - DAG(s) dict_keys(['example_complex']) retrieved from /home/airflow/.local/lib/python3.6/site-packages/airflow/example_dags/example_complex.py
[2022-05-26 09:58:49,892] {logging_mixin.py:104} INFO - [2022-05-26 09:58:49,892] {dag.py:1833} INFO - Sync 1 DAGs
[2022-05-26 09:58:50,030] {logging_mixin.py:104} INFO - [2022-05-26 09:58:50,030] {dag.py:2306} INFO - Setting next_dagrun for example_complex to None
[2022-05-26 09:58:50,596] {scheduler_job.py:189} INFO - Processing /home/airflow/.local/lib/python3.6/site-packages/airflow/example_dags/example_complex.py took 3.024 seconds
[2022-05-26 10:00:07,592] {scheduler_job.py:181} INFO - Started process (PID=1095) to work on /home/airflow/.local/lib/python3.6/site-packages/airflow/example_dags/example_complex.py
[2022-05-26 10:00:07,612] {scheduler_job.py:632} INFO - Processing file /home/airflow/.local/lib/python3.6/site-packages/airflow/example_dags/example_complex.py for tasks to queue
[2022-05-26 10:00:07,645] {logging_mixin.py:104} INFO - [2022-05-26 10:00:07,645] {dagbag.py:496} INFO - Filling up the DagBag from /home/airflow/.local/lib/python3.6/site-packages/airflow/example_dags/example_complex.py
[2022-05-26 10:00:08,029] {scheduler_job.py:642} INFO - DAG(s) dict_keys(['example_complex']) retrieved from /home/airflow/.local/lib/python3.6/site-packages/airflow/example_dags/example_complex.py
[2022-05-26 10:00:08,536] {logging_mixin.py:104} INFO - [2022-05-26 10:00:08,536] {dag.py:1833} INFO - Sync 1 DAGs
[2022-05-26 10:00:08,684] {logging_mixin.py:104} INFO - [2022-05-26 10:00:08,684] {dag.py:2306} INFO - Setting next_dagrun for example_complex to None
[2022-05-26 10:00:08,988] {scheduler_job.py:189} INFO - Processing /home/airflow/.local/lib/python3.6/site-packages/airflow/example_dags/example_complex.py took 1.432 seconds
[2022-05-26 10:04:39,384] {scheduler_job.py:181} INFO - Started process (PID=1295) to work on /home/airflow/.local/lib/python3.6/site-packages/airflow/example_dags/example_complex.py
[2022-05-26 10:04:39,449] {scheduler_job.py:632} INFO - Processing file /home/airflow/.local/lib/python3.6/site-packages/airflow/example_dags/example_complex.py for tasks to queue
[2022-05-26 10:04:39,498] {logging_mixin.py:104} INFO - [2022-05-26 10:04:39,488] {dagbag.py:496} INFO - Filling up the DagBag from /home/airflow/.local/lib/python3.6/site-packages/airflow/example_dags/example_complex.py
[2022-05-26 10:04:40,682] {scheduler_job.py:642} INFO - DAG(s) dict_keys(['example_complex']) retrieved from /home/airflow/.local/lib/python3.6/site-packages/airflow/example_dags/example_complex.py
[2022-05-26 10:04:42,358] {logging_mixin.py:104} INFO - [2022-05-26 10:04:42,358] {dag.py:1833} INFO - Sync 1 DAGs
[2022-05-26 10:04:42,599] {logging_mixin.py:104} INFO - [2022-05-26 10:04:42,599] {dag.py:2306} INFO - Setting next_dagrun for example_complex to None
[2022-05-26 10:04:42,911] {scheduler_job.py:189} INFO - Processing /home/airflow/.local/lib/python3.6/site-packages/airflow/example_dags/example_complex.py took 3.624 seconds
