[2022-05-26 09:50:15,055] {scheduler_job.py:181} INFO - Started process (PID=363) to work on /home/airflow/.local/lib/python3.6/site-packages/airflow/example_dags/example_dag_decorator.py
[2022-05-26 09:50:15,061] {scheduler_job.py:632} INFO - Processing file /home/airflow/.local/lib/python3.6/site-packages/airflow/example_dags/example_dag_decorator.py for tasks to queue
[2022-05-26 09:50:15,076] {logging_mixin.py:104} INFO - [2022-05-26 09:50:15,074] {dagbag.py:496} INFO - Filling up the DagBag from /home/airflow/.local/lib/python3.6/site-packages/airflow/example_dags/example_dag_decorator.py
[2022-05-26 09:50:15,133] {scheduler_job.py:642} INFO - DAG(s) dict_keys(['example_dag_decorator']) retrieved from /home/airflow/.local/lib/python3.6/site-packages/airflow/example_dags/example_dag_decorator.py
[2022-05-26 09:50:22,999] {logging_mixin.py:104} INFO - [2022-05-26 09:50:22,999] {opentelemetry_tracing.py:29} INFO - This service is instrumented using OpenTelemetry. OpenTelemetry could not be imported; please add opentelemetry-api and opentelemetry-instrumentation packages in order to get BigQuery Tracing data.
[2022-05-26 09:50:24,887] {logging_mixin.py:104} INFO - [2022-05-26 09:50:24,883] {dag.py:1833} INFO - Sync 1 DAGs
[2022-05-26 09:50:24,974] {logging_mixin.py:104} INFO - [2022-05-26 09:50:24,971] {dag.py:1852} INFO - Creating ORM DAG for example_dag_decorator
[2022-05-26 09:50:25,000] {logging_mixin.py:104} INFO - [2022-05-26 09:50:24,999] {dag.py:2306} INFO - Setting next_dagrun for example_dag_decorator to None
[2022-05-26 09:50:25,100] {scheduler_job.py:189} INFO - Processing /home/airflow/.local/lib/python3.6/site-packages/airflow/example_dags/example_dag_decorator.py took 10.052 seconds
[2022-05-26 09:51:48,749] {scheduler_job.py:181} INFO - Started process (PID=474) to work on /home/airflow/.local/lib/python3.6/site-packages/airflow/example_dags/example_dag_decorator.py
[2022-05-26 09:51:48,762] {scheduler_job.py:632} INFO - Processing file /home/airflow/.local/lib/python3.6/site-packages/airflow/example_dags/example_dag_decorator.py for tasks to queue
[2022-05-26 09:51:48,782] {logging_mixin.py:104} INFO - [2022-05-26 09:51:48,782] {dagbag.py:496} INFO - Filling up the DagBag from /home/airflow/.local/lib/python3.6/site-packages/airflow/example_dags/example_dag_decorator.py
[2022-05-26 09:51:48,947] {scheduler_job.py:642} INFO - DAG(s) dict_keys(['example_dag_decorator']) retrieved from /home/airflow/.local/lib/python3.6/site-packages/airflow/example_dags/example_dag_decorator.py
[2022-05-26 09:51:50,488] {logging_mixin.py:104} INFO - [2022-05-26 09:51:50,487] {dag.py:1833} INFO - Sync 1 DAGs
[2022-05-26 09:51:50,541] {logging_mixin.py:104} INFO - [2022-05-26 09:51:50,540] {dag.py:2306} INFO - Setting next_dagrun for example_dag_decorator to None
[2022-05-26 09:51:50,591] {scheduler_job.py:189} INFO - Processing /home/airflow/.local/lib/python3.6/site-packages/airflow/example_dags/example_dag_decorator.py took 1.850 seconds
[2022-05-26 09:52:20,748] {scheduler_job.py:181} INFO - Started process (PID=532) to work on /home/airflow/.local/lib/python3.6/site-packages/airflow/example_dags/example_dag_decorator.py
[2022-05-26 09:52:20,753] {scheduler_job.py:632} INFO - Processing file /home/airflow/.local/lib/python3.6/site-packages/airflow/example_dags/example_dag_decorator.py for tasks to queue
[2022-05-26 09:52:20,757] {logging_mixin.py:104} INFO - [2022-05-26 09:52:20,756] {dagbag.py:496} INFO - Filling up the DagBag from /home/airflow/.local/lib/python3.6/site-packages/airflow/example_dags/example_dag_decorator.py
[2022-05-26 09:52:20,857] {scheduler_job.py:642} INFO - DAG(s) dict_keys(['example_dag_decorator']) retrieved from /home/airflow/.local/lib/python3.6/site-packages/airflow/example_dags/example_dag_decorator.py
[2022-05-26 09:52:21,753] {logging_mixin.py:104} INFO - [2022-05-26 09:52:21,752] {dag.py:1833} INFO - Sync 1 DAGs
[2022-05-26 09:52:21,790] {logging_mixin.py:104} INFO - [2022-05-26 09:52:21,790] {dag.py:2306} INFO - Setting next_dagrun for example_dag_decorator to None
[2022-05-26 09:52:21,838] {scheduler_job.py:189} INFO - Processing /home/airflow/.local/lib/python3.6/site-packages/airflow/example_dags/example_dag_decorator.py took 1.097 seconds
[2022-05-26 09:52:52,282] {scheduler_job.py:181} INFO - Started process (PID=588) to work on /home/airflow/.local/lib/python3.6/site-packages/airflow/example_dags/example_dag_decorator.py
[2022-05-26 09:52:52,301] {scheduler_job.py:632} INFO - Processing file /home/airflow/.local/lib/python3.6/site-packages/airflow/example_dags/example_dag_decorator.py for tasks to queue
[2022-05-26 09:52:52,309] {logging_mixin.py:104} INFO - [2022-05-26 09:52:52,308] {dagbag.py:496} INFO - Filling up the DagBag from /home/airflow/.local/lib/python3.6/site-packages/airflow/example_dags/example_dag_decorator.py
[2022-05-26 09:52:52,367] {scheduler_job.py:642} INFO - DAG(s) dict_keys(['example_dag_decorator']) retrieved from /home/airflow/.local/lib/python3.6/site-packages/airflow/example_dags/example_dag_decorator.py
[2022-05-26 09:52:53,601] {logging_mixin.py:104} INFO - [2022-05-26 09:52:53,600] {dag.py:1833} INFO - Sync 1 DAGs
[2022-05-26 09:52:53,638] {logging_mixin.py:104} INFO - [2022-05-26 09:52:53,638] {dag.py:2306} INFO - Setting next_dagrun for example_dag_decorator to None
[2022-05-26 09:52:53,680] {scheduler_job.py:189} INFO - Processing /home/airflow/.local/lib/python3.6/site-packages/airflow/example_dags/example_dag_decorator.py took 1.411 seconds
[2022-05-26 09:53:24,085] {scheduler_job.py:181} INFO - Started process (PID=642) to work on /home/airflow/.local/lib/python3.6/site-packages/airflow/example_dags/example_dag_decorator.py
[2022-05-26 09:53:24,099] {scheduler_job.py:632} INFO - Processing file /home/airflow/.local/lib/python3.6/site-packages/airflow/example_dags/example_dag_decorator.py for tasks to queue
[2022-05-26 09:53:24,114] {logging_mixin.py:104} INFO - [2022-05-26 09:53:24,114] {dagbag.py:496} INFO - Filling up the DagBag from /home/airflow/.local/lib/python3.6/site-packages/airflow/example_dags/example_dag_decorator.py
[2022-05-26 09:53:24,258] {scheduler_job.py:642} INFO - DAG(s) dict_keys(['example_dag_decorator']) retrieved from /home/airflow/.local/lib/python3.6/site-packages/airflow/example_dags/example_dag_decorator.py
[2022-05-26 09:53:24,361] {logging_mixin.py:104} INFO - [2022-05-26 09:53:24,361] {dag.py:1833} INFO - Sync 1 DAGs
[2022-05-26 09:53:24,406] {logging_mixin.py:104} INFO - [2022-05-26 09:53:24,406] {dag.py:2306} INFO - Setting next_dagrun for example_dag_decorator to None
[2022-05-26 09:53:24,443] {scheduler_job.py:189} INFO - Processing /home/airflow/.local/lib/python3.6/site-packages/airflow/example_dags/example_dag_decorator.py took 0.364 seconds
[2022-05-26 09:53:56,624] {scheduler_job.py:181} INFO - Started process (PID=698) to work on /home/airflow/.local/lib/python3.6/site-packages/airflow/example_dags/example_dag_decorator.py
[2022-05-26 09:53:56,633] {scheduler_job.py:632} INFO - Processing file /home/airflow/.local/lib/python3.6/site-packages/airflow/example_dags/example_dag_decorator.py for tasks to queue
[2022-05-26 09:53:56,640] {logging_mixin.py:104} INFO - [2022-05-26 09:53:56,639] {dagbag.py:496} INFO - Filling up the DagBag from /home/airflow/.local/lib/python3.6/site-packages/airflow/example_dags/example_dag_decorator.py
[2022-05-26 09:53:56,745] {scheduler_job.py:642} INFO - DAG(s) dict_keys(['example_dag_decorator']) retrieved from /home/airflow/.local/lib/python3.6/site-packages/airflow/example_dags/example_dag_decorator.py
[2022-05-26 09:53:59,101] {logging_mixin.py:104} INFO - [2022-05-26 09:53:59,100] {dag.py:1833} INFO - Sync 1 DAGs
[2022-05-26 09:54:01,478] {logging_mixin.py:104} INFO - [2022-05-26 09:54:01,478] {dag.py:2306} INFO - Setting next_dagrun for example_dag_decorator to None
[2022-05-26 09:54:02,487] {scheduler_job.py:189} INFO - Processing /home/airflow/.local/lib/python3.6/site-packages/airflow/example_dags/example_dag_decorator.py took 5.880 seconds
[2022-05-26 09:54:48,575] {scheduler_job.py:181} INFO - Started process (PID=750) to work on /home/airflow/.local/lib/python3.6/site-packages/airflow/example_dags/example_dag_decorator.py
[2022-05-26 09:54:48,602] {scheduler_job.py:632} INFO - Processing file /home/airflow/.local/lib/python3.6/site-packages/airflow/example_dags/example_dag_decorator.py for tasks to queue
[2022-05-26 09:54:48,609] {logging_mixin.py:104} INFO - [2022-05-26 09:54:48,609] {dagbag.py:496} INFO - Filling up the DagBag from /home/airflow/.local/lib/python3.6/site-packages/airflow/example_dags/example_dag_decorator.py
[2022-05-26 09:54:48,975] {scheduler_job.py:642} INFO - DAG(s) dict_keys(['example_dag_decorator']) retrieved from /home/airflow/.local/lib/python3.6/site-packages/airflow/example_dags/example_dag_decorator.py
[2022-05-26 09:54:51,110] {logging_mixin.py:104} INFO - [2022-05-26 09:54:51,110] {dag.py:1833} INFO - Sync 1 DAGs
[2022-05-26 09:54:51,179] {logging_mixin.py:104} INFO - [2022-05-26 09:54:51,179] {dag.py:2306} INFO - Setting next_dagrun for example_dag_decorator to None
[2022-05-26 09:54:51,255] {scheduler_job.py:189} INFO - Processing /home/airflow/.local/lib/python3.6/site-packages/airflow/example_dags/example_dag_decorator.py took 2.711 seconds
[2022-05-26 09:55:21,493] {scheduler_job.py:181} INFO - Started process (PID=809) to work on /home/airflow/.local/lib/python3.6/site-packages/airflow/example_dags/example_dag_decorator.py
[2022-05-26 09:55:21,505] {scheduler_job.py:632} INFO - Processing file /home/airflow/.local/lib/python3.6/site-packages/airflow/example_dags/example_dag_decorator.py for tasks to queue
[2022-05-26 09:55:21,510] {logging_mixin.py:104} INFO - [2022-05-26 09:55:21,509] {dagbag.py:496} INFO - Filling up the DagBag from /home/airflow/.local/lib/python3.6/site-packages/airflow/example_dags/example_dag_decorator.py
[2022-05-26 09:55:21,690] {scheduler_job.py:642} INFO - DAG(s) dict_keys(['example_dag_decorator']) retrieved from /home/airflow/.local/lib/python3.6/site-packages/airflow/example_dags/example_dag_decorator.py
[2022-05-26 09:55:22,381] {logging_mixin.py:104} INFO - [2022-05-26 09:55:22,381] {dag.py:1833} INFO - Sync 1 DAGs
[2022-05-26 09:55:22,414] {logging_mixin.py:104} INFO - [2022-05-26 09:55:22,414] {dag.py:2306} INFO - Setting next_dagrun for example_dag_decorator to None
[2022-05-26 09:55:22,453] {scheduler_job.py:189} INFO - Processing /home/airflow/.local/lib/python3.6/site-packages/airflow/example_dags/example_dag_decorator.py took 0.971 seconds
[2022-05-26 09:56:04,789] {scheduler_job.py:181} INFO - Started process (PID=864) to work on /home/airflow/.local/lib/python3.6/site-packages/airflow/example_dags/example_dag_decorator.py
[2022-05-26 09:56:04,806] {scheduler_job.py:632} INFO - Processing file /home/airflow/.local/lib/python3.6/site-packages/airflow/example_dags/example_dag_decorator.py for tasks to queue
[2022-05-26 09:56:04,816] {logging_mixin.py:104} INFO - [2022-05-26 09:56:04,816] {dagbag.py:496} INFO - Filling up the DagBag from /home/airflow/.local/lib/python3.6/site-packages/airflow/example_dags/example_dag_decorator.py
[2022-05-26 09:56:04,977] {scheduler_job.py:642} INFO - DAG(s) dict_keys(['example_dag_decorator']) retrieved from /home/airflow/.local/lib/python3.6/site-packages/airflow/example_dags/example_dag_decorator.py
[2022-05-26 09:56:05,468] {logging_mixin.py:104} INFO - [2022-05-26 09:56:05,468] {dag.py:1833} INFO - Sync 1 DAGs
[2022-05-26 09:56:05,666] {logging_mixin.py:104} INFO - [2022-05-26 09:56:05,665] {dag.py:2306} INFO - Setting next_dagrun for example_dag_decorator to None
[2022-05-26 09:56:05,867] {scheduler_job.py:189} INFO - Processing /home/airflow/.local/lib/python3.6/site-packages/airflow/example_dags/example_dag_decorator.py took 1.127 seconds
[2022-05-26 09:57:11,054] {scheduler_job.py:181} INFO - Started process (PID=937) to work on /home/airflow/.local/lib/python3.6/site-packages/airflow/example_dags/example_dag_decorator.py
[2022-05-26 09:57:11,083] {scheduler_job.py:632} INFO - Processing file /home/airflow/.local/lib/python3.6/site-packages/airflow/example_dags/example_dag_decorator.py for tasks to queue
[2022-05-26 09:57:11,095] {logging_mixin.py:104} INFO - [2022-05-26 09:57:11,095] {dagbag.py:496} INFO - Filling up the DagBag from /home/airflow/.local/lib/python3.6/site-packages/airflow/example_dags/example_dag_decorator.py
[2022-05-26 09:57:11,469] {scheduler_job.py:642} INFO - DAG(s) dict_keys(['example_dag_decorator']) retrieved from /home/airflow/.local/lib/python3.6/site-packages/airflow/example_dags/example_dag_decorator.py
[2022-05-26 09:57:19,933] {logging_mixin.py:104} INFO - [2022-05-26 09:57:19,933] {dag.py:1833} INFO - Sync 1 DAGs
[2022-05-26 09:57:20,075] {logging_mixin.py:104} INFO - [2022-05-26 09:57:20,074] {dag.py:2306} INFO - Setting next_dagrun for example_dag_decorator to None
[2022-05-26 09:57:20,270] {scheduler_job.py:189} INFO - Processing /home/airflow/.local/lib/python3.6/site-packages/airflow/example_dags/example_dag_decorator.py took 9.274 seconds
[2022-05-26 09:58:29,793] {scheduler_job.py:181} INFO - Started process (PID=1014) to work on /home/airflow/.local/lib/python3.6/site-packages/airflow/example_dags/example_dag_decorator.py
[2022-05-26 09:58:29,826] {scheduler_job.py:632} INFO - Processing file /home/airflow/.local/lib/python3.6/site-packages/airflow/example_dags/example_dag_decorator.py for tasks to queue
[2022-05-26 09:58:29,832] {logging_mixin.py:104} INFO - [2022-05-26 09:58:29,831] {dagbag.py:496} INFO - Filling up the DagBag from /home/airflow/.local/lib/python3.6/site-packages/airflow/example_dags/example_dag_decorator.py
[2022-05-26 09:58:30,216] {scheduler_job.py:642} INFO - DAG(s) dict_keys(['example_dag_decorator']) retrieved from /home/airflow/.local/lib/python3.6/site-packages/airflow/example_dags/example_dag_decorator.py
[2022-05-26 09:58:34,607] {logging_mixin.py:104} INFO - [2022-05-26 09:58:34,607] {dag.py:1833} INFO - Sync 1 DAGs
[2022-05-26 09:58:34,687] {logging_mixin.py:104} INFO - [2022-05-26 09:58:34,687] {dag.py:2306} INFO - Setting next_dagrun for example_dag_decorator to None
[2022-05-26 09:58:34,763] {scheduler_job.py:189} INFO - Processing /home/airflow/.local/lib/python3.6/site-packages/airflow/example_dags/example_dag_decorator.py took 4.996 seconds
[2022-05-26 09:59:58,978] {scheduler_job.py:181} INFO - Started process (PID=1087) to work on /home/airflow/.local/lib/python3.6/site-packages/airflow/example_dags/example_dag_decorator.py
[2022-05-26 09:59:59,016] {scheduler_job.py:632} INFO - Processing file /home/airflow/.local/lib/python3.6/site-packages/airflow/example_dags/example_dag_decorator.py for tasks to queue
[2022-05-26 09:59:59,040] {logging_mixin.py:104} INFO - [2022-05-26 09:59:59,023] {dagbag.py:496} INFO - Filling up the DagBag from /home/airflow/.local/lib/python3.6/site-packages/airflow/example_dags/example_dag_decorator.py
[2022-05-26 09:59:59,740] {scheduler_job.py:642} INFO - DAG(s) dict_keys(['example_dag_decorator']) retrieved from /home/airflow/.local/lib/python3.6/site-packages/airflow/example_dags/example_dag_decorator.py
[2022-05-26 10:00:05,418] {logging_mixin.py:104} INFO - [2022-05-26 10:00:05,417] {dag.py:1833} INFO - Sync 1 DAGs
[2022-05-26 10:00:05,719] {logging_mixin.py:104} INFO - [2022-05-26 10:00:05,719] {dag.py:2306} INFO - Setting next_dagrun for example_dag_decorator to None
[2022-05-26 10:00:05,847] {scheduler_job.py:189} INFO - Processing /home/airflow/.local/lib/python3.6/site-packages/airflow/example_dags/example_dag_decorator.py took 6.985 seconds
[2022-05-26 10:04:19,819] {scheduler_job.py:181} INFO - Started process (PID=1277) to work on /home/airflow/.local/lib/python3.6/site-packages/airflow/example_dags/example_dag_decorator.py
[2022-05-26 10:04:19,983] {scheduler_job.py:632} INFO - Processing file /home/airflow/.local/lib/python3.6/site-packages/airflow/example_dags/example_dag_decorator.py for tasks to queue
[2022-05-26 10:04:20,011] {logging_mixin.py:104} INFO - [2022-05-26 10:04:20,011] {dagbag.py:496} INFO - Filling up the DagBag from /home/airflow/.local/lib/python3.6/site-packages/airflow/example_dags/example_dag_decorator.py
[2022-05-26 10:04:21,072] {scheduler_job.py:642} INFO - DAG(s) dict_keys(['example_dag_decorator']) retrieved from /home/airflow/.local/lib/python3.6/site-packages/airflow/example_dags/example_dag_decorator.py
[2022-05-26 10:04:31,305] {logging_mixin.py:104} INFO - [2022-05-26 10:04:31,305] {dag.py:1833} INFO - Sync 1 DAGs
[2022-05-26 10:04:31,545] {logging_mixin.py:104} INFO - [2022-05-26 10:04:31,545] {dag.py:2306} INFO - Setting next_dagrun for example_dag_decorator to None
[2022-05-26 10:04:31,927] {scheduler_job.py:189} INFO - Processing /home/airflow/.local/lib/python3.6/site-packages/airflow/example_dags/example_dag_decorator.py took 12.204 seconds
