[2022-05-26 09:45:44,270] {scheduler_job.py:181} INFO - Started process (PID=140) to work on /home/airflow/.local/lib/python3.6/site-packages/airflow/example_dags/tutorial_taskflow_api_etl.py
[2022-05-26 09:45:44,351] {scheduler_job.py:632} INFO - Processing file /home/airflow/.local/lib/python3.6/site-packages/airflow/example_dags/tutorial_taskflow_api_etl.py for tasks to queue
[2022-05-26 09:45:44,382] {logging_mixin.py:104} INFO - [2022-05-26 09:45:44,382] {dagbag.py:496} INFO - Filling up the DagBag from /home/airflow/.local/lib/python3.6/site-packages/airflow/example_dags/tutorial_taskflow_api_etl.py
[2022-05-26 09:45:45,780] {scheduler_job.py:642} INFO - DAG(s) dict_keys(['tutorial_taskflow_api_etl']) retrieved from /home/airflow/.local/lib/python3.6/site-packages/airflow/example_dags/tutorial_taskflow_api_etl.py
[2022-05-26 09:46:40,740] {scheduler_job.py:181} INFO - Started process (PID=182) to work on /home/airflow/.local/lib/python3.6/site-packages/airflow/example_dags/tutorial_taskflow_api_etl.py
[2022-05-26 09:46:40,754] {scheduler_job.py:632} INFO - Processing file /home/airflow/.local/lib/python3.6/site-packages/airflow/example_dags/tutorial_taskflow_api_etl.py for tasks to queue
[2022-05-26 09:46:40,777] {logging_mixin.py:104} INFO - [2022-05-26 09:46:40,767] {dagbag.py:496} INFO - Filling up the DagBag from /home/airflow/.local/lib/python3.6/site-packages/airflow/example_dags/tutorial_taskflow_api_etl.py
[2022-05-26 09:46:41,303] {scheduler_job.py:642} INFO - DAG(s) dict_keys(['tutorial_taskflow_api_etl']) retrieved from /home/airflow/.local/lib/python3.6/site-packages/airflow/example_dags/tutorial_taskflow_api_etl.py
[2022-05-26 09:47:35,057] {scheduler_job.py:181} INFO - Started process (PID=221) to work on /home/airflow/.local/lib/python3.6/site-packages/airflow/example_dags/tutorial_taskflow_api_etl.py
[2022-05-26 09:47:35,108] {scheduler_job.py:632} INFO - Processing file /home/airflow/.local/lib/python3.6/site-packages/airflow/example_dags/tutorial_taskflow_api_etl.py for tasks to queue
[2022-05-26 09:47:35,127] {logging_mixin.py:104} INFO - [2022-05-26 09:47:35,126] {dagbag.py:496} INFO - Filling up the DagBag from /home/airflow/.local/lib/python3.6/site-packages/airflow/example_dags/tutorial_taskflow_api_etl.py
[2022-05-26 09:47:35,627] {scheduler_job.py:642} INFO - DAG(s) dict_keys(['tutorial_taskflow_api_etl']) retrieved from /home/airflow/.local/lib/python3.6/site-packages/airflow/example_dags/tutorial_taskflow_api_etl.py
[2022-05-26 09:48:31,195] {scheduler_job.py:181} INFO - Started process (PID=256) to work on /home/airflow/.local/lib/python3.6/site-packages/airflow/example_dags/tutorial_taskflow_api_etl.py
[2022-05-26 09:48:31,213] {scheduler_job.py:632} INFO - Processing file /home/airflow/.local/lib/python3.6/site-packages/airflow/example_dags/tutorial_taskflow_api_etl.py for tasks to queue
[2022-05-26 09:48:31,233] {logging_mixin.py:104} INFO - [2022-05-26 09:48:31,223] {dagbag.py:496} INFO - Filling up the DagBag from /home/airflow/.local/lib/python3.6/site-packages/airflow/example_dags/tutorial_taskflow_api_etl.py
[2022-05-26 09:48:31,484] {scheduler_job.py:642} INFO - DAG(s) dict_keys(['tutorial_taskflow_api_etl']) retrieved from /home/airflow/.local/lib/python3.6/site-packages/airflow/example_dags/tutorial_taskflow_api_etl.py
[2022-05-26 09:48:58,939] {logging_mixin.py:104} INFO - [2022-05-26 09:48:58,939] {opentelemetry_tracing.py:29} INFO - This service is instrumented using OpenTelemetry. OpenTelemetry could not be imported; please add opentelemetry-api and opentelemetry-instrumentation packages in order to get BigQuery Tracing data.
[2022-05-26 09:49:01,190] {logging_mixin.py:104} INFO - [2022-05-26 09:49:01,187] {dag.py:1833} INFO - Sync 1 DAGs
[2022-05-26 09:49:01,262] {logging_mixin.py:104} INFO - [2022-05-26 09:49:01,253] {dag.py:1852} INFO - Creating ORM DAG for tutorial_taskflow_api_etl
[2022-05-26 09:49:01,286] {logging_mixin.py:104} INFO - [2022-05-26 09:49:01,286] {dag.py:2306} INFO - Setting next_dagrun for tutorial_taskflow_api_etl to None
[2022-05-26 09:49:01,338] {scheduler_job.py:189} INFO - Processing /home/airflow/.local/lib/python3.6/site-packages/airflow/example_dags/tutorial_taskflow_api_etl.py took 30.211 seconds
[2022-05-26 09:51:36,097] {scheduler_job.py:181} INFO - Started process (PID=444) to work on /home/airflow/.local/lib/python3.6/site-packages/airflow/example_dags/tutorial_taskflow_api_etl.py
[2022-05-26 09:51:36,119] {scheduler_job.py:632} INFO - Processing file /home/airflow/.local/lib/python3.6/site-packages/airflow/example_dags/tutorial_taskflow_api_etl.py for tasks to queue
[2022-05-26 09:51:36,127] {logging_mixin.py:104} INFO - [2022-05-26 09:51:36,127] {dagbag.py:496} INFO - Filling up the DagBag from /home/airflow/.local/lib/python3.6/site-packages/airflow/example_dags/tutorial_taskflow_api_etl.py
[2022-05-26 09:51:36,308] {scheduler_job.py:642} INFO - DAG(s) dict_keys(['tutorial_taskflow_api_etl']) retrieved from /home/airflow/.local/lib/python3.6/site-packages/airflow/example_dags/tutorial_taskflow_api_etl.py
[2022-05-26 09:51:39,195] {logging_mixin.py:104} INFO - [2022-05-26 09:51:39,195] {dag.py:1833} INFO - Sync 1 DAGs
[2022-05-26 09:51:39,263] {logging_mixin.py:104} INFO - [2022-05-26 09:51:39,263] {dag.py:2306} INFO - Setting next_dagrun for tutorial_taskflow_api_etl to None
[2022-05-26 09:51:39,317] {scheduler_job.py:189} INFO - Processing /home/airflow/.local/lib/python3.6/site-packages/airflow/example_dags/tutorial_taskflow_api_etl.py took 3.242 seconds
[2022-05-26 09:52:09,508] {scheduler_job.py:181} INFO - Started process (PID=500) to work on /home/airflow/.local/lib/python3.6/site-packages/airflow/example_dags/tutorial_taskflow_api_etl.py
[2022-05-26 09:52:09,517] {scheduler_job.py:632} INFO - Processing file /home/airflow/.local/lib/python3.6/site-packages/airflow/example_dags/tutorial_taskflow_api_etl.py for tasks to queue
[2022-05-26 09:52:09,520] {logging_mixin.py:104} INFO - [2022-05-26 09:52:09,520] {dagbag.py:496} INFO - Filling up the DagBag from /home/airflow/.local/lib/python3.6/site-packages/airflow/example_dags/tutorial_taskflow_api_etl.py
[2022-05-26 09:52:09,558] {scheduler_job.py:642} INFO - DAG(s) dict_keys(['tutorial_taskflow_api_etl']) retrieved from /home/airflow/.local/lib/python3.6/site-packages/airflow/example_dags/tutorial_taskflow_api_etl.py
[2022-05-26 09:52:10,261] {logging_mixin.py:104} INFO - [2022-05-26 09:52:10,261] {dag.py:1833} INFO - Sync 1 DAGs
[2022-05-26 09:52:10,288] {logging_mixin.py:104} INFO - [2022-05-26 09:52:10,287] {dag.py:2306} INFO - Setting next_dagrun for tutorial_taskflow_api_etl to None
[2022-05-26 09:52:10,346] {scheduler_job.py:189} INFO - Processing /home/airflow/.local/lib/python3.6/site-packages/airflow/example_dags/tutorial_taskflow_api_etl.py took 0.849 seconds
[2022-05-26 09:52:41,111] {scheduler_job.py:181} INFO - Started process (PID=554) to work on /home/airflow/.local/lib/python3.6/site-packages/airflow/example_dags/tutorial_taskflow_api_etl.py
[2022-05-26 09:52:41,117] {scheduler_job.py:632} INFO - Processing file /home/airflow/.local/lib/python3.6/site-packages/airflow/example_dags/tutorial_taskflow_api_etl.py for tasks to queue
[2022-05-26 09:52:41,131] {logging_mixin.py:104} INFO - [2022-05-26 09:52:41,123] {dagbag.py:496} INFO - Filling up the DagBag from /home/airflow/.local/lib/python3.6/site-packages/airflow/example_dags/tutorial_taskflow_api_etl.py
[2022-05-26 09:52:41,231] {scheduler_job.py:642} INFO - DAG(s) dict_keys(['tutorial_taskflow_api_etl']) retrieved from /home/airflow/.local/lib/python3.6/site-packages/airflow/example_dags/tutorial_taskflow_api_etl.py
[2022-05-26 09:52:42,254] {logging_mixin.py:104} INFO - [2022-05-26 09:52:42,254] {dag.py:1833} INFO - Sync 1 DAGs
[2022-05-26 09:52:42,291] {logging_mixin.py:104} INFO - [2022-05-26 09:52:42,291] {dag.py:2306} INFO - Setting next_dagrun for tutorial_taskflow_api_etl to None
[2022-05-26 09:52:42,321] {scheduler_job.py:189} INFO - Processing /home/airflow/.local/lib/python3.6/site-packages/airflow/example_dags/tutorial_taskflow_api_etl.py took 1.215 seconds
[2022-05-26 09:53:13,374] {scheduler_job.py:181} INFO - Started process (PID=611) to work on /home/airflow/.local/lib/python3.6/site-packages/airflow/example_dags/tutorial_taskflow_api_etl.py
[2022-05-26 09:53:13,383] {scheduler_job.py:632} INFO - Processing file /home/airflow/.local/lib/python3.6/site-packages/airflow/example_dags/tutorial_taskflow_api_etl.py for tasks to queue
[2022-05-26 09:53:13,389] {logging_mixin.py:104} INFO - [2022-05-26 09:53:13,388] {dagbag.py:496} INFO - Filling up the DagBag from /home/airflow/.local/lib/python3.6/site-packages/airflow/example_dags/tutorial_taskflow_api_etl.py
[2022-05-26 09:53:13,482] {scheduler_job.py:642} INFO - DAG(s) dict_keys(['tutorial_taskflow_api_etl']) retrieved from /home/airflow/.local/lib/python3.6/site-packages/airflow/example_dags/tutorial_taskflow_api_etl.py
[2022-05-26 09:53:14,421] {logging_mixin.py:104} INFO - [2022-05-26 09:53:14,421] {dag.py:1833} INFO - Sync 1 DAGs
[2022-05-26 09:53:14,456] {logging_mixin.py:104} INFO - [2022-05-26 09:53:14,456] {dag.py:2306} INFO - Setting next_dagrun for tutorial_taskflow_api_etl to None
[2022-05-26 09:53:14,489] {scheduler_job.py:189} INFO - Processing /home/airflow/.local/lib/python3.6/site-packages/airflow/example_dags/tutorial_taskflow_api_etl.py took 1.136 seconds
[2022-05-26 09:53:44,900] {scheduler_job.py:181} INFO - Started process (PID=668) to work on /home/airflow/.local/lib/python3.6/site-packages/airflow/example_dags/tutorial_taskflow_api_etl.py
[2022-05-26 09:53:44,925] {scheduler_job.py:632} INFO - Processing file /home/airflow/.local/lib/python3.6/site-packages/airflow/example_dags/tutorial_taskflow_api_etl.py for tasks to queue
[2022-05-26 09:53:44,935] {logging_mixin.py:104} INFO - [2022-05-26 09:53:44,932] {dagbag.py:496} INFO - Filling up the DagBag from /home/airflow/.local/lib/python3.6/site-packages/airflow/example_dags/tutorial_taskflow_api_etl.py
[2022-05-26 09:53:44,977] {scheduler_job.py:642} INFO - DAG(s) dict_keys(['tutorial_taskflow_api_etl']) retrieved from /home/airflow/.local/lib/python3.6/site-packages/airflow/example_dags/tutorial_taskflow_api_etl.py
[2022-05-26 09:53:45,588] {logging_mixin.py:104} INFO - [2022-05-26 09:53:45,588] {dag.py:1833} INFO - Sync 1 DAGs
[2022-05-26 09:53:45,611] {logging_mixin.py:104} INFO - [2022-05-26 09:53:45,611] {dag.py:2306} INFO - Setting next_dagrun for tutorial_taskflow_api_etl to None
[2022-05-26 09:53:45,637] {scheduler_job.py:189} INFO - Processing /home/airflow/.local/lib/python3.6/site-packages/airflow/example_dags/tutorial_taskflow_api_etl.py took 0.758 seconds
[2022-05-26 09:54:16,095] {scheduler_job.py:181} INFO - Started process (PID=721) to work on /home/airflow/.local/lib/python3.6/site-packages/airflow/example_dags/tutorial_taskflow_api_etl.py
[2022-05-26 09:54:16,110] {scheduler_job.py:632} INFO - Processing file /home/airflow/.local/lib/python3.6/site-packages/airflow/example_dags/tutorial_taskflow_api_etl.py for tasks to queue
[2022-05-26 09:54:16,127] {logging_mixin.py:104} INFO - [2022-05-26 09:54:16,127] {dagbag.py:496} INFO - Filling up the DagBag from /home/airflow/.local/lib/python3.6/site-packages/airflow/example_dags/tutorial_taskflow_api_etl.py
[2022-05-26 09:54:16,258] {scheduler_job.py:642} INFO - DAG(s) dict_keys(['tutorial_taskflow_api_etl']) retrieved from /home/airflow/.local/lib/python3.6/site-packages/airflow/example_dags/tutorial_taskflow_api_etl.py
[2022-05-26 09:54:17,315] {logging_mixin.py:104} INFO - [2022-05-26 09:54:17,314] {dag.py:1833} INFO - Sync 1 DAGs
[2022-05-26 09:54:17,356] {logging_mixin.py:104} INFO - [2022-05-26 09:54:17,356] {dag.py:2306} INFO - Setting next_dagrun for tutorial_taskflow_api_etl to None
[2022-05-26 09:54:17,410] {scheduler_job.py:189} INFO - Processing /home/airflow/.local/lib/python3.6/site-packages/airflow/example_dags/tutorial_taskflow_api_etl.py took 1.339 seconds
[2022-05-26 09:54:56,168] {scheduler_job.py:181} INFO - Started process (PID=770) to work on /home/airflow/.local/lib/python3.6/site-packages/airflow/example_dags/tutorial_taskflow_api_etl.py
[2022-05-26 09:54:56,183] {scheduler_job.py:632} INFO - Processing file /home/airflow/.local/lib/python3.6/site-packages/airflow/example_dags/tutorial_taskflow_api_etl.py for tasks to queue
[2022-05-26 09:54:56,192] {logging_mixin.py:104} INFO - [2022-05-26 09:54:56,192] {dagbag.py:496} INFO - Filling up the DagBag from /home/airflow/.local/lib/python3.6/site-packages/airflow/example_dags/tutorial_taskflow_api_etl.py
[2022-05-26 09:54:56,326] {scheduler_job.py:642} INFO - DAG(s) dict_keys(['tutorial_taskflow_api_etl']) retrieved from /home/airflow/.local/lib/python3.6/site-packages/airflow/example_dags/tutorial_taskflow_api_etl.py
[2022-05-26 09:54:58,970] {logging_mixin.py:104} INFO - [2022-05-26 09:54:58,970] {dag.py:1833} INFO - Sync 1 DAGs
[2022-05-26 09:54:59,041] {logging_mixin.py:104} INFO - [2022-05-26 09:54:59,041] {dag.py:2306} INFO - Setting next_dagrun for tutorial_taskflow_api_etl to None
[2022-05-26 09:54:59,173] {scheduler_job.py:189} INFO - Processing /home/airflow/.local/lib/python3.6/site-packages/airflow/example_dags/tutorial_taskflow_api_etl.py took 3.026 seconds
[2022-05-26 09:55:30,591] {scheduler_job.py:181} INFO - Started process (PID=829) to work on /home/airflow/.local/lib/python3.6/site-packages/airflow/example_dags/tutorial_taskflow_api_etl.py
[2022-05-26 09:55:30,621] {scheduler_job.py:632} INFO - Processing file /home/airflow/.local/lib/python3.6/site-packages/airflow/example_dags/tutorial_taskflow_api_etl.py for tasks to queue
[2022-05-26 09:55:30,677] {logging_mixin.py:104} INFO - [2022-05-26 09:55:30,660] {dagbag.py:496} INFO - Filling up the DagBag from /home/airflow/.local/lib/python3.6/site-packages/airflow/example_dags/tutorial_taskflow_api_etl.py
[2022-05-26 09:55:30,947] {scheduler_job.py:642} INFO - DAG(s) dict_keys(['tutorial_taskflow_api_etl']) retrieved from /home/airflow/.local/lib/python3.6/site-packages/airflow/example_dags/tutorial_taskflow_api_etl.py
[2022-05-26 09:55:32,855] {logging_mixin.py:104} INFO - [2022-05-26 09:55:32,855] {dag.py:1833} INFO - Sync 1 DAGs
[2022-05-26 09:55:32,921] {logging_mixin.py:104} INFO - [2022-05-26 09:55:32,921] {dag.py:2306} INFO - Setting next_dagrun for tutorial_taskflow_api_etl to None
[2022-05-26 09:55:32,997] {scheduler_job.py:189} INFO - Processing /home/airflow/.local/lib/python3.6/site-packages/airflow/example_dags/tutorial_taskflow_api_etl.py took 2.422 seconds
[2022-05-26 09:56:38,251] {scheduler_job.py:181} INFO - Started process (PID=897) to work on /home/airflow/.local/lib/python3.6/site-packages/airflow/example_dags/tutorial_taskflow_api_etl.py
[2022-05-26 09:56:38,320] {scheduler_job.py:632} INFO - Processing file /home/airflow/.local/lib/python3.6/site-packages/airflow/example_dags/tutorial_taskflow_api_etl.py for tasks to queue
[2022-05-26 09:56:38,386] {logging_mixin.py:104} INFO - [2022-05-26 09:56:38,386] {dagbag.py:496} INFO - Filling up the DagBag from /home/airflow/.local/lib/python3.6/site-packages/airflow/example_dags/tutorial_taskflow_api_etl.py
[2022-05-26 09:56:38,643] {scheduler_job.py:642} INFO - DAG(s) dict_keys(['tutorial_taskflow_api_etl']) retrieved from /home/airflow/.local/lib/python3.6/site-packages/airflow/example_dags/tutorial_taskflow_api_etl.py
[2022-05-26 09:56:44,543] {logging_mixin.py:104} INFO - [2022-05-26 09:56:44,543] {dag.py:1833} INFO - Sync 1 DAGs
[2022-05-26 09:56:44,628] {logging_mixin.py:104} INFO - [2022-05-26 09:56:44,628] {dag.py:2306} INFO - Setting next_dagrun for tutorial_taskflow_api_etl to None
[2022-05-26 09:56:44,747] {scheduler_job.py:189} INFO - Processing /home/airflow/.local/lib/python3.6/site-packages/airflow/example_dags/tutorial_taskflow_api_etl.py took 6.571 seconds
[2022-05-26 09:57:43,314] {scheduler_job.py:181} INFO - Started process (PID=960) to work on /home/airflow/.local/lib/python3.6/site-packages/airflow/example_dags/tutorial_taskflow_api_etl.py
[2022-05-26 09:57:43,330] {scheduler_job.py:632} INFO - Processing file /home/airflow/.local/lib/python3.6/site-packages/airflow/example_dags/tutorial_taskflow_api_etl.py for tasks to queue
[2022-05-26 09:57:43,342] {logging_mixin.py:104} INFO - [2022-05-26 09:57:43,342] {dagbag.py:496} INFO - Filling up the DagBag from /home/airflow/.local/lib/python3.6/site-packages/airflow/example_dags/tutorial_taskflow_api_etl.py
[2022-05-26 09:57:43,655] {scheduler_job.py:642} INFO - DAG(s) dict_keys(['tutorial_taskflow_api_etl']) retrieved from /home/airflow/.local/lib/python3.6/site-packages/airflow/example_dags/tutorial_taskflow_api_etl.py
[2022-05-26 09:57:50,136] {logging_mixin.py:104} INFO - [2022-05-26 09:57:50,136] {dag.py:1833} INFO - Sync 1 DAGs
[2022-05-26 09:57:50,671] {logging_mixin.py:104} INFO - [2022-05-26 09:57:50,671] {dag.py:2306} INFO - Setting next_dagrun for tutorial_taskflow_api_etl to None
[2022-05-26 09:57:50,995] {scheduler_job.py:189} INFO - Processing /home/airflow/.local/lib/python3.6/site-packages/airflow/example_dags/tutorial_taskflow_api_etl.py took 7.711 seconds
[2022-05-26 09:59:05,537] {scheduler_job.py:181} INFO - Started process (PID=1040) to work on /home/airflow/.local/lib/python3.6/site-packages/airflow/example_dags/tutorial_taskflow_api_etl.py
[2022-05-26 09:59:05,577] {scheduler_job.py:632} INFO - Processing file /home/airflow/.local/lib/python3.6/site-packages/airflow/example_dags/tutorial_taskflow_api_etl.py for tasks to queue
[2022-05-26 09:59:05,605] {logging_mixin.py:104} INFO - [2022-05-26 09:59:05,605] {dagbag.py:496} INFO - Filling up the DagBag from /home/airflow/.local/lib/python3.6/site-packages/airflow/example_dags/tutorial_taskflow_api_etl.py
[2022-05-26 09:59:06,006] {scheduler_job.py:642} INFO - DAG(s) dict_keys(['tutorial_taskflow_api_etl']) retrieved from /home/airflow/.local/lib/python3.6/site-packages/airflow/example_dags/tutorial_taskflow_api_etl.py
[2022-05-26 09:59:13,021] {logging_mixin.py:104} INFO - [2022-05-26 09:59:13,020] {dag.py:1833} INFO - Sync 1 DAGs
[2022-05-26 09:59:13,191] {logging_mixin.py:104} INFO - [2022-05-26 09:59:13,190] {dag.py:2306} INFO - Setting next_dagrun for tutorial_taskflow_api_etl to None
[2022-05-26 09:59:13,342] {scheduler_job.py:189} INFO - Processing /home/airflow/.local/lib/python3.6/site-packages/airflow/example_dags/tutorial_taskflow_api_etl.py took 7.946 seconds
[2022-05-26 10:00:11,121] {scheduler_job.py:181} INFO - Started process (PID=1108) to work on /home/airflow/.local/lib/python3.6/site-packages/airflow/example_dags/tutorial_taskflow_api_etl.py
[2022-05-26 10:00:11,134] {scheduler_job.py:632} INFO - Processing file /home/airflow/.local/lib/python3.6/site-packages/airflow/example_dags/tutorial_taskflow_api_etl.py for tasks to queue
[2022-05-26 10:00:11,163] {logging_mixin.py:104} INFO - [2022-05-26 10:00:11,149] {dagbag.py:496} INFO - Filling up the DagBag from /home/airflow/.local/lib/python3.6/site-packages/airflow/example_dags/tutorial_taskflow_api_etl.py
[2022-05-26 10:00:11,478] {scheduler_job.py:642} INFO - DAG(s) dict_keys(['tutorial_taskflow_api_etl']) retrieved from /home/airflow/.local/lib/python3.6/site-packages/airflow/example_dags/tutorial_taskflow_api_etl.py
[2022-05-26 10:00:23,060] {logging_mixin.py:104} INFO - [2022-05-26 10:00:23,059] {dag.py:1833} INFO - Sync 1 DAGs
[2022-05-26 10:00:23,566] {logging_mixin.py:104} INFO - [2022-05-26 10:00:23,558] {dag.py:2306} INFO - Setting next_dagrun for tutorial_taskflow_api_etl to None
[2022-05-26 10:00:23,862] {scheduler_job.py:189} INFO - Processing /home/airflow/.local/lib/python3.6/site-packages/airflow/example_dags/tutorial_taskflow_api_etl.py took 12.774 seconds
[2022-05-26 10:01:42,123] {scheduler_job.py:181} INFO - Started process (PID=1162) to work on /home/airflow/.local/lib/python3.6/site-packages/airflow/example_dags/tutorial_taskflow_api_etl.py
[2022-05-26 10:01:42,155] {scheduler_job.py:632} INFO - Processing file /home/airflow/.local/lib/python3.6/site-packages/airflow/example_dags/tutorial_taskflow_api_etl.py for tasks to queue
[2022-05-26 10:01:42,179] {logging_mixin.py:104} INFO - [2022-05-26 10:01:42,179] {dagbag.py:496} INFO - Filling up the DagBag from /home/airflow/.local/lib/python3.6/site-packages/airflow/example_dags/tutorial_taskflow_api_etl.py
[2022-05-26 10:01:42,313] {scheduler_job.py:642} INFO - DAG(s) dict_keys(['tutorial_taskflow_api_etl']) retrieved from /home/airflow/.local/lib/python3.6/site-packages/airflow/example_dags/tutorial_taskflow_api_etl.py
[2022-05-26 10:02:02,205] {logging_mixin.py:104} INFO - [2022-05-26 10:02:02,181] {dag.py:1833} INFO - Sync 1 DAGs
[2022-05-26 10:02:02,502] {logging_mixin.py:104} INFO - [2022-05-26 10:02:02,501] {dag.py:2306} INFO - Setting next_dagrun for tutorial_taskflow_api_etl to None
[2022-05-26 10:02:02,891] {scheduler_job.py:189} INFO - Processing /home/airflow/.local/lib/python3.6/site-packages/airflow/example_dags/tutorial_taskflow_api_etl.py took 20.841 seconds
[2022-05-26 10:03:15,738] {scheduler_job.py:181} INFO - Started process (PID=1225) to work on /home/airflow/.local/lib/python3.6/site-packages/airflow/example_dags/tutorial_taskflow_api_etl.py
[2022-05-26 10:03:15,772] {scheduler_job.py:632} INFO - Processing file /home/airflow/.local/lib/python3.6/site-packages/airflow/example_dags/tutorial_taskflow_api_etl.py for tasks to queue
[2022-05-26 10:03:15,794] {logging_mixin.py:104} INFO - [2022-05-26 10:03:15,793] {dagbag.py:496} INFO - Filling up the DagBag from /home/airflow/.local/lib/python3.6/site-packages/airflow/example_dags/tutorial_taskflow_api_etl.py
[2022-05-26 10:03:16,519] {scheduler_job.py:642} INFO - DAG(s) dict_keys(['tutorial_taskflow_api_etl']) retrieved from /home/airflow/.local/lib/python3.6/site-packages/airflow/example_dags/tutorial_taskflow_api_etl.py
[2022-05-26 10:03:29,649] {logging_mixin.py:104} INFO - [2022-05-26 10:03:29,649] {dag.py:1833} INFO - Sync 1 DAGs
[2022-05-26 10:03:29,912] {logging_mixin.py:104} INFO - [2022-05-26 10:03:29,911] {dag.py:2306} INFO - Setting next_dagrun for tutorial_taskflow_api_etl to None
[2022-05-26 10:03:30,266] {scheduler_job.py:189} INFO - Processing /home/airflow/.local/lib/python3.6/site-packages/airflow/example_dags/tutorial_taskflow_api_etl.py took 14.640 seconds
[2022-05-26 10:04:52,815] {scheduler_job.py:181} INFO - Started process (PID=1305) to work on /home/airflow/.local/lib/python3.6/site-packages/airflow/example_dags/tutorial_taskflow_api_etl.py
[2022-05-26 10:04:52,849] {scheduler_job.py:632} INFO - Processing file /home/airflow/.local/lib/python3.6/site-packages/airflow/example_dags/tutorial_taskflow_api_etl.py for tasks to queue
[2022-05-26 10:04:52,866] {logging_mixin.py:104} INFO - [2022-05-26 10:04:52,866] {dagbag.py:496} INFO - Filling up the DagBag from /home/airflow/.local/lib/python3.6/site-packages/airflow/example_dags/tutorial_taskflow_api_etl.py
[2022-05-26 10:04:53,322] {scheduler_job.py:642} INFO - DAG(s) dict_keys(['tutorial_taskflow_api_etl']) retrieved from /home/airflow/.local/lib/python3.6/site-packages/airflow/example_dags/tutorial_taskflow_api_etl.py
[2022-05-26 10:05:04,245] {logging_mixin.py:104} INFO - [2022-05-26 10:05:04,231] {dag.py:1833} INFO - Sync 1 DAGs
[2022-05-26 10:05:04,675] {logging_mixin.py:104} INFO - [2022-05-26 10:05:04,674] {dag.py:2306} INFO - Setting next_dagrun for tutorial_taskflow_api_etl to None
[2022-05-26 10:05:05,336] {scheduler_job.py:189} INFO - Processing /home/airflow/.local/lib/python3.6/site-packages/airflow/example_dags/tutorial_taskflow_api_etl.py took 12.632 seconds
[2022-05-26 10:13:18,505] {scheduler_job.py:181} INFO - Started process (PID=141) to work on /home/airflow/.local/lib/python3.6/site-packages/airflow/example_dags/tutorial_taskflow_api_etl.py
[2022-05-26 10:13:18,525] {scheduler_job.py:632} INFO - Processing file /home/airflow/.local/lib/python3.6/site-packages/airflow/example_dags/tutorial_taskflow_api_etl.py for tasks to queue
[2022-05-26 10:13:18,540] {logging_mixin.py:104} INFO - [2022-05-26 10:13:18,539] {dagbag.py:496} INFO - Filling up the DagBag from /home/airflow/.local/lib/python3.6/site-packages/airflow/example_dags/tutorial_taskflow_api_etl.py
[2022-05-26 10:13:19,236] {scheduler_job.py:642} INFO - DAG(s) dict_keys(['tutorial_taskflow_api_etl']) retrieved from /home/airflow/.local/lib/python3.6/site-packages/airflow/example_dags/tutorial_taskflow_api_etl.py
[2022-05-26 10:13:26,056] {logging_mixin.py:104} INFO - [2022-05-26 10:13:26,055] {dag.py:1833} INFO - Sync 1 DAGs
[2022-05-26 10:13:26,417] {logging_mixin.py:104} INFO - [2022-05-26 10:13:26,417] {dag.py:2306} INFO - Setting next_dagrun for tutorial_taskflow_api_etl to None
[2022-05-26 10:13:26,595] {scheduler_job.py:189} INFO - Processing /home/airflow/.local/lib/python3.6/site-packages/airflow/example_dags/tutorial_taskflow_api_etl.py took 8.132 seconds
[2022-05-26 10:14:08,515] {scheduler_job.py:181} INFO - Started process (PID=189) to work on /home/airflow/.local/lib/python3.6/site-packages/airflow/example_dags/tutorial_taskflow_api_etl.py
[2022-05-26 10:14:08,556] {scheduler_job.py:632} INFO - Processing file /home/airflow/.local/lib/python3.6/site-packages/airflow/example_dags/tutorial_taskflow_api_etl.py for tasks to queue
[2022-05-26 10:14:08,571] {logging_mixin.py:104} INFO - [2022-05-26 10:14:08,566] {dagbag.py:496} INFO - Filling up the DagBag from /home/airflow/.local/lib/python3.6/site-packages/airflow/example_dags/tutorial_taskflow_api_etl.py
[2022-05-26 10:14:09,265] {scheduler_job.py:642} INFO - DAG(s) dict_keys(['tutorial_taskflow_api_etl']) retrieved from /home/airflow/.local/lib/python3.6/site-packages/airflow/example_dags/tutorial_taskflow_api_etl.py
[2022-05-26 10:14:14,066] {logging_mixin.py:104} INFO - [2022-05-26 10:14:14,066] {dag.py:1833} INFO - Sync 1 DAGs
[2022-05-26 10:14:14,212] {logging_mixin.py:104} INFO - [2022-05-26 10:14:14,212] {dag.py:2306} INFO - Setting next_dagrun for tutorial_taskflow_api_etl to None
[2022-05-26 10:14:14,409] {scheduler_job.py:189} INFO - Processing /home/airflow/.local/lib/python3.6/site-packages/airflow/example_dags/tutorial_taskflow_api_etl.py took 5.948 seconds
[2022-05-26 10:15:07,809] {scheduler_job.py:181} INFO - Started process (PID=240) to work on /home/airflow/.local/lib/python3.6/site-packages/airflow/example_dags/tutorial_taskflow_api_etl.py
[2022-05-26 10:15:07,847] {scheduler_job.py:632} INFO - Processing file /home/airflow/.local/lib/python3.6/site-packages/airflow/example_dags/tutorial_taskflow_api_etl.py for tasks to queue
[2022-05-26 10:15:07,861] {logging_mixin.py:104} INFO - [2022-05-26 10:15:07,861] {dagbag.py:496} INFO - Filling up the DagBag from /home/airflow/.local/lib/python3.6/site-packages/airflow/example_dags/tutorial_taskflow_api_etl.py
[2022-05-26 10:15:11,115] {scheduler_job.py:642} INFO - DAG(s) dict_keys(['tutorial_taskflow_api_etl']) retrieved from /home/airflow/.local/lib/python3.6/site-packages/airflow/example_dags/tutorial_taskflow_api_etl.py
[2022-05-26 10:15:20,501] {logging_mixin.py:104} INFO - [2022-05-26 10:15:20,485] {dag.py:1833} INFO - Sync 1 DAGs
[2022-05-26 10:15:20,773] {logging_mixin.py:104} INFO - [2022-05-26 10:15:20,772] {dag.py:2306} INFO - Setting next_dagrun for tutorial_taskflow_api_etl to None
[2022-05-26 10:15:21,282] {scheduler_job.py:189} INFO - Processing /home/airflow/.local/lib/python3.6/site-packages/airflow/example_dags/tutorial_taskflow_api_etl.py took 13.626 seconds
[2022-05-26 10:16:07,981] {scheduler_job.py:181} INFO - Started process (PID=279) to work on /home/airflow/.local/lib/python3.6/site-packages/airflow/example_dags/tutorial_taskflow_api_etl.py
[2022-05-26 10:16:08,055] {scheduler_job.py:632} INFO - Processing file /home/airflow/.local/lib/python3.6/site-packages/airflow/example_dags/tutorial_taskflow_api_etl.py for tasks to queue
[2022-05-26 10:16:08,061] {logging_mixin.py:104} INFO - [2022-05-26 10:16:08,060] {dagbag.py:496} INFO - Filling up the DagBag from /home/airflow/.local/lib/python3.6/site-packages/airflow/example_dags/tutorial_taskflow_api_etl.py
[2022-05-26 10:16:09,086] {scheduler_job.py:642} INFO - DAG(s) dict_keys(['tutorial_taskflow_api_etl']) retrieved from /home/airflow/.local/lib/python3.6/site-packages/airflow/example_dags/tutorial_taskflow_api_etl.py
[2022-05-26 10:16:38,118] {logging_mixin.py:104} INFO - [2022-05-26 10:16:38,117] {dag.py:1833} INFO - Sync 1 DAGs
[2022-05-26 10:16:38,451] {logging_mixin.py:104} INFO - [2022-05-26 10:16:38,451] {dag.py:2306} INFO - Setting next_dagrun for tutorial_taskflow_api_etl to None
[2022-05-26 10:16:38,740] {scheduler_job.py:189} INFO - Processing /home/airflow/.local/lib/python3.6/site-packages/airflow/example_dags/tutorial_taskflow_api_etl.py took 30.883 seconds
[2022-05-26 10:17:08,507] {scheduler_job.py:181} INFO - Started process (PID=321) to work on /home/airflow/.local/lib/python3.6/site-packages/airflow/example_dags/tutorial_taskflow_api_etl.py
[2022-05-26 10:17:08,583] {scheduler_job.py:632} INFO - Processing file /home/airflow/.local/lib/python3.6/site-packages/airflow/example_dags/tutorial_taskflow_api_etl.py for tasks to queue
[2022-05-26 10:17:08,614] {logging_mixin.py:104} INFO - [2022-05-26 10:17:08,613] {dagbag.py:496} INFO - Filling up the DagBag from /home/airflow/.local/lib/python3.6/site-packages/airflow/example_dags/tutorial_taskflow_api_etl.py
[2022-05-26 10:17:10,319] {scheduler_job.py:642} INFO - DAG(s) dict_keys(['tutorial_taskflow_api_etl']) retrieved from /home/airflow/.local/lib/python3.6/site-packages/airflow/example_dags/tutorial_taskflow_api_etl.py
[2022-05-26 10:18:29,199] {scheduler_job.py:181} INFO - Started process (PID=360) to work on /home/airflow/.local/lib/python3.6/site-packages/airflow/example_dags/tutorial_taskflow_api_etl.py
[2022-05-26 10:18:29,251] {scheduler_job.py:632} INFO - Processing file /home/airflow/.local/lib/python3.6/site-packages/airflow/example_dags/tutorial_taskflow_api_etl.py for tasks to queue
[2022-05-26 10:18:29,409] {logging_mixin.py:104} INFO - [2022-05-26 10:18:29,408] {dagbag.py:496} INFO - Filling up the DagBag from /home/airflow/.local/lib/python3.6/site-packages/airflow/example_dags/tutorial_taskflow_api_etl.py
[2022-05-26 10:18:31,566] {scheduler_job.py:642} INFO - DAG(s) dict_keys(['tutorial_taskflow_api_etl']) retrieved from /home/airflow/.local/lib/python3.6/site-packages/airflow/example_dags/tutorial_taskflow_api_etl.py
[2022-05-26 10:18:56,079] {logging_mixin.py:104} INFO - [2022-05-26 10:18:56,078] {dag.py:1833} INFO - Sync 1 DAGs
[2022-05-26 10:18:56,634] {logging_mixin.py:104} INFO - [2022-05-26 10:18:56,634] {dag.py:2306} INFO - Setting next_dagrun for tutorial_taskflow_api_etl to None
[2022-05-26 10:18:57,297] {scheduler_job.py:189} INFO - Processing /home/airflow/.local/lib/python3.6/site-packages/airflow/example_dags/tutorial_taskflow_api_etl.py took 28.411 seconds
[2022-05-26 10:19:20,416] {scheduler_job.py:181} INFO - Started process (PID=401) to work on /home/airflow/.local/lib/python3.6/site-packages/airflow/example_dags/tutorial_taskflow_api_etl.py
[2022-05-26 10:19:20,451] {scheduler_job.py:632} INFO - Processing file /home/airflow/.local/lib/python3.6/site-packages/airflow/example_dags/tutorial_taskflow_api_etl.py for tasks to queue
[2022-05-26 10:19:20,468] {logging_mixin.py:104} INFO - [2022-05-26 10:19:20,468] {dagbag.py:496} INFO - Filling up the DagBag from /home/airflow/.local/lib/python3.6/site-packages/airflow/example_dags/tutorial_taskflow_api_etl.py
[2022-05-26 10:19:21,276] {scheduler_job.py:642} INFO - DAG(s) dict_keys(['tutorial_taskflow_api_etl']) retrieved from /home/airflow/.local/lib/python3.6/site-packages/airflow/example_dags/tutorial_taskflow_api_etl.py
[2022-05-26 10:20:13,102] {logging_mixin.py:104} INFO - [2022-05-26 10:20:13,101] {dag.py:1833} INFO - Sync 1 DAGs
[2022-05-26 10:20:13,412] {logging_mixin.py:104} INFO - [2022-05-26 10:20:13,412] {dag.py:2306} INFO - Setting next_dagrun for tutorial_taskflow_api_etl to None
[2022-05-26 10:20:13,755] {scheduler_job.py:189} INFO - Processing /home/airflow/.local/lib/python3.6/site-packages/airflow/example_dags/tutorial_taskflow_api_etl.py took 53.468 seconds
[2022-05-26 10:20:44,011] {scheduler_job.py:181} INFO - Started process (PID=445) to work on /home/airflow/.local/lib/python3.6/site-packages/airflow/example_dags/tutorial_taskflow_api_etl.py
[2022-05-26 10:20:44,019] {scheduler_job.py:632} INFO - Processing file /home/airflow/.local/lib/python3.6/site-packages/airflow/example_dags/tutorial_taskflow_api_etl.py for tasks to queue
[2022-05-26 10:20:44,091] {logging_mixin.py:104} INFO - [2022-05-26 10:20:44,091] {dagbag.py:496} INFO - Filling up the DagBag from /home/airflow/.local/lib/python3.6/site-packages/airflow/example_dags/tutorial_taskflow_api_etl.py
[2022-05-26 10:20:46,553] {scheduler_job.py:642} INFO - DAG(s) dict_keys(['tutorial_taskflow_api_etl']) retrieved from /home/airflow/.local/lib/python3.6/site-packages/airflow/example_dags/tutorial_taskflow_api_etl.py
[2022-05-26 10:22:34,125] {scheduler_job.py:181} INFO - Started process (PID=496) to work on /home/airflow/.local/lib/python3.6/site-packages/airflow/example_dags/tutorial_taskflow_api_etl.py
[2022-05-26 10:22:34,186] {scheduler_job.py:632} INFO - Processing file /home/airflow/.local/lib/python3.6/site-packages/airflow/example_dags/tutorial_taskflow_api_etl.py for tasks to queue
[2022-05-26 10:22:34,221] {logging_mixin.py:104} INFO - [2022-05-26 10:22:34,221] {dagbag.py:496} INFO - Filling up the DagBag from /home/airflow/.local/lib/python3.6/site-packages/airflow/example_dags/tutorial_taskflow_api_etl.py
[2022-05-26 10:22:35,971] {scheduler_job.py:642} INFO - DAG(s) dict_keys(['tutorial_taskflow_api_etl']) retrieved from /home/airflow/.local/lib/python3.6/site-packages/airflow/example_dags/tutorial_taskflow_api_etl.py
