[2022-05-26 09:50:34,024] {scheduler_job.py:181} INFO - Started process (PID=387) to work on /home/airflow/.local/lib/python3.6/site-packages/airflow/example_dags/tutorial_taskflow_api_etl_virtualenv.py
[2022-05-26 09:50:34,037] {scheduler_job.py:632} INFO - Processing file /home/airflow/.local/lib/python3.6/site-packages/airflow/example_dags/tutorial_taskflow_api_etl_virtualenv.py for tasks to queue
[2022-05-26 09:50:34,042] {logging_mixin.py:104} INFO - [2022-05-26 09:50:34,041] {dagbag.py:496} INFO - Filling up the DagBag from /home/airflow/.local/lib/python3.6/site-packages/airflow/example_dags/tutorial_taskflow_api_etl_virtualenv.py
[2022-05-26 09:50:34,097] {scheduler_job.py:642} INFO - DAG(s) dict_keys(['tutorial_taskflow_api_etl_virtualenv']) retrieved from /home/airflow/.local/lib/python3.6/site-packages/airflow/example_dags/tutorial_taskflow_api_etl_virtualenv.py
[2022-05-26 09:50:42,315] {logging_mixin.py:104} INFO - [2022-05-26 09:50:42,315] {opentelemetry_tracing.py:29} INFO - This service is instrumented using OpenTelemetry. OpenTelemetry could not be imported; please add opentelemetry-api and opentelemetry-instrumentation packages in order to get BigQuery Tracing data.
[2022-05-26 09:50:43,930] {logging_mixin.py:104} INFO - [2022-05-26 09:50:43,927] {dag.py:1833} INFO - Sync 1 DAGs
[2022-05-26 09:50:43,968] {logging_mixin.py:104} INFO - [2022-05-26 09:50:43,966] {dag.py:1852} INFO - Creating ORM DAG for tutorial_taskflow_api_etl_virtualenv
[2022-05-26 09:50:43,997] {logging_mixin.py:104} INFO - [2022-05-26 09:50:43,997] {dag.py:2306} INFO - Setting next_dagrun for tutorial_taskflow_api_etl_virtualenv to None
[2022-05-26 09:50:44,064] {scheduler_job.py:189} INFO - Processing /home/airflow/.local/lib/python3.6/site-packages/airflow/example_dags/tutorial_taskflow_api_etl_virtualenv.py took 10.085 seconds
[2022-05-26 09:51:50,302] {scheduler_job.py:181} INFO - Started process (PID=479) to work on /home/airflow/.local/lib/python3.6/site-packages/airflow/example_dags/tutorial_taskflow_api_etl_virtualenv.py
[2022-05-26 09:51:50,311] {scheduler_job.py:632} INFO - Processing file /home/airflow/.local/lib/python3.6/site-packages/airflow/example_dags/tutorial_taskflow_api_etl_virtualenv.py for tasks to queue
[2022-05-26 09:51:50,320] {logging_mixin.py:104} INFO - [2022-05-26 09:51:50,318] {dagbag.py:496} INFO - Filling up the DagBag from /home/airflow/.local/lib/python3.6/site-packages/airflow/example_dags/tutorial_taskflow_api_etl_virtualenv.py
[2022-05-26 09:51:50,376] {scheduler_job.py:642} INFO - DAG(s) dict_keys(['tutorial_taskflow_api_etl_virtualenv']) retrieved from /home/airflow/.local/lib/python3.6/site-packages/airflow/example_dags/tutorial_taskflow_api_etl_virtualenv.py
[2022-05-26 09:51:50,462] {logging_mixin.py:104} INFO - [2022-05-26 09:51:50,462] {dag.py:1833} INFO - Sync 1 DAGs
[2022-05-26 09:51:50,522] {logging_mixin.py:104} INFO - [2022-05-26 09:51:50,522] {dag.py:2306} INFO - Setting next_dagrun for tutorial_taskflow_api_etl_virtualenv to None
[2022-05-26 09:51:50,573] {scheduler_job.py:189} INFO - Processing /home/airflow/.local/lib/python3.6/site-packages/airflow/example_dags/tutorial_taskflow_api_etl_virtualenv.py took 0.284 seconds
[2022-05-26 09:52:20,792] {scheduler_job.py:181} INFO - Started process (PID=533) to work on /home/airflow/.local/lib/python3.6/site-packages/airflow/example_dags/tutorial_taskflow_api_etl_virtualenv.py
[2022-05-26 09:52:20,805] {scheduler_job.py:632} INFO - Processing file /home/airflow/.local/lib/python3.6/site-packages/airflow/example_dags/tutorial_taskflow_api_etl_virtualenv.py for tasks to queue
[2022-05-26 09:52:20,810] {logging_mixin.py:104} INFO - [2022-05-26 09:52:20,809] {dagbag.py:496} INFO - Filling up the DagBag from /home/airflow/.local/lib/python3.6/site-packages/airflow/example_dags/tutorial_taskflow_api_etl_virtualenv.py
[2022-05-26 09:52:20,854] {scheduler_job.py:642} INFO - DAG(s) dict_keys(['tutorial_taskflow_api_etl_virtualenv']) retrieved from /home/airflow/.local/lib/python3.6/site-packages/airflow/example_dags/tutorial_taskflow_api_etl_virtualenv.py
[2022-05-26 09:52:21,986] {logging_mixin.py:104} INFO - [2022-05-26 09:52:21,986] {dag.py:1833} INFO - Sync 1 DAGs
[2022-05-26 09:52:22,031] {logging_mixin.py:104} INFO - [2022-05-26 09:52:22,031] {dag.py:2306} INFO - Setting next_dagrun for tutorial_taskflow_api_etl_virtualenv to None
[2022-05-26 09:52:22,066] {scheduler_job.py:189} INFO - Processing /home/airflow/.local/lib/python3.6/site-packages/airflow/example_dags/tutorial_taskflow_api_etl_virtualenv.py took 1.281 seconds
[2022-05-26 09:52:52,445] {scheduler_job.py:181} INFO - Started process (PID=589) to work on /home/airflow/.local/lib/python3.6/site-packages/airflow/example_dags/tutorial_taskflow_api_etl_virtualenv.py
[2022-05-26 09:52:52,457] {scheduler_job.py:632} INFO - Processing file /home/airflow/.local/lib/python3.6/site-packages/airflow/example_dags/tutorial_taskflow_api_etl_virtualenv.py for tasks to queue
[2022-05-26 09:52:52,473] {logging_mixin.py:104} INFO - [2022-05-26 09:52:52,473] {dagbag.py:496} INFO - Filling up the DagBag from /home/airflow/.local/lib/python3.6/site-packages/airflow/example_dags/tutorial_taskflow_api_etl_virtualenv.py
[2022-05-26 09:52:52,523] {scheduler_job.py:642} INFO - DAG(s) dict_keys(['tutorial_taskflow_api_etl_virtualenv']) retrieved from /home/airflow/.local/lib/python3.6/site-packages/airflow/example_dags/tutorial_taskflow_api_etl_virtualenv.py
[2022-05-26 09:52:53,355] {logging_mixin.py:104} INFO - [2022-05-26 09:52:53,354] {dag.py:1833} INFO - Sync 1 DAGs
[2022-05-26 09:52:53,387] {logging_mixin.py:104} INFO - [2022-05-26 09:52:53,387] {dag.py:2306} INFO - Setting next_dagrun for tutorial_taskflow_api_etl_virtualenv to None
[2022-05-26 09:52:53,448] {scheduler_job.py:189} INFO - Processing /home/airflow/.local/lib/python3.6/site-packages/airflow/example_dags/tutorial_taskflow_api_etl_virtualenv.py took 1.020 seconds
[2022-05-26 09:53:24,146] {scheduler_job.py:181} INFO - Started process (PID=643) to work on /home/airflow/.local/lib/python3.6/site-packages/airflow/example_dags/tutorial_taskflow_api_etl_virtualenv.py
[2022-05-26 09:53:24,151] {scheduler_job.py:632} INFO - Processing file /home/airflow/.local/lib/python3.6/site-packages/airflow/example_dags/tutorial_taskflow_api_etl_virtualenv.py for tasks to queue
[2022-05-26 09:53:24,159] {logging_mixin.py:104} INFO - [2022-05-26 09:53:24,159] {dagbag.py:496} INFO - Filling up the DagBag from /home/airflow/.local/lib/python3.6/site-packages/airflow/example_dags/tutorial_taskflow_api_etl_virtualenv.py
[2022-05-26 09:53:24,277] {scheduler_job.py:642} INFO - DAG(s) dict_keys(['tutorial_taskflow_api_etl_virtualenv']) retrieved from /home/airflow/.local/lib/python3.6/site-packages/airflow/example_dags/tutorial_taskflow_api_etl_virtualenv.py
[2022-05-26 09:53:25,202] {logging_mixin.py:104} INFO - [2022-05-26 09:53:25,202] {dag.py:1833} INFO - Sync 1 DAGs
[2022-05-26 09:53:25,250] {logging_mixin.py:104} INFO - [2022-05-26 09:53:25,250] {dag.py:2306} INFO - Setting next_dagrun for tutorial_taskflow_api_etl_virtualenv to None
[2022-05-26 09:53:25,300] {scheduler_job.py:189} INFO - Processing /home/airflow/.local/lib/python3.6/site-packages/airflow/example_dags/tutorial_taskflow_api_etl_virtualenv.py took 1.168 seconds
[2022-05-26 09:53:56,816] {scheduler_job.py:181} INFO - Started process (PID=699) to work on /home/airflow/.local/lib/python3.6/site-packages/airflow/example_dags/tutorial_taskflow_api_etl_virtualenv.py
[2022-05-26 09:53:56,842] {scheduler_job.py:632} INFO - Processing file /home/airflow/.local/lib/python3.6/site-packages/airflow/example_dags/tutorial_taskflow_api_etl_virtualenv.py for tasks to queue
[2022-05-26 09:53:56,859] {logging_mixin.py:104} INFO - [2022-05-26 09:53:56,858] {dagbag.py:496} INFO - Filling up the DagBag from /home/airflow/.local/lib/python3.6/site-packages/airflow/example_dags/tutorial_taskflow_api_etl_virtualenv.py
[2022-05-26 09:53:56,955] {scheduler_job.py:642} INFO - DAG(s) dict_keys(['tutorial_taskflow_api_etl_virtualenv']) retrieved from /home/airflow/.local/lib/python3.6/site-packages/airflow/example_dags/tutorial_taskflow_api_etl_virtualenv.py
[2022-05-26 09:53:58,294] {logging_mixin.py:104} INFO - [2022-05-26 09:53:58,293] {dag.py:1833} INFO - Sync 1 DAGs
[2022-05-26 09:53:58,339] {logging_mixin.py:104} INFO - [2022-05-26 09:53:58,338] {dag.py:2306} INFO - Setting next_dagrun for tutorial_taskflow_api_etl_virtualenv to None
[2022-05-26 09:53:58,392] {scheduler_job.py:189} INFO - Processing /home/airflow/.local/lib/python3.6/site-packages/airflow/example_dags/tutorial_taskflow_api_etl_virtualenv.py took 1.611 seconds
[2022-05-26 09:54:50,904] {scheduler_job.py:181} INFO - Started process (PID=755) to work on /home/airflow/.local/lib/python3.6/site-packages/airflow/example_dags/tutorial_taskflow_api_etl_virtualenv.py
[2022-05-26 09:54:50,919] {scheduler_job.py:632} INFO - Processing file /home/airflow/.local/lib/python3.6/site-packages/airflow/example_dags/tutorial_taskflow_api_etl_virtualenv.py for tasks to queue
[2022-05-26 09:54:50,932] {logging_mixin.py:104} INFO - [2022-05-26 09:54:50,931] {dagbag.py:496} INFO - Filling up the DagBag from /home/airflow/.local/lib/python3.6/site-packages/airflow/example_dags/tutorial_taskflow_api_etl_virtualenv.py
[2022-05-26 09:54:51,056] {scheduler_job.py:642} INFO - DAG(s) dict_keys(['tutorial_taskflow_api_etl_virtualenv']) retrieved from /home/airflow/.local/lib/python3.6/site-packages/airflow/example_dags/tutorial_taskflow_api_etl_virtualenv.py
[2022-05-26 09:54:55,068] {logging_mixin.py:104} INFO - [2022-05-26 09:54:55,068] {dag.py:1833} INFO - Sync 1 DAGs
[2022-05-26 09:54:55,175] {logging_mixin.py:104} INFO - [2022-05-26 09:54:55,174] {dag.py:2306} INFO - Setting next_dagrun for tutorial_taskflow_api_etl_virtualenv to None
[2022-05-26 09:54:55,243] {scheduler_job.py:189} INFO - Processing /home/airflow/.local/lib/python3.6/site-packages/airflow/example_dags/tutorial_taskflow_api_etl_virtualenv.py took 4.374 seconds
[2022-05-26 09:55:25,675] {scheduler_job.py:181} INFO - Started process (PID=813) to work on /home/airflow/.local/lib/python3.6/site-packages/airflow/example_dags/tutorial_taskflow_api_etl_virtualenv.py
[2022-05-26 09:55:25,694] {scheduler_job.py:632} INFO - Processing file /home/airflow/.local/lib/python3.6/site-packages/airflow/example_dags/tutorial_taskflow_api_etl_virtualenv.py for tasks to queue
[2022-05-26 09:55:25,698] {logging_mixin.py:104} INFO - [2022-05-26 09:55:25,697] {dagbag.py:496} INFO - Filling up the DagBag from /home/airflow/.local/lib/python3.6/site-packages/airflow/example_dags/tutorial_taskflow_api_etl_virtualenv.py
[2022-05-26 09:55:25,848] {scheduler_job.py:642} INFO - DAG(s) dict_keys(['tutorial_taskflow_api_etl_virtualenv']) retrieved from /home/airflow/.local/lib/python3.6/site-packages/airflow/example_dags/tutorial_taskflow_api_etl_virtualenv.py
[2022-05-26 09:55:27,150] {logging_mixin.py:104} INFO - [2022-05-26 09:55:27,150] {dag.py:1833} INFO - Sync 1 DAGs
[2022-05-26 09:55:27,180] {logging_mixin.py:104} INFO - [2022-05-26 09:55:27,179] {dag.py:2306} INFO - Setting next_dagrun for tutorial_taskflow_api_etl_virtualenv to None
[2022-05-26 09:55:27,206] {scheduler_job.py:189} INFO - Processing /home/airflow/.local/lib/python3.6/site-packages/airflow/example_dags/tutorial_taskflow_api_etl_virtualenv.py took 1.561 seconds
[2022-05-26 09:56:21,141] {scheduler_job.py:181} INFO - Started process (PID=876) to work on /home/airflow/.local/lib/python3.6/site-packages/airflow/example_dags/tutorial_taskflow_api_etl_virtualenv.py
[2022-05-26 09:56:21,228] {scheduler_job.py:632} INFO - Processing file /home/airflow/.local/lib/python3.6/site-packages/airflow/example_dags/tutorial_taskflow_api_etl_virtualenv.py for tasks to queue
[2022-05-26 09:56:21,295] {logging_mixin.py:104} INFO - [2022-05-26 09:56:21,293] {dagbag.py:496} INFO - Filling up the DagBag from /home/airflow/.local/lib/python3.6/site-packages/airflow/example_dags/tutorial_taskflow_api_etl_virtualenv.py
[2022-05-26 09:56:22,107] {scheduler_job.py:642} INFO - DAG(s) dict_keys(['tutorial_taskflow_api_etl_virtualenv']) retrieved from /home/airflow/.local/lib/python3.6/site-packages/airflow/example_dags/tutorial_taskflow_api_etl_virtualenv.py
[2022-05-26 09:56:31,496] {logging_mixin.py:104} INFO - [2022-05-26 09:56:31,495] {dag.py:1833} INFO - Sync 1 DAGs
[2022-05-26 09:56:32,226] {logging_mixin.py:104} INFO - [2022-05-26 09:56:32,000] {dag.py:2306} INFO - Setting next_dagrun for tutorial_taskflow_api_etl_virtualenv to None
[2022-05-26 09:56:33,417] {scheduler_job.py:189} INFO - Processing /home/airflow/.local/lib/python3.6/site-packages/airflow/example_dags/tutorial_taskflow_api_etl_virtualenv.py took 12.451 seconds
[2022-05-26 09:57:20,198] {scheduler_job.py:181} INFO - Started process (PID=943) to work on /home/airflow/.local/lib/python3.6/site-packages/airflow/example_dags/tutorial_taskflow_api_etl_virtualenv.py
[2022-05-26 09:57:20,222] {scheduler_job.py:632} INFO - Processing file /home/airflow/.local/lib/python3.6/site-packages/airflow/example_dags/tutorial_taskflow_api_etl_virtualenv.py for tasks to queue
[2022-05-26 09:57:20,250] {logging_mixin.py:104} INFO - [2022-05-26 09:57:20,249] {dagbag.py:496} INFO - Filling up the DagBag from /home/airflow/.local/lib/python3.6/site-packages/airflow/example_dags/tutorial_taskflow_api_etl_virtualenv.py
[2022-05-26 09:57:20,505] {scheduler_job.py:642} INFO - DAG(s) dict_keys(['tutorial_taskflow_api_etl_virtualenv']) retrieved from /home/airflow/.local/lib/python3.6/site-packages/airflow/example_dags/tutorial_taskflow_api_etl_virtualenv.py
[2022-05-26 09:57:35,059] {logging_mixin.py:104} INFO - [2022-05-26 09:57:35,043] {dag.py:1833} INFO - Sync 1 DAGs
[2022-05-26 09:57:36,607] {logging_mixin.py:104} INFO - [2022-05-26 09:57:36,607] {dag.py:2306} INFO - Setting next_dagrun for tutorial_taskflow_api_etl_virtualenv to None
[2022-05-26 09:57:36,779] {scheduler_job.py:189} INFO - Processing /home/airflow/.local/lib/python3.6/site-packages/airflow/example_dags/tutorial_taskflow_api_etl_virtualenv.py took 16.658 seconds
[2022-05-26 09:58:35,050] {scheduler_job.py:181} INFO - Started process (PID=1021) to work on /home/airflow/.local/lib/python3.6/site-packages/airflow/example_dags/tutorial_taskflow_api_etl_virtualenv.py
[2022-05-26 09:58:35,070] {scheduler_job.py:632} INFO - Processing file /home/airflow/.local/lib/python3.6/site-packages/airflow/example_dags/tutorial_taskflow_api_etl_virtualenv.py for tasks to queue
[2022-05-26 09:58:35,076] {logging_mixin.py:104} INFO - [2022-05-26 09:58:35,075] {dagbag.py:496} INFO - Filling up the DagBag from /home/airflow/.local/lib/python3.6/site-packages/airflow/example_dags/tutorial_taskflow_api_etl_virtualenv.py
[2022-05-26 09:58:35,349] {scheduler_job.py:642} INFO - DAG(s) dict_keys(['tutorial_taskflow_api_etl_virtualenv']) retrieved from /home/airflow/.local/lib/python3.6/site-packages/airflow/example_dags/tutorial_taskflow_api_etl_virtualenv.py
[2022-05-26 09:58:52,716] {logging_mixin.py:104} INFO - [2022-05-26 09:58:52,715] {dag.py:1833} INFO - Sync 1 DAGs
[2022-05-26 09:58:52,857] {logging_mixin.py:104} INFO - [2022-05-26 09:58:52,857] {dag.py:2306} INFO - Setting next_dagrun for tutorial_taskflow_api_etl_virtualenv to None
[2022-05-26 09:58:53,038] {scheduler_job.py:189} INFO - Processing /home/airflow/.local/lib/python3.6/site-packages/airflow/example_dags/tutorial_taskflow_api_etl_virtualenv.py took 18.066 seconds
[2022-05-26 10:01:26,509] {scheduler_job.py:181} INFO - Started process (PID=1143) to work on /home/airflow/.local/lib/python3.6/site-packages/airflow/example_dags/tutorial_taskflow_api_etl_virtualenv.py
[2022-05-26 10:01:26,773] {scheduler_job.py:632} INFO - Processing file /home/airflow/.local/lib/python3.6/site-packages/airflow/example_dags/tutorial_taskflow_api_etl_virtualenv.py for tasks to queue
[2022-05-26 10:01:26,878] {logging_mixin.py:104} INFO - [2022-05-26 10:01:26,877] {dagbag.py:496} INFO - Filling up the DagBag from /home/airflow/.local/lib/python3.6/site-packages/airflow/example_dags/tutorial_taskflow_api_etl_virtualenv.py
[2022-05-26 10:01:27,735] {scheduler_job.py:642} INFO - DAG(s) dict_keys(['tutorial_taskflow_api_etl_virtualenv']) retrieved from /home/airflow/.local/lib/python3.6/site-packages/airflow/example_dags/tutorial_taskflow_api_etl_virtualenv.py
[2022-05-26 10:01:47,126] {logging_mixin.py:104} INFO - [2022-05-26 10:01:47,114] {dag.py:1833} INFO - Sync 1 DAGs
[2022-05-26 10:01:48,305] {logging_mixin.py:104} INFO - [2022-05-26 10:01:48,305] {dag.py:2306} INFO - Setting next_dagrun for tutorial_taskflow_api_etl_virtualenv to None
[2022-05-26 10:01:48,530] {scheduler_job.py:189} INFO - Processing /home/airflow/.local/lib/python3.6/site-packages/airflow/example_dags/tutorial_taskflow_api_etl_virtualenv.py took 22.225 seconds
[2022-05-26 10:04:29,270] {scheduler_job.py:181} INFO - Started process (PID=1284) to work on /home/airflow/.local/lib/python3.6/site-packages/airflow/example_dags/tutorial_taskflow_api_etl_virtualenv.py
[2022-05-26 10:04:29,327] {scheduler_job.py:632} INFO - Processing file /home/airflow/.local/lib/python3.6/site-packages/airflow/example_dags/tutorial_taskflow_api_etl_virtualenv.py for tasks to queue
[2022-05-26 10:04:29,382] {logging_mixin.py:104} INFO - [2022-05-26 10:04:29,381] {dagbag.py:496} INFO - Filling up the DagBag from /home/airflow/.local/lib/python3.6/site-packages/airflow/example_dags/tutorial_taskflow_api_etl_virtualenv.py
[2022-05-26 10:04:29,966] {scheduler_job.py:642} INFO - DAG(s) dict_keys(['tutorial_taskflow_api_etl_virtualenv']) retrieved from /home/airflow/.local/lib/python3.6/site-packages/airflow/example_dags/tutorial_taskflow_api_etl_virtualenv.py
[2022-05-26 10:04:38,305] {logging_mixin.py:104} INFO - [2022-05-26 10:04:38,305] {dag.py:1833} INFO - Sync 1 DAGs
[2022-05-26 10:04:38,566] {logging_mixin.py:104} INFO - [2022-05-26 10:04:38,566] {dag.py:2306} INFO - Setting next_dagrun for tutorial_taskflow_api_etl_virtualenv to None
[2022-05-26 10:04:38,987] {scheduler_job.py:189} INFO - Processing /home/airflow/.local/lib/python3.6/site-packages/airflow/example_dags/tutorial_taskflow_api_etl_virtualenv.py took 9.867 seconds
