[2022-05-26 09:50:44,236] {scheduler_job.py:181} INFO - Started process (PID=401) to work on /home/airflow/.local/lib/python3.6/site-packages/airflow/example_dags/tutorial_etl_dag.py
[2022-05-26 09:50:44,241] {scheduler_job.py:632} INFO - Processing file /home/airflow/.local/lib/python3.6/site-packages/airflow/example_dags/tutorial_etl_dag.py for tasks to queue
[2022-05-26 09:50:44,244] {logging_mixin.py:104} INFO - [2022-05-26 09:50:44,244] {dagbag.py:496} INFO - Filling up the DagBag from /home/airflow/.local/lib/python3.6/site-packages/airflow/example_dags/tutorial_etl_dag.py
[2022-05-26 09:50:44,291] {scheduler_job.py:642} INFO - DAG(s) dict_keys(['tutorial_etl_dag']) retrieved from /home/airflow/.local/lib/python3.6/site-packages/airflow/example_dags/tutorial_etl_dag.py
[2022-05-26 09:50:52,015] {logging_mixin.py:104} INFO - [2022-05-26 09:50:52,015] {opentelemetry_tracing.py:29} INFO - This service is instrumented using OpenTelemetry. OpenTelemetry could not be imported; please add opentelemetry-api and opentelemetry-instrumentation packages in order to get BigQuery Tracing data.
[2022-05-26 09:50:53,081] {logging_mixin.py:104} INFO - [2022-05-26 09:50:53,078] {dag.py:1833} INFO - Sync 1 DAGs
[2022-05-26 09:50:53,112] {logging_mixin.py:104} INFO - [2022-05-26 09:50:53,110] {dag.py:1852} INFO - Creating ORM DAG for tutorial_etl_dag
[2022-05-26 09:50:53,130] {logging_mixin.py:104} INFO - [2022-05-26 09:50:53,130] {dag.py:2306} INFO - Setting next_dagrun for tutorial_etl_dag to None
[2022-05-26 09:50:53,184] {scheduler_job.py:189} INFO - Processing /home/airflow/.local/lib/python3.6/site-packages/airflow/example_dags/tutorial_etl_dag.py took 8.969 seconds
[2022-05-26 09:51:50,919] {scheduler_job.py:181} INFO - Started process (PID=481) to work on /home/airflow/.local/lib/python3.6/site-packages/airflow/example_dags/tutorial_etl_dag.py
[2022-05-26 09:51:50,946] {scheduler_job.py:632} INFO - Processing file /home/airflow/.local/lib/python3.6/site-packages/airflow/example_dags/tutorial_etl_dag.py for tasks to queue
[2022-05-26 09:51:50,956] {logging_mixin.py:104} INFO - [2022-05-26 09:51:50,956] {dagbag.py:496} INFO - Filling up the DagBag from /home/airflow/.local/lib/python3.6/site-packages/airflow/example_dags/tutorial_etl_dag.py
[2022-05-26 09:51:51,048] {scheduler_job.py:642} INFO - DAG(s) dict_keys(['tutorial_etl_dag']) retrieved from /home/airflow/.local/lib/python3.6/site-packages/airflow/example_dags/tutorial_etl_dag.py
[2022-05-26 09:51:51,106] {logging_mixin.py:104} INFO - [2022-05-26 09:51:51,105] {dag.py:1833} INFO - Sync 1 DAGs
[2022-05-26 09:51:51,149] {logging_mixin.py:104} INFO - [2022-05-26 09:51:51,149] {dag.py:2306} INFO - Setting next_dagrun for tutorial_etl_dag to None
[2022-05-26 09:51:51,182] {scheduler_job.py:189} INFO - Processing /home/airflow/.local/lib/python3.6/site-packages/airflow/example_dags/tutorial_etl_dag.py took 0.275 seconds
[2022-05-26 09:52:22,184] {scheduler_job.py:181} INFO - Started process (PID=535) to work on /home/airflow/.local/lib/python3.6/site-packages/airflow/example_dags/tutorial_etl_dag.py
[2022-05-26 09:52:22,190] {scheduler_job.py:632} INFO - Processing file /home/airflow/.local/lib/python3.6/site-packages/airflow/example_dags/tutorial_etl_dag.py for tasks to queue
[2022-05-26 09:52:22,192] {logging_mixin.py:104} INFO - [2022-05-26 09:52:22,192] {dagbag.py:496} INFO - Filling up the DagBag from /home/airflow/.local/lib/python3.6/site-packages/airflow/example_dags/tutorial_etl_dag.py
[2022-05-26 09:52:22,227] {scheduler_job.py:642} INFO - DAG(s) dict_keys(['tutorial_etl_dag']) retrieved from /home/airflow/.local/lib/python3.6/site-packages/airflow/example_dags/tutorial_etl_dag.py
[2022-05-26 09:52:22,345] {logging_mixin.py:104} INFO - [2022-05-26 09:52:22,345] {dag.py:1833} INFO - Sync 1 DAGs
[2022-05-26 09:52:22,391] {logging_mixin.py:104} INFO - [2022-05-26 09:52:22,390] {dag.py:2306} INFO - Setting next_dagrun for tutorial_etl_dag to None
[2022-05-26 09:52:22,416] {scheduler_job.py:189} INFO - Processing /home/airflow/.local/lib/python3.6/site-packages/airflow/example_dags/tutorial_etl_dag.py took 0.254 seconds
[2022-05-26 09:52:53,788] {scheduler_job.py:181} INFO - Started process (PID=591) to work on /home/airflow/.local/lib/python3.6/site-packages/airflow/example_dags/tutorial_etl_dag.py
[2022-05-26 09:52:53,793] {scheduler_job.py:632} INFO - Processing file /home/airflow/.local/lib/python3.6/site-packages/airflow/example_dags/tutorial_etl_dag.py for tasks to queue
[2022-05-26 09:52:53,802] {logging_mixin.py:104} INFO - [2022-05-26 09:52:53,800] {dagbag.py:496} INFO - Filling up the DagBag from /home/airflow/.local/lib/python3.6/site-packages/airflow/example_dags/tutorial_etl_dag.py
[2022-05-26 09:52:53,846] {scheduler_job.py:642} INFO - DAG(s) dict_keys(['tutorial_etl_dag']) retrieved from /home/airflow/.local/lib/python3.6/site-packages/airflow/example_dags/tutorial_etl_dag.py
[2022-05-26 09:52:53,975] {logging_mixin.py:104} INFO - [2022-05-26 09:52:53,974] {dag.py:1833} INFO - Sync 1 DAGs
[2022-05-26 09:52:54,012] {logging_mixin.py:104} INFO - [2022-05-26 09:52:54,011] {dag.py:2306} INFO - Setting next_dagrun for tutorial_etl_dag to None
[2022-05-26 09:52:54,049] {scheduler_job.py:189} INFO - Processing /home/airflow/.local/lib/python3.6/site-packages/airflow/example_dags/tutorial_etl_dag.py took 0.273 seconds
[2022-05-26 09:53:24,833] {scheduler_job.py:181} INFO - Started process (PID=645) to work on /home/airflow/.local/lib/python3.6/site-packages/airflow/example_dags/tutorial_etl_dag.py
[2022-05-26 09:53:24,840] {scheduler_job.py:632} INFO - Processing file /home/airflow/.local/lib/python3.6/site-packages/airflow/example_dags/tutorial_etl_dag.py for tasks to queue
[2022-05-26 09:53:24,850] {logging_mixin.py:104} INFO - [2022-05-26 09:53:24,850] {dagbag.py:496} INFO - Filling up the DagBag from /home/airflow/.local/lib/python3.6/site-packages/airflow/example_dags/tutorial_etl_dag.py
[2022-05-26 09:53:24,895] {scheduler_job.py:642} INFO - DAG(s) dict_keys(['tutorial_etl_dag']) retrieved from /home/airflow/.local/lib/python3.6/site-packages/airflow/example_dags/tutorial_etl_dag.py
[2022-05-26 09:53:24,972] {logging_mixin.py:104} INFO - [2022-05-26 09:53:24,972] {dag.py:1833} INFO - Sync 1 DAGs
[2022-05-26 09:53:25,001] {logging_mixin.py:104} INFO - [2022-05-26 09:53:25,000] {dag.py:2306} INFO - Setting next_dagrun for tutorial_etl_dag to None
[2022-05-26 09:53:25,026] {scheduler_job.py:189} INFO - Processing /home/airflow/.local/lib/python3.6/site-packages/airflow/example_dags/tutorial_etl_dag.py took 0.204 seconds
[2022-05-26 09:54:03,427] {scheduler_job.py:181} INFO - Started process (PID=701) to work on /home/airflow/.local/lib/python3.6/site-packages/airflow/example_dags/tutorial_etl_dag.py
[2022-05-26 09:54:03,454] {scheduler_job.py:632} INFO - Processing file /home/airflow/.local/lib/python3.6/site-packages/airflow/example_dags/tutorial_etl_dag.py for tasks to queue
[2022-05-26 09:54:03,477] {logging_mixin.py:104} INFO - [2022-05-26 09:54:03,477] {dagbag.py:496} INFO - Filling up the DagBag from /home/airflow/.local/lib/python3.6/site-packages/airflow/example_dags/tutorial_etl_dag.py
[2022-05-26 09:54:03,695] {scheduler_job.py:642} INFO - DAG(s) dict_keys(['tutorial_etl_dag']) retrieved from /home/airflow/.local/lib/python3.6/site-packages/airflow/example_dags/tutorial_etl_dag.py
[2022-05-26 09:54:03,827] {logging_mixin.py:104} INFO - [2022-05-26 09:54:03,827] {dag.py:1833} INFO - Sync 1 DAGs
[2022-05-26 09:54:04,012] {logging_mixin.py:104} INFO - [2022-05-26 09:54:04,011] {dag.py:2306} INFO - Setting next_dagrun for tutorial_etl_dag to None
[2022-05-26 09:54:04,446] {scheduler_job.py:189} INFO - Processing /home/airflow/.local/lib/python3.6/site-packages/airflow/example_dags/tutorial_etl_dag.py took 1.080 seconds
[2022-05-26 09:54:52,238] {scheduler_job.py:181} INFO - Started process (PID=757) to work on /home/airflow/.local/lib/python3.6/site-packages/airflow/example_dags/tutorial_etl_dag.py
[2022-05-26 09:54:52,272] {scheduler_job.py:632} INFO - Processing file /home/airflow/.local/lib/python3.6/site-packages/airflow/example_dags/tutorial_etl_dag.py for tasks to queue
[2022-05-26 09:54:52,290] {logging_mixin.py:104} INFO - [2022-05-26 09:54:52,290] {dagbag.py:496} INFO - Filling up the DagBag from /home/airflow/.local/lib/python3.6/site-packages/airflow/example_dags/tutorial_etl_dag.py
[2022-05-26 09:54:52,645] {scheduler_job.py:642} INFO - DAG(s) dict_keys(['tutorial_etl_dag']) retrieved from /home/airflow/.local/lib/python3.6/site-packages/airflow/example_dags/tutorial_etl_dag.py
[2022-05-26 09:54:53,262] {logging_mixin.py:104} INFO - [2022-05-26 09:54:53,262] {dag.py:1833} INFO - Sync 1 DAGs
[2022-05-26 09:54:53,510] {logging_mixin.py:104} INFO - [2022-05-26 09:54:53,509] {dag.py:2306} INFO - Setting next_dagrun for tutorial_etl_dag to None
[2022-05-26 09:54:53,595] {scheduler_job.py:189} INFO - Processing /home/airflow/.local/lib/python3.6/site-packages/airflow/example_dags/tutorial_etl_dag.py took 1.407 seconds
[2022-05-26 09:55:23,785] {scheduler_job.py:181} INFO - Started process (PID=811) to work on /home/airflow/.local/lib/python3.6/site-packages/airflow/example_dags/tutorial_etl_dag.py
[2022-05-26 09:55:23,804] {scheduler_job.py:632} INFO - Processing file /home/airflow/.local/lib/python3.6/site-packages/airflow/example_dags/tutorial_etl_dag.py for tasks to queue
[2022-05-26 09:55:23,809] {logging_mixin.py:104} INFO - [2022-05-26 09:55:23,809] {dagbag.py:496} INFO - Filling up the DagBag from /home/airflow/.local/lib/python3.6/site-packages/airflow/example_dags/tutorial_etl_dag.py
[2022-05-26 09:55:23,880] {scheduler_job.py:642} INFO - DAG(s) dict_keys(['tutorial_etl_dag']) retrieved from /home/airflow/.local/lib/python3.6/site-packages/airflow/example_dags/tutorial_etl_dag.py
[2022-05-26 09:55:23,953] {logging_mixin.py:104} INFO - [2022-05-26 09:55:23,953] {dag.py:1833} INFO - Sync 1 DAGs
[2022-05-26 09:55:23,981] {logging_mixin.py:104} INFO - [2022-05-26 09:55:23,981] {dag.py:2306} INFO - Setting next_dagrun for tutorial_etl_dag to None
[2022-05-26 09:55:24,013] {scheduler_job.py:189} INFO - Processing /home/airflow/.local/lib/python3.6/site-packages/airflow/example_dags/tutorial_etl_dag.py took 0.243 seconds
[2022-05-26 09:56:23,898] {scheduler_job.py:181} INFO - Started process (PID=878) to work on /home/airflow/.local/lib/python3.6/site-packages/airflow/example_dags/tutorial_etl_dag.py
[2022-05-26 09:56:23,911] {scheduler_job.py:632} INFO - Processing file /home/airflow/.local/lib/python3.6/site-packages/airflow/example_dags/tutorial_etl_dag.py for tasks to queue
[2022-05-26 09:56:23,923] {logging_mixin.py:104} INFO - [2022-05-26 09:56:23,922] {dagbag.py:496} INFO - Filling up the DagBag from /home/airflow/.local/lib/python3.6/site-packages/airflow/example_dags/tutorial_etl_dag.py
[2022-05-26 09:56:24,130] {scheduler_job.py:642} INFO - DAG(s) dict_keys(['tutorial_etl_dag']) retrieved from /home/airflow/.local/lib/python3.6/site-packages/airflow/example_dags/tutorial_etl_dag.py
[2022-05-26 09:56:24,443] {logging_mixin.py:104} INFO - [2022-05-26 09:56:24,443] {dag.py:1833} INFO - Sync 1 DAGs
[2022-05-26 09:56:24,693] {logging_mixin.py:104} INFO - [2022-05-26 09:56:24,692] {dag.py:2306} INFO - Setting next_dagrun for tutorial_etl_dag to None
[2022-05-26 09:56:24,852] {scheduler_job.py:189} INFO - Processing /home/airflow/.local/lib/python3.6/site-packages/airflow/example_dags/tutorial_etl_dag.py took 1.003 seconds
[2022-05-26 09:57:22,023] {scheduler_job.py:181} INFO - Started process (PID=946) to work on /home/airflow/.local/lib/python3.6/site-packages/airflow/example_dags/tutorial_etl_dag.py
[2022-05-26 09:57:22,059] {scheduler_job.py:632} INFO - Processing file /home/airflow/.local/lib/python3.6/site-packages/airflow/example_dags/tutorial_etl_dag.py for tasks to queue
[2022-05-26 09:57:22,078] {logging_mixin.py:104} INFO - [2022-05-26 09:57:22,078] {dagbag.py:496} INFO - Filling up the DagBag from /home/airflow/.local/lib/python3.6/site-packages/airflow/example_dags/tutorial_etl_dag.py
[2022-05-26 09:57:22,576] {scheduler_job.py:642} INFO - DAG(s) dict_keys(['tutorial_etl_dag']) retrieved from /home/airflow/.local/lib/python3.6/site-packages/airflow/example_dags/tutorial_etl_dag.py
[2022-05-26 09:57:26,262] {logging_mixin.py:104} INFO - [2022-05-26 09:57:26,262] {dag.py:1833} INFO - Sync 1 DAGs
[2022-05-26 09:57:27,256] {logging_mixin.py:104} INFO - [2022-05-26 09:57:27,256] {dag.py:2306} INFO - Setting next_dagrun for tutorial_etl_dag to None
[2022-05-26 09:57:30,378] {scheduler_job.py:189} INFO - Processing /home/airflow/.local/lib/python3.6/site-packages/airflow/example_dags/tutorial_etl_dag.py took 8.472 seconds
[2022-05-26 09:58:37,610] {scheduler_job.py:181} INFO - Started process (PID=1023) to work on /home/airflow/.local/lib/python3.6/site-packages/airflow/example_dags/tutorial_etl_dag.py
[2022-05-26 09:58:37,676] {scheduler_job.py:632} INFO - Processing file /home/airflow/.local/lib/python3.6/site-packages/airflow/example_dags/tutorial_etl_dag.py for tasks to queue
[2022-05-26 09:58:37,685] {logging_mixin.py:104} INFO - [2022-05-26 09:58:37,685] {dagbag.py:496} INFO - Filling up the DagBag from /home/airflow/.local/lib/python3.6/site-packages/airflow/example_dags/tutorial_etl_dag.py
[2022-05-26 09:58:38,101] {scheduler_job.py:642} INFO - DAG(s) dict_keys(['tutorial_etl_dag']) retrieved from /home/airflow/.local/lib/python3.6/site-packages/airflow/example_dags/tutorial_etl_dag.py
[2022-05-26 09:58:40,084] {logging_mixin.py:104} INFO - [2022-05-26 09:58:40,084] {dag.py:1833} INFO - Sync 1 DAGs
[2022-05-26 09:58:44,527] {logging_mixin.py:104} INFO - [2022-05-26 09:58:44,527] {dag.py:2306} INFO - Setting next_dagrun for tutorial_etl_dag to None
[2022-05-26 09:58:45,095] {scheduler_job.py:189} INFO - Processing /home/airflow/.local/lib/python3.6/site-packages/airflow/example_dags/tutorial_etl_dag.py took 7.728 seconds
[2022-05-26 10:00:07,315] {scheduler_job.py:181} INFO - Started process (PID=1094) to work on /home/airflow/.local/lib/python3.6/site-packages/airflow/example_dags/tutorial_etl_dag.py
[2022-05-26 10:00:07,326] {scheduler_job.py:632} INFO - Processing file /home/airflow/.local/lib/python3.6/site-packages/airflow/example_dags/tutorial_etl_dag.py for tasks to queue
[2022-05-26 10:00:07,364] {logging_mixin.py:104} INFO - [2022-05-26 10:00:07,349] {dagbag.py:496} INFO - Filling up the DagBag from /home/airflow/.local/lib/python3.6/site-packages/airflow/example_dags/tutorial_etl_dag.py
[2022-05-26 10:00:07,524] {scheduler_job.py:642} INFO - DAG(s) dict_keys(['tutorial_etl_dag']) retrieved from /home/airflow/.local/lib/python3.6/site-packages/airflow/example_dags/tutorial_etl_dag.py
[2022-05-26 10:00:07,846] {logging_mixin.py:104} INFO - [2022-05-26 10:00:07,846] {dag.py:1833} INFO - Sync 1 DAGs
[2022-05-26 10:00:08,014] {logging_mixin.py:104} INFO - [2022-05-26 10:00:07,999] {dag.py:2306} INFO - Setting next_dagrun for tutorial_etl_dag to None
[2022-05-26 10:00:08,134] {scheduler_job.py:189} INFO - Processing /home/airflow/.local/lib/python3.6/site-packages/airflow/example_dags/tutorial_etl_dag.py took 0.864 seconds
[2022-05-26 10:04:36,660] {scheduler_job.py:181} INFO - Started process (PID=1294) to work on /home/airflow/.local/lib/python3.6/site-packages/airflow/example_dags/tutorial_etl_dag.py
[2022-05-26 10:04:36,821] {scheduler_job.py:632} INFO - Processing file /home/airflow/.local/lib/python3.6/site-packages/airflow/example_dags/tutorial_etl_dag.py for tasks to queue
[2022-05-26 10:04:36,842] {logging_mixin.py:104} INFO - [2022-05-26 10:04:36,842] {dagbag.py:496} INFO - Filling up the DagBag from /home/airflow/.local/lib/python3.6/site-packages/airflow/example_dags/tutorial_etl_dag.py
[2022-05-26 10:04:37,259] {scheduler_job.py:642} INFO - DAG(s) dict_keys(['tutorial_etl_dag']) retrieved from /home/airflow/.local/lib/python3.6/site-packages/airflow/example_dags/tutorial_etl_dag.py
[2022-05-26 10:04:37,846] {logging_mixin.py:104} INFO - [2022-05-26 10:04:37,846] {dag.py:1833} INFO - Sync 1 DAGs
[2022-05-26 10:04:38,277] {logging_mixin.py:104} INFO - [2022-05-26 10:04:38,277] {dag.py:2306} INFO - Setting next_dagrun for tutorial_etl_dag to None
[2022-05-26 10:04:38,518] {scheduler_job.py:189} INFO - Processing /home/airflow/.local/lib/python3.6/site-packages/airflow/example_dags/tutorial_etl_dag.py took 2.008 seconds
